/home/panav/coding_stuff/Final_Captcha/src/dataset.py:19: UserWarning: Argument(s) 'always' are not valid for transform Normalize
  albumentations.Normalize(always=True)
/home/panav/miniconda3/lib/python3.12/site-packages/torch/optim/lr_scheduler.py:62: UserWarning: The verbose parameter is deprecated. Please use get_last_lr() to access the learning rate.
  warnings.warn(
6282
[[27 56 56 33 43]
 [47 33 35 37 18]
 [ 9 52  4 40 51]
 ...
 [51  9 37 37 43]
 [13  3 31 19 48]
 [19  8 32 40 29]]
60
[('XmDPi', '°°°°°°°°°°°°°°°°°°°'),
 ('Nx9uZ', '°°°°°°°°°°°°°°°°°°°'),
 ('WsZMP', '°°°°°°°°°°°°°°°°°°°'),
 ('z3K8z', '°°°°°°°°°°°°°°°°°°°'),
 ('QR2EH', '°°°°°°°°°°°°°°°°°°°')]
'Epoch 0, train_loss=4.760530376029656, valid_loss=4.434736336333843'
[('ijf8Q', '°°°°°°°°°°°°°°°°°°°'),
 ('O1IbZ', '°°°°°°°°°°°°°°°°°°°'),
 ('HtH4F', '°°°°°°°°°°°°°°°°°°°'),
 ('lySWq', '°°°°°°°°°°°°°°°°°°°'),
 ('ckzvi', '°°°°°°°°°°°°°°°°°°°')]
'Epoch 1, train_loss=4.419186136172887, valid_loss=4.421575842024405'
[('pn7S5', '°°°°°°°°°°°°°°°°°°°'),
 ('iwFlB', '°°°°°°°°°°°°°°°°°°°'),
 ('2FFcB', '°°°°°°°°°°°°°°°°°°°'),
 ('K8F9j', '°°°°°°°°°°°°°°°°°°°'),
 ('l3dzg', '°°°°°°°°°°°°°°°°°°°')]
'Epoch 2, train_loss=4.417471711672684, valid_loss=4.429596526713311'
[('DOfex', '°°°°°°°°°°°°°°°°°°°'),
 ('J8yGF', '°°°°°°°°°°°°°°°°°°°'),
 ('B2FRP', '°°°°°°°°°°°°°°°°°°°'),
 ('bzEQM', '°°°°°°°°°°°°°°°°°°°'),
 ('EYuXc', '°°°°°°°°°°°°°°°°°°°')]
'Epoch 3, train_loss=4.417375430359361, valid_loss=4.424258552020109'
[('SjAjY', '°°°°°°°°°°°°°°°°°°°'),
 ('hyHx9', '°°°°°°°°°°°°°°°°°°°'),
 ('l35dj', '°°°°°°°°°°°°°°°°°°°'),
 ('bGvIT', '°°°°°°°°°°°°°°°°°°°'),
 ('2LEi3', '°°°°°°°°°°°°°°°°°°°')]
'Epoch 4, train_loss=4.41727488381522, valid_loss=4.429360305206685'
[('JKIa5', '°°°°°°°°°°°°°°°°°°°'),
 ('bGvIT', '°°°°°°°°°°°°°°°°°°°'),
 ('IPnAd', '°°°°°°°°°°°°°°°°°°°'),
 ('JLZKy', '°°°°°°°°°°°°°°°°°°°'),
 ('OOKnU', '°°°°°°°°°°°°°°°°°°°')]
'Epoch 5, train_loss=4.4169603136000575, valid_loss=4.428524107872685'
[('81ZCM', '°°°°°°°°°°°°°°°°°°°'),
 ('xTnvW', '°°°°°°°°°°°°°°°°°°°'),
 ('SaNcQ', '°°°°°°°°°°°°°°°°°°°'),
 ('MFJ3q', '°°°°°°°°°°°°°°°°°°°'),
 ('ckzvi', '°°°°°°°°°°°°°°°°°°°')]
'Epoch 6, train_loss=4.414603445789601, valid_loss=4.4205299872386306'
[('mM9Qa', '°°°°°°°°°°°°°°°°°°°'),
 ('Nx9uZ', '°°°°°°°°°°°°°°°°°°°'),
 ('KCnKr', '°°°°°°°°°°°°°°°°°°°'),
 ('M2ird', '°°°°°°°°°°°°°°°°°°°'),
 ('XXfhd', '°°°°°°°°°°°°°°°°°°°')]
'Epoch 7, train_loss=4.414428197005513, valid_loss=4.423241886911513'
[('OLln8', '°°°°°°°°°°°°°°°°°°°'),
 ('pxNOL', '°°°°°°°°°°°°°°°°°°°'),
 ('rbHag', '°°°°°°°°°°°°°°°°°°°'),
 ('JUpsM', '°°°°°°°°°°°°°°°°°°°'),
 ('8ZRxx', '°°°°°°°°°°°°°°°°°°°')]
'Epoch 8, train_loss=4.414502736028215, valid_loss=4.42361536508874'
[('TNit3', '°°°°°°°°°°°°°°°°°°°'),
 ('htYEL', '°°°°°°°°°°°°°°°°°°°'),
 ('K3AKT', '°°°°°°°°°°°°°°°°°°°'),
 ('QBxkL', '°°°°°°°°°°°°°°°°°°°'),
 ('NW4NC', '°°°°°°°°°°°°°°°°°°°')]
'Epoch 9, train_loss=4.414185990032752, valid_loss=4.428748052331466'
[('iwFlB', '°°°°°°°°°°°°°°°°°°°'),
 ('Hw3Vw', '°°°°°°°°°°°°°°°°°°°'),
 ('PLvsE', '°°°°°°°°°°°°°°°°°°°'),
 ('YmcDl', '°°°°°°°°°°°°°°°°°°°'),
 ('e3pbh', '°°°°°°°°°°°°°°°°°°°')]
'Epoch 10, train_loss=4.414114795614672, valid_loss=4.425745583787749'
[('MHEab', '°°°°°°°°°°°°°°°°°°°'),
 ('kaZJb', '°°°°°°°°°°°°°°°°°°°'),
 ('8DjpJ', '°°°°°°°°°°°°°°°°°°°'),
 ('Jiit3', '°°°°°°°°°°°°°°°°°°°'),
 ('6WuK1', '°°°°°°°°°°°°°°°°°°°')]
'Epoch 11, train_loss=4.413134294992795, valid_loss=4.42144901541215'
[('Gkrcz', '°°°°°°°°°°°°°°°°°°°'),
 ('akA1s', '°°°°°°°°°°°°°°°°°°°'),
 ('A4lca', '°°°°°°°°°°°°°°°°°°°'),
 ('Y4Q5U', '°°°°°°°°°°°°°°°°°°°'),
 ('sXR1M', '°°°°°°°°°°°°°°°°°°°')]
'Epoch 12, train_loss=4.412909138826535, valid_loss=4.4220821646195425'
[('hKjwU', '°°°°°°°°°°°°°°°°°°°'),
 ('mT2yB', '°°°°°°°°°°°°°°°°°°°'),
 ('WsZMP', '°°°°°°°°°°°°°°°°°°°'),
 ('CPANg', '°°°°°°°°°°°°°°°°°°°'),
 ('giD64', '°°°°°°°°°°°°°°°°°°°')]
'Epoch 13, train_loss=4.413059413348768, valid_loss=4.422505541692806'
[('SzSJC', '°°°°°°°°°°°°°°°°°°°'),
 ('fffBA', '°°°°°°°°°°°°°°°°°°°'),
 ('rSX6W', '°°°°°°°°°°°°°°°°°°°'),
 ('5wIh3', '°°°°°°°°°°°°°°°°°°°'),
 ('l4jM6', '°°°°°°°°°°°°°°°°°°°')]
'Epoch 14, train_loss=4.413099916854708, valid_loss=4.420599702038342'
[('YA8hs', '°°°°°°°°°°°°°°°°°°°'),
 ('wjhSB', '°°°°°°°°°°°°°°°°°°°'),
 ('1bTtw', '°°°°°°°°°°°°°°°°°°°'),
 ('TNit3', '°°°°°°°°°°°°°°°°°°°'),
 ('hyHx9', '°°°°°°°°°°°°°°°°°°°')]
'Epoch 15, train_loss=4.412109801927753, valid_loss=4.421158778516552'
[('HdnaW', '°°°°°°°°°°°°°°°°°°°'),
 ('BWBDY', '°°°°°°°°°°°°°°°°°°°'),
 ('XqVbC', '°°°°°°°°°°°°°°°°°°°'),
 ('sVGp7', '°°°°°°°°°°°°°°°°°°°'),
 ('QR2EH', '°°°°°°°°°°°°°°°°°°°')]
'Epoch 16, train_loss=4.412231392030837, valid_loss=4.422362731981881'
[('93EdA', '°°°°°°°°°°°°°°°°°°°'),
 ('eMdet', '°°°°°°°°°°°°°°°°°°°'),
 ('qgfbO', '°°°°°°°°°°°°°°°°°°°'),
 ('tOz4O', '°°°°°°°°°°°°°°°°°°°'),
 ('bzEQM', '°°°°°°°°°°°°°°°°°°°')]
'Epoch 17, train_loss=4.412134103087084, valid_loss=4.423647681369057'
[('D79Vq', '°°°°°°°°°°°°°°°°°°°'),
 ('Bckai', '°°°°°°°°°°°°°°°°°°°'),
 ('8xTKk', '°°°°°°°°°°°°°°°°°°°'),
 ('f11Ur', '°°°°°°°°°°°°°°°°°°°'),
 ('wcYHm', '°°°°°°°°°°°°°°°°°°°')]
'Epoch 18, train_loss=4.41175051828085, valid_loss=4.423794414423689'
[('iIvsp', '°°°°°°°°°°°°°°°°°°°'),
 ('i6cjm', '°°°°°°°°°°°°°°°°°°°'),
 ('EzdBk', '°°°°°°°°°°°°°°°°°°°'),
 ('gPfUq', '°°°°°°°°°°°°°°°°°°°'),
 ('9kvyS', '°°°°°°°°°°°°°°°°°°°')]
'Epoch 19, train_loss=4.41136827428405, valid_loss=4.422045562840715'
[('M97eK', '°°°°°°°°°°°°°°°°°°°'),
 ('9AHBe', '°°°°°°°°°°°°°°°°°°°'),
 ('3g4nF', '°°°°°°°°°°°°°°°°°°°'),
 ('yaDA8', '°°°°°°°°°°°°°°°°°°°'),
 ('uwCdv', '°°°°°°°°°°°°°°°°°°°')]
'Epoch 20, train_loss=4.411090413111102, valid_loss=4.42303993128523'
[('39Rni', '°°°°°°°°°°°°°°°°°°°'),
 ('YB9xh', '°°°°°°°°°°°°°°°°°°°'),
 ('RYyL4', '°°°°°°°°°°°°°°°°°°°'),
 ('gENmT', '°°°°°°°°°°°°°°°°°°°'),
 ('e3pbh', '°°°°°°°°°°°°°°°°°°°')]
'Epoch 21, train_loss=4.411576775546796, valid_loss=4.423376614534402'
[('1byBB', '°°°°°°°°°°°°°°°°°°°'),
 ('MCW9B', '°°°°°°°°°°°°°°°°°°°'),
 ('cD4w4', '°°°°°°°°°°°°°°°°°°°'),
 ('3ILjG', '°°°°°°°°°°°°°°°°°°°'),
 ('dIHKO', '°°°°°°°°°°°°°°°°°°°')]
'Epoch 22, train_loss=4.410959692284612, valid_loss=4.422617266449747'
[('D2Xpc', '°°°°°°°°°°°°°°°°°°°'),
 ('MIvWr', '°°°°°°°°°°°°°°°°°°°'),
 ('EqCun', '°°°°°°°°°°°°°°°°°°°'),
 ('r2qAH', '°°°°°°°°°°°°°°°°°°°'),
 ('MCW9B', '°°°°°°°°°°°°°°°°°°°')]
'Epoch 23, train_loss=4.410822104193702, valid_loss=4.422792090645319'
[('CChLT', '°°°°°°°°°°°°°°°°°°°'),
 ('3g4nF', '°°°°°°°°°°°°°°°°°°°'),
 ('QlvxW', '°°°°°°°°°°°°°°°°°°°'),
 ('hFKiy', '°°°°°°°°°°°°°°°°°°°'),
 ('xJAsJ', '°°°°°°°°°°°°°°°°°°°')]
'Epoch 24, train_loss=4.410907687358505, valid_loss=4.422780012782616'
[('XqVbC', '°°°°°°°°°°°°°°°°°°°'),
 ('z91mt', '°°°°°°°°°°°°°°°°°°°'),
 ('hcamn', '°°°°°°°°°°°°°°°°°°°'),
 ('uXaMx', '°°°°°°°°°°°°°°°°°°°'),
 ('trEfJ', '°°°°°°°°°°°°°°°°°°°')]
'Epoch 25, train_loss=4.410702107819337, valid_loss=4.423125387747077'
[('A7utP', '°°°°°°°°°°°°°°°°°°°'),
 ('MCW9B', '°°°°°°°°°°°°°°°°°°°'),
 ('jXJd2', '°°°°°°°°°°°°°°°°°°°'),
 ('cmcen', '°°°°°°°°°°°°°°°°°°°'),
 ('Jiit3', '°°°°°°°°°°°°°°°°°°°')]
'Epoch 26, train_loss=4.410545096876261, valid_loss=4.42329253426081'
[('huKUy', '°°°°°°°°°°°°°°°°°°°'),
 ('LzkUH', '°°°°°°°°°°°°°°°°°°°'),
 ('W2WpJ', '°°°°°°°°°°°°°°°°°°°'),
 ('nRah4', '°°°°°°°°°°°°°°°°°°°'),
 ('rNu7g', '°°°°°°°°°°°°°°°°°°°')]
'Epoch 27, train_loss=4.410345704080023, valid_loss=4.4226414644265475'
[('PCN2i', '°°°°°°°°°°°°°°°°°°°'),
 ('uuPU9', '°°°°°°°°°°°°°°°°°°°'),
 ('KCnKr', '°°°°°°°°°°°°°°°°°°°'),
 ('jmVJT', '°°°°°°°°°°°°°°°°°°°'),
 ('akA1s', '°°°°°°°°°°°°°°°°°°°')]
'Epoch 28, train_loss=4.410142869558159, valid_loss=4.422867708568331'
[('eMdet', '°°°°°°°°°°°°°°°°°°°'),
 ('i6cjm', '°°°°°°°°°°°°°°°°°°°'),
 ('rp4UB', '°°°°°°°°°°°°°°°°°°°'),
 ('nNdFk', '°°°°°°°°°°°°°°°°°°°'),
 ('h98PH', '°°°°°°°°°°°°°°°°°°°')]
'Epoch 29, train_loss=4.410154056009511, valid_loss=4.422762822501267'
[('Ph27m', '°°°°°°°°°°°°°°°°°°°'),
 ('iMET2', '°°°°°°°°°°°°°°°°°°°'),
 ('KCnKr', '°°°°°°°°°°°°°°°°°°°'),
 ('4hrGa', '°°°°°°°°°°°°°°°°°°°'),
 ('bvD2k', '°°°°°°°°°°°°°°°°°°°')]
'Epoch 30, train_loss=4.410295080430437, valid_loss=4.422776282588138'
[('nqXbT', '°°°°°°°°°°°°°°°°°°°'),
 ('z91mt', '°°°°°°°°°°°°°°°°°°°'),
 ('hkhav', '°°°°°°°°°°°°°°°°°°°'),
 ('f4Q5N', '°°°°°°°°°°°°°°°°°°°'),
 ('htYEL', '°°°°°°°°°°°°°°°°°°°')]
'Epoch 31, train_loss=4.410056893862626, valid_loss=4.42308103585545'
[('YB9xh', '°°°°°°°°°°°°°°°°°°°'),
 ('u9At7', '°°°°°°°°°°°°°°°°°°°'),
 ('7Qm6c', '°°°°°°°°°°°°°°°°°°°'),
 ('K8F9j', '°°°°°°°°°°°°°°°°°°°'),
 ('uUQgG', '°°°°°°°°°°°°°°°°°°°')]
'Epoch 32, train_loss=4.410127160909996, valid_loss=4.422830116899708'
[('Cv1tZ', '°°°°°°°°°°°°°°°°°°°'),
 ('DOfex', '°°°°°°°°°°°°°°°°°°°'),
 ('iSqZr', '°°°°°°°°°°°°°°°°°°°'),
 ('Vmle9', '°°°°°°°°°°°°°°°°°°°'),
 ('VVrJr', '°°°°°°°°°°°°°°°°°°°')]
'Epoch 33, train_loss=4.410394466243674, valid_loss=4.422985433023187'
[('JnaC9', '°°°°°°°°°°°°°°°°°°°'),
 ('IKvpq', '°°°°°°°°°°°°°°°°°°°'),
 ('tOz4O', '°°°°°°°°°°°°°°°°°°°'),
 ('hKjwU', '°°°°°°°°°°°°°°°°°°°'),
 ('GRpqT', '°°°°°°°°°°°°°°°°°°°')]
'Epoch 34, train_loss=4.410090783697881, valid_loss=4.423194070405598'
[('UKEE8', '°°°°°°°°°°°°°°°°°°°'),
 ('DjVj8', '°°°°°°°°°°°°°°°°°°°'),
 ('tbEth', '°°°°°°°°°°°°°°°°°°°'),
 ('TCu9h', '°°°°°°°°°°°°°°°°°°°'),
 ('A7utP', '°°°°°°°°°°°°°°°°°°°')]
'Epoch 35, train_loss=4.4101606602378745, valid_loss=4.42267786098432'
[('6Gkg4', '°°°°°°°°°°°°°°°°°°°'),
 ('ySrBj', '°°°°°°°°°°°°°°°°°°°'),
 ('dRVpu', '°°°°°°°°°°°°°°°°°°°'),
 ('4Uu1T', '°°°°°°°°°°°°°°°°°°°'),
 ('xSKqL', '°°°°°°°°°°°°°°°°°°°')]
'Epoch 36, train_loss=4.410318859564365, valid_loss=4.422763033758236'
[('DKtrD', '°°°°°°°°°°°°°°°°°°°'),
 ('OJFhn', '°°°°°°°°°°°°°°°°°°°'),
 ('l3dzg', '°°°°°°°°°°°°°°°°°°°'),
 ('WxylP', '°°°°°°°°°°°°°°°°°°°'),
 ('6WuK1', '°°°°°°°°°°°°°°°°°°°')]
'Epoch 37, train_loss=4.410146549365139, valid_loss=4.422803009612651'
[('5yZq1', '°°°°°°°°°°°°°°°°°°°'),
 ('O1IbZ', '°°°°°°°°°°°°°°°°°°°'),
 ('wcYHm', '°°°°°°°°°°°°°°°°°°°'),
 ('WOxvk', '°°°°°°°°°°°°°°°°°°°'),
 ('JQA4W', '°°°°°°°°°°°°°°°°°°°')]
'Epoch 38, train_loss=4.410153435514199, valid_loss=4.422554879248897'
[('Z1CGN', '°°°°°°°°°°°°°°°°°°°'),
 ('hiP1W', '°°°°°°°°°°°°°°°°°°°'),
 ('j4x4x', '°°°°°°°°°°°°°°°°°°°'),
 ('pn7S5', '°°°°°°°°°°°°°°°°°°°'),
 ('pn7S5', '°°°°°°°°°°°°°°°°°°°')]
'Epoch 39, train_loss=4.410032433532758, valid_loss=4.422682303416578'
[('dPZcS', '°°°°°°°°°°°°°°°°°°°'),
 ('ssc5s', '°°°°°°°°°°°°°°°°°°°'),
 ('kOrVp', '°°°°°°°°°°°°°°°°°°°'),
 ('cmcen', '°°°°°°°°°°°°°°°°°°°'),
 ('DpmBZ', '°°°°°°°°°°°°°°°°°°°')]
'Epoch 40, train_loss=4.409995128275481, valid_loss=4.4228565542003775'
[('BzxX4', '°°°°°°°°°°°°°°°°°°°'),
 ('tKGfH', '°°°°°°°°°°°°°°°°°°°'),
 ('BeQ3D', '°°°°°°°°°°°°°°°°°°°'),
 ('hBURE', '°°°°°°°°°°°°°°°°°°°'),
 ('PctpY', '°°°°°°°°°°°°°°°°°°°')]
'Epoch 41, train_loss=4.410080250115509, valid_loss=4.422738841817349'
[('xZAXw', '°°°°°°°°°°°°°°°°°°°'),
 ('a6e7R', '°°°°°°°°°°°°°°°°°°°'),
 ('rbHag', '°°°°°°°°°°°°°°°°°°°'),
 ('hkhav', '°°°°°°°°°°°°°°°°°°°'),
 ('MmQ8V', '°°°°°°°°°°°°°°°°°°°')]
'Epoch 42, train_loss=4.409992390677143, valid_loss=4.4228371427029'
[('yJdNQ', '°°°°°°°°°°°°°°°°°°°'),
 ('FRzu1', '°°°°°°°°°°°°°°°°°°°'),
 ('M97eK', '°°°°°°°°°°°°°°°°°°°'),
 ('3AOdQ', '°°°°°°°°°°°°°°°°°°°'),
 ('n97wA', '°°°°°°°°°°°°°°°°°°°')]
'Epoch 43, train_loss=4.410017306261723, valid_loss=4.422735522064982'
[('SwBc6', '°°°°°°°°°°°°°°°°°°°'),
 ('TCu9h', '°°°°°°°°°°°°°°°°°°°'),
 ('93EdA', '°°°°°°°°°°°°°°°°°°°'),
 ('xJAsJ', '°°°°°°°°°°°°°°°°°°°'),
 ('JnaC9', '°°°°°°°°°°°°°°°°°°°')]
'Epoch 44, train_loss=4.409887327331802, valid_loss=4.42258335065238'
[('4hrGa', '°°°°°°°°°°°°°°°°°°°'),
 ('l4jM6', '°°°°°°°°°°°°°°°°°°°'),
 ('Sy7tG', '°°°°°°°°°°°°°°°°°°°'),
 ('FqeaO', '°°°°°°°°°°°°°°°°°°°'),
 ('mg6ZU', '°°°°°°°°°°°°°°°°°°°')]
'Epoch 45, train_loss=4.409997035624114, valid_loss=4.422668179379234'
[('BL2Pq', '°°°°°°°°°°°°°°°°°°°'),
 ('hc1qZ', '°°°°°°°°°°°°°°°°°°°'),
 ('QsZew', '°°°°°°°°°°°°°°°°°°°'),
 ('TNit3', '°°°°°°°°°°°°°°°°°°°'),
 ('zzFiV', '°°°°°°°°°°°°°°°°°°°')]
'Epoch 46, train_loss=4.410018818381821, valid_loss=4.422383012650888'
[('rbHag', '°°°°°°°°°°°°°°°°°°°'),
 ('vwldu', '°°°°°°°°°°°°°°°°°°°'),
 ('wcYHm', '°°°°°°°°°°°°°°°°°°°'),
 ('GhBrn', '°°°°°°°°°°°°°°°°°°°'),
 ('DpmBZ', '°°°°°°°°°°°°°°°°°°°')]
'Epoch 47, train_loss=4.410229665386626, valid_loss=4.4229861392250545'
[('sOr5g', '°°°°°°°°°°°°°°°°°°°'),
 ('j1GgD', '°°°°°°°°°°°°°°°°°°°'),
 ('hc1qZ', '°°°°°°°°°°°°°°°°°°°'),
 ('f5yYQ', '°°°°°°°°°°°°°°°°°°°'),
 ('NP4fe', '°°°°°°°°°°°°°°°°°°°')]
'Epoch 48, train_loss=4.410112955614061, valid_loss=4.422814055334164'
[('Bckai', '°°°°°°°°°°°°°°°°°°°'),
 ('JBWr6', '°°°°°°°°°°°°°°°°°°°'),
 ('PBChs', '°°°°°°°°°°°°°°°°°°°'),
 ('7D12p', '°°°°°°°°°°°°°°°°°°°'),
 ('hiP1W', '°°°°°°°°°°°°°°°°°°°')]
'Epoch 49, train_loss=4.410036067477042, valid_loss=4.422477981712245'
[('vwldu', '°°°°°°°°°°°°°°°°°°°'),
 ('QWWiD', '°°°°°°°°°°°°°°°°°°°'),
 ('l3dzg', '°°°°°°°°°°°°°°°°°°°'),
 ('MCW9B', '°°°°°°°°°°°°°°°°°°°'),
 ('EUzed', '°°°°°°°°°°°°°°°°°°°')]
'Epoch 50, train_loss=4.410103090413052, valid_loss=4.422610910632942'
[('8i2LJ', '°°°°°°°°°°°°°°°°°°°'),
 ('HFEDZ', '°°°°°°°°°°°°°°°°°°°'),
 ('xSKqL', '°°°°°°°°°°°°°°°°°°°'),
 ('hcamn', '°°°°°°°°°°°°°°°°°°°'),
 ('lY5nO', '°°°°°°°°°°°°°°°°°°°')]
'Epoch 51, train_loss=4.409969208432727, valid_loss=4.422516683988933'
[('kUx2a', '°°°°°°°°°°°°°°°°°°°'),
 ('GePlm', '°°°°°°°°°°°°°°°°°°°'),
 ('Rxtf2', '°°°°°°°°°°°°°°°°°°°'),
 ('XBF5G', '°°°°°°°°°°°°°°°°°°°'),
 ('3VJ9A', '°°°°°°°°°°°°°°°°°°°')]
'Epoch 52, train_loss=4.4101602953596535, valid_loss=4.422636026068579'
[('VPJAY', '°°°°°°°°°°°°°°°°°°°'),
 ('pQagN', '°°°°°°°°°°°°°°°°°°°'),
 ('DGMZB', '°°°°°°°°°°°°°°°°°°°'),
 ('hcamn', '°°°°°°°°°°°°°°°°°°°'),
 ('JXyW8', '°°°°°°°°°°°°°°°°°°°')]
'Epoch 53, train_loss=4.410101649110354, valid_loss=4.422764289228222'
[('CG74P', '°°°°°°°°°°°°°°°°°°°'),
 ('BL2Pq', '°°°°°°°°°°°°°°°°°°°'),
 ('icpRy', '°°°°°°°°°°°°°°°°°°°'),
 ('8CgkI', '°°°°°°°°°°°°°°°°°°°'),
 ('nNdFk', '°°°°°°°°°°°°°°°°°°°')]
'Epoch 54, train_loss=4.409878031367797, valid_loss=4.422494580474081'
[('OWFua', '°°°°°°°°°°°°°°°°°°°'),
 ('Wuvg4', '°°°°°°°°°°°°°°°°°°°'),
 ('InsKn', '°°°°°°°°°°°°°°°°°°°'),
 ('PJ3sX', '°°°°°°°°°°°°°°°°°°°'),
 ('RXubG', '°°°°°°°°°°°°°°°°°°°')]
'Epoch 55, train_loss=4.409987197401163, valid_loss=4.42267697370505'
[('llAQt', '°°°°°°°°°°°°°°°°°°°'),
 ('yHMz7', '°°°°°°°°°°°°°°°°°°°'),
 ('52ufM', '°°°°°°°°°°°°°°°°°°°'),
 ('NPXmz', '°°°°°°°°°°°°°°°°°°°'),
 ('DUuFi', '°°°°°°°°°°°°°°°°°°°')]
'Epoch 56, train_loss=4.410046957169766, valid_loss=4.42255787306194'
[('LjnGu', '°°°°°°°°°°°°°°°°°°°'),
 ('wHzMG', '°°°°°°°°°°°°°°°°°°°'),
 ('n97wA', '°°°°°°°°°°°°°°°°°°°'),
 ('giD64', '°°°°°°°°°°°°°°°°°°°'),
 ('vwldu', '°°°°°°°°°°°°°°°°°°°')]
'Epoch 57, train_loss=4.410241201203817, valid_loss=4.422629543497592'
[('ssc5s', '°°°°°°°°°°°°°°°°°°°'),
 ('RStAM', '°°°°°°°°°°°°°°°°°°°'),
 ('tOz4O', '°°°°°°°°°°°°°°°°°°°'),
 ('sOr5g', '°°°°°°°°°°°°°°°°°°°'),
 ('dl68O', '°°°°°°°°°°°°°°°°°°°')]
'Epoch 58, train_loss=4.409756217346839, valid_loss=4.422602321528181'
[('DGqLn', '°°°°°°°°°°°°°°°°°°°'),
 ('sVGp7', '°°°°°°°°°°°°°°°°°°°'),
 ('FqeaO', '°°°°°°°°°°°°°°°°°°°'),
 ('s1qBu', '°°°°°°°°°°°°°°°°°°°'),
 ('fqQBd', '°°°°°°°°°°°°°°°°°°°')]
'Epoch 59, train_loss=4.409777594084787, valid_loss=4.422863749009144'
[('f11Ur', '°°°°°°°°°°°°°°°°°°°'),
 ('UKEE8', '°°°°°°°°°°°°°°°°°°°'),
 ('bGvIT', '°°°°°°°°°°°°°°°°°°°'),
 ('Ph27m', '°°°°°°°°°°°°°°°°°°°'),
 ('tViW5', '°°°°°°°°°°°°°°°°°°°')]
'Epoch 60, train_loss=4.410119975304503, valid_loss=4.422833599621737'
[('tw8aI', '°°°°°°°°°°°°°°°°°°°'),
 ('hc1qZ', '°°°°°°°°°°°°°°°°°°°'),
 ('YwqnU', '°°°°°°°°°°°°°°°°°°°'),
 ('vkxbA', '°°°°°°°°°°°°°°°°°°°'),
 ('A7utP', '°°°°°°°°°°°°°°°°°°°')]
'Epoch 61, train_loss=4.4100579338667245, valid_loss=4.422627678400354'
[('dkEvz', '°°°°°°°°°°°°°°°°°°°'),
 ('XRRcc', '°°°°°°°°°°°°°°°°°°°'),
 ('SjAjY', '°°°°°°°°°°°°°°°°°°°'),
 ('giD64', '°°°°°°°°°°°°°°°°°°°'),
 ('vd9iV', '°°°°°°°°°°°°°°°°°°°')]
'Epoch 62, train_loss=4.4101627085468555, valid_loss=4.422819692877274'
[('s2Td9', '°°°°°°°°°°°°°°°°°°°'),
 ('JCdsC', '°°°°°°°°°°°°°°°°°°°'),
 ('j3f2c', '°°°°°°°°°°°°°°°°°°°'),
 ('B2FRP', '°°°°°°°°°°°°°°°°°°°'),
 ('an99a', '°°°°°°°°°°°°°°°°°°°')]
'Epoch 63, train_loss=4.410134476010162, valid_loss=4.422527476202084'
[('dD5PL', '°°°°°°°°°°°°°°°°°°°'),
 ('4WDWJ', '°°°°°°°°°°°°°°°°°°°'),
 ('EUYHr', '°°°°°°°°°°°°°°°°°°°'),
 ('OunQB', '°°°°°°°°°°°°°°°°°°°'),
 ('JUpsM', '°°°°°°°°°°°°°°°°°°°')]
'Epoch 64, train_loss=4.409847671611305, valid_loss=4.422576017017606'
[('GyGVP', '°°°°°°°°°°°°°°°°°°°'),
 ('sOr5g', '°°°°°°°°°°°°°°°°°°°'),
 ('i6cjm', '°°°°°°°°°°°°°°°°°°°'),
 ('f8BwQ', '°°°°°°°°°°°°°°°°°°°'),
 ('O1IbZ', '°°°°°°°°°°°°°°°°°°°')]
'Epoch 65, train_loss=4.410186929446467, valid_loss=4.422889884514145'
[('ijf8Q', '°°°°°°°°°°°°°°°°°°°'),
 ('O9sAd', '°°°°°°°°°°°°°°°°°°°'),
 ('3x2YG', '°°°°°°°°°°°°°°°°°°°'),
 ('Cq5Ms', '°°°°°°°°°°°°°°°°°°°'),
 ('O1IbZ', '°°°°°°°°°°°°°°°°°°°')]
'Epoch 66, train_loss=4.410210144739002, valid_loss=4.422675826881505'
[('1jZmk', '°°°°°°°°°°°°°°°°°°°'),
 ('q29Ug', '°°°°°°°°°°°°°°°°°°°'),
 ('JQA4W', '°°°°°°°°°°°°°°°°°°°'),
 ('WdqA5', '°°°°°°°°°°°°°°°°°°°'),
 ('JLZKy', '°°°°°°°°°°°°°°°°°°°')]
'Epoch 67, train_loss=4.409970680085739, valid_loss=4.422385915925231'
[('wU3Rh', '°°°°°°°°°°°°°°°°°°°'),
 ('dkEvz', '°°°°°°°°°°°°°°°°°°°'),
 ('z3K8z', '°°°°°°°°°°°°°°°°°°°'),
 ('TggtT', '°°°°°°°°°°°°°°°°°°°'),
 ('21TfA', '°°°°°°°°°°°°°°°°°°°')]
'Epoch 68, train_loss=4.409997280449982, valid_loss=4.422494290750238'
[('mAAPd', '°°°°°°°°°°°°°°°°°°°'),
 ('gdrcL', '°°°°°°°°°°°°°°°°°°°'),
 ('Nx9uZ', '°°°°°°°°°°°°°°°°°°°'),
 ('lUAI1', '°°°°°°°°°°°°°°°°°°°'),
 ('MSgyn', '°°°°°°°°°°°°°°°°°°°')]
'Epoch 69, train_loss=4.409907574363611, valid_loss=4.422971417632284'
[('r2qAH', '°°°°°°°°°°°°°°°°°°°'),
 ('cyfDO', '°°°°°°°°°°°°°°°°°°°'),
 ('OOKnU', '°°°°°°°°°°°°°°°°°°°'),
 ('mg6ZU', '°°°°°°°°°°°°°°°°°°°'),
 ('iUjL3', '°°°°°°°°°°°°°°°°°°°')]
'Epoch 70, train_loss=4.409819568569286, valid_loss=4.422687965103343'
[('QBxkL', '°°°°°°°°°°°°°°°°°°°'),
 ('qqlpJ', '°°°°°°°°°°°°°°°°°°°'),
 ('MnX82', '°°°°°°°°°°°°°°°°°°°'),
 ('Oxe8T', '°°°°°°°°°°°°°°°°°°°'),
 ('hKjwU', '°°°°°°°°°°°°°°°°°°°')]
'Epoch 71, train_loss=4.409911175934226, valid_loss=4.422653349140022'
[('IPnAd', '°°°°°°°°°°°°°°°°°°°'),
 ('Nt8ic', '°°°°°°°°°°°°°°°°°°°'),
 ('Wuvg4', '°°°°°°°°°°°°°°°°°°°'),
 ('YdF7a', '°°°°°°°°°°°°°°°°°°°'),
 ('HtH4F', '°°°°°°°°°°°°°°°°°°°')]
'Epoch 72, train_loss=4.409958852231081, valid_loss=4.422474317912814'
[('lR9Yr', '°°°°°°°°°°°°°°°°°°°'),
 ('Yqrqa', '°°°°°°°°°°°°°°°°°°°'),
 ('2dJzP', '°°°°°°°°°°°°°°°°°°°'),
 ('Tj8m3', '°°°°°°°°°°°°°°°°°°°'),
 ('TmkPS', '°°°°°°°°°°°°°°°°°°°')]
'Epoch 73, train_loss=4.410043983513429, valid_loss=4.422780930241452'
[('93EdA', '°°°°°°°°°°°°°°°°°°°'),
 ('ssc5s', '°°°°°°°°°°°°°°°°°°°'),
 ('l35dj', '°°°°°°°°°°°°°°°°°°°'),
 ('wHzMG', '°°°°°°°°°°°°°°°°°°°'),
 ('u9At7', '°°°°°°°°°°°°°°°°°°°')]
'Epoch 74, train_loss=4.409942584462685, valid_loss=4.422478289543828'
[('INBQT', '°°°°°°°°°°°°°°°°°°°'),
 ('b4BZa', '°°°°°°°°°°°°°°°°°°°'),
 ('XRRcc', '°°°°°°°°°°°°°°°°°°°'),
 ('zgrvp', '°°°°°°°°°°°°°°°°°°°'),
 ('F7Onp', '°°°°°°°°°°°°°°°°°°°')]
'Epoch 75, train_loss=4.409720050563569, valid_loss=4.422502728957165'
[('dkEvz', '°°°°°°°°°°°°°°°°°°°'),
 ('i6cjm', '°°°°°°°°°°°°°°°°°°°'),
 ('52ufM', '°°°°°°°°°°°°°°°°°°°'),
 ('ZAdPz', '°°°°°°°°°°°°°°°°°°°'),
 ('Xbwtg', '°°°°°°°°°°°°°°°°°°°')]
'Epoch 76, train_loss=4.410084656981127, valid_loss=4.422482357749456'
[('X8lxh', '°°°°°°°°°°°°°°°°°°°'),
 ('hiP1W', '°°°°°°°°°°°°°°°°°°°'),
 ('RrXQb', '°°°°°°°°°°°°°°°°°°°'),
 ('6pGD3', '°°°°°°°°°°°°°°°°°°°'),
 ('4ml9G', '°°°°°°°°°°°°°°°°°°°')]
'Epoch 77, train_loss=4.409993645831247, valid_loss=4.422580495665345'
[('RStAM', '°°°°°°°°°°°°°°°°°°°'),
 ('vwldu', '°°°°°°°°°°°°°°°°°°°'),
 ('7D12p', '°°°°°°°°°°°°°°°°°°°'),
 ('eiD1m', '°°°°°°°°°°°°°°°°°°°'),
 ('7caGn', '°°°°°°°°°°°°°°°°°°°')]
'Epoch 78, train_loss=4.410189857914559, valid_loss=4.422447120087056'
[('E1QLw', '°°°°°°°°°°°°°°°°°°°'),
 ('AfMwN', '°°°°°°°°°°°°°°°°°°°'),
 ('wsKW1', '°°°°°°°°°°°°°°°°°°°'),
 ('DOfex', '°°°°°°°°°°°°°°°°°°°'),
 ('GyGVP', '°°°°°°°°°°°°°°°°°°°')]
'Epoch 79, train_loss=4.4100647599896075, valid_loss=4.422807415829429'
[('L3wlw', '°°°°°°°°°°°°°°°°°°°'),
 ('4szGj', '°°°°°°°°°°°°°°°°°°°'),
 ('3VJ9A', '°°°°°°°°°°°°°°°°°°°'),
 ('yIcsY', '°°°°°°°°°°°°°°°°°°°'),
 ('l5t6O', '°°°°°°°°°°°°°°°°°°°')]
'Epoch 80, train_loss=4.410352847869528, valid_loss=4.422766148289548'
[('tw8aI', '°°°°°°°°°°°°°°°°°°°'),
 ('r2qAH', '°°°°°°°°°°°°°°°°°°°'),
 ('J3WQX', '°°°°°°°°°°°°°°°°°°°'),
 ('SjAjY', '°°°°°°°°°°°°°°°°°°°'),
 ('6Krj8', '°°°°°°°°°°°°°°°°°°°')]
'Epoch 81, train_loss=4.409988809340071, valid_loss=4.42275429375564'
[('6Krj8', '°°°°°°°°°°°°°°°°°°°'),
 ('iH1RY', '°°°°°°°°°°°°°°°°°°°'),
 ('1KM7w', '°°°°°°°°°°°°°°°°°°°'),
 ('YwqnU', '°°°°°°°°°°°°°°°°°°°'),
 ('gzudM', '°°°°°°°°°°°°°°°°°°°')]
'Epoch 82, train_loss=4.410150742429655, valid_loss=4.422873201249521'
[('dRVpu', '°°°°°°°°°°°°°°°°°°°'),
 ('i6cjm', '°°°°°°°°°°°°°°°°°°°'),
 ('D2Xpc', '°°°°°°°°°°°°°°°°°°°'),
 ('16zpQ', '°°°°°°°°°°°°°°°°°°°'),
 ('QWWiD', '°°°°°°°°°°°°°°°°°°°')]
'Epoch 83, train_loss=4.41003107721094, valid_loss=4.42249093478239'
[('t44vT', '°°°°°°°°°°°°°°°°°°°'),
 ('czVpN', '°°°°°°°°°°°°°°°°°°°'),
 ('aPQEV', '°°°°°°°°°°°°°°°°°°°'),
 ('ViK9G', '°°°°°°°°°°°°°°°°°°°'),
 ('K8xKN', '°°°°°°°°°°°°°°°°°°°')]
'Epoch 84, train_loss=4.409842777791758, valid_loss=4.422920498666884'
[('ZwDSZ', '°°°°°°°°°°°°°°°°°°°'),
 ('uuPU9', '°°°°°°°°°°°°°°°°°°°'),
 ('x7hER', '°°°°°°°°°°°°°°°°°°°'),
 ('QlvxW', '°°°°°°°°°°°°°°°°°°°'),
 ('mpVY9', '°°°°°°°°°°°°°°°°°°°')]
'Epoch 85, train_loss=4.410121755181816, valid_loss=4.422486413883258'
[('aDeE6', '°°°°°°°°°°°°°°°°°°°'),
 ('g7xlx', '°°°°°°°°°°°°°°°°°°°'),
 ('1byBB', '°°°°°°°°°°°°°°°°°°°'),
 ('ZwDSZ', '°°°°°°°°°°°°°°°°°°°'),
 ('FLZdu', '°°°°°°°°°°°°°°°°°°°')]
'Epoch 86, train_loss=4.410012941212094, valid_loss=4.423135165926777'
[('GePlm', '°°°°°°°°°°°°°°°°°°°'),
 ('Mej3w', '°°°°°°°°°°°°°°°°°°°'),
 ('79mAR', '°°°°°°°°°°°°°°°°°°°'),
 ('L3wlw', '°°°°°°°°°°°°°°°°°°°'),
 ('YirKK', '°°°°°°°°°°°°°°°°°°°')]
'Epoch 87, train_loss=4.410139918158719, valid_loss=4.423039551022686'
[('4jlk3', '°°°°°°°°°°°°°°°°°°°'),
 ('3VJ9A', '°°°°°°°°°°°°°°°°°°°'),
 ('wHzMG', '°°°°°°°°°°°°°°°°°°°'),
 ('4Rvlr', '°°°°°°°°°°°°°°°°°°°'),
 ('MCW9B', '°°°°°°°°°°°°°°°°°°°')]
'Epoch 88, train_loss=4.409850050401485, valid_loss=4.422975117647195'
[('h5bdl', '°°°°°°°°°°°°°°°°°°°'),
 ('CxlQ1', '°°°°°°°°°°°°°°°°°°°'),
 ('htYEL', '°°°°°°°°°°°°°°°°°°°'),
 ('iMET2', '°°°°°°°°°°°°°°°°°°°'),
 ('q5Gyv', '°°°°°°°°°°°°°°°°°°°')]
'Epoch 89, train_loss=4.409978904346429, valid_loss=4.422672380374957'
[('J8yGF', '°°°°°°°°°°°°°°°°°°°'),
 ('lySWq', '°°°°°°°°°°°°°°°°°°°'),
 ('sOr5g', '°°°°°°°°°°°°°°°°°°°'),
 ('WSvlR', '°°°°°°°°°°°°°°°°°°°'),
 ('YA8hs', '°°°°°°°°°°°°°°°°°°°')]
'Epoch 90, train_loss=4.410235032671075, valid_loss=4.422779258293442'
[('5thIL', '°°°°°°°°°°°°°°°°°°°'),
 ('AZsMY', '°°°°°°°°°°°°°°°°°°°'),
 ('C8V9T', '°°°°°°°°°°°°°°°°°°°'),
 ('4Uu1T', '°°°°°°°°°°°°°°°°°°°'),
 ('gENmT', '°°°°°°°°°°°°°°°°°°°')]
'Epoch 91, train_loss=4.4102082137845695, valid_loss=4.42268083065371'
[('hW7hK', '°°°°°°°°°°°°°°°°°°°'),
 ('XRRcc', '°°°°°°°°°°°°°°°°°°°'),
 ('5JiQz', '°°°°°°°°°°°°°°°°°°°'),
 ('aDeE6', '°°°°°°°°°°°°°°°°°°°'),
 ('DpmBZ', '°°°°°°°°°°°°°°°°°°°')]
'Epoch 92, train_loss=4.410055995493327, valid_loss=4.422429742692392'
[('EYuXc', '°°°°°°°°°°°°°°°°°°°'),
 ('mg6ZU', '°°°°°°°°°°°°°°°°°°°'),
 ('Jy6gn', '°°°°°°°°°°°°°°°°°°°'),
 ('Qnz7e', '°°°°°°°°°°°°°°°°°°°'),
 ('aDeE6', '°°°°°°°°°°°°°°°°°°°')]
'Epoch 93, train_loss=4.409776338930683, valid_loss=4.422657097442241'
[('aNYm8', '°°°°°°°°°°°°°°°°°°°'),
 ('GyGVP', '°°°°°°°°°°°°°°°°°°°'),
 ('8RpVS', '°°°°°°°°°°°°°°°°°°°'),
 ('7Qm6c', '°°°°°°°°°°°°°°°°°°°'),
 ('k9WXt', '°°°°°°°°°°°°°°°°°°°')]
'Epoch 94, train_loss=4.409777720207203, valid_loss=4.422474426559255'
[('Vghbh', '°°°°°°°°°°°°°°°°°°°'),
 ('E3RWf', '°°°°°°°°°°°°°°°°°°°'),
 ('vwldu', '°°°°°°°°°°°°°°°°°°°'),
 ('52ufM', '°°°°°°°°°°°°°°°°°°°'),
 ('uuPU9', '°°°°°°°°°°°°°°°°°°°')]
'Epoch 95, train_loss=4.410187868957304, valid_loss=4.422775340985648'
[('vhyd1', '°°°°°°°°°°°°°°°°°°°'),
 ('K8xKN', '°°°°°°°°°°°°°°°°°°°'),
 ('q5Gyv', '°°°°°°°°°°°°°°°°°°°'),
 ('Ph27m', '°°°°°°°°°°°°°°°°°°°'),
 ('dPuCl', '°°°°°°°°°°°°°°°°°°°')]
'Epoch 96, train_loss=4.409966953741611, valid_loss=4.423143748995624'
[('MFJ3q', '°°°°°°°°°°°°°°°°°°°'),
 ('S6VFn', '°°°°°°°°°°°°°°°°°°°'),
 ('xJAsJ', '°°°°°°°°°°°°°°°°°°°'),
 ('gIbfX', '°°°°°°°°°°°°°°°°°°°'),
 ('hwdQQ', '°°°°°°°°°°°°°°°°°°°')]
'Epoch 97, train_loss=4.409945863645518, valid_loss=4.422557734235933'
[('aY9BQ', '°°°°°°°°°°°°°°°°°°°'),
 ('6Fdu9', '°°°°°°°°°°°°°°°°°°°'),
 ('rNu7g', '°°°°°°°°°°°°°°°°°°°'),
 ('Gkrcz', '°°°°°°°°°°°°°°°°°°°'),
 ('JYWXm', '°°°°°°°°°°°°°°°°°°°')]
'Epoch 98, train_loss=4.410003991241671, valid_loss=4.422619053080112'
[('HdnaW', '°°°°°°°°°°°°°°°°°°°'),
 ('PBChs', '°°°°°°°°°°°°°°°°°°°'),
 ('fr5ea', '°°°°°°°°°°°°°°°°°°°'),
 ('1hLWI', '°°°°°°°°°°°°°°°°°°°'),
 ('MqWSu', '°°°°°°°°°°°°°°°°°°°')]
'Epoch 99, train_loss=4.409963371055635, valid_loss=4.422848538507389'
[('kLeuv', '°°°°°°°°°°°°°°°°°°°'),
 ('6pGD3', '°°°°°°°°°°°°°°°°°°°'),
 ('XmDPi', '°°°°°°°°°°°°°°°°°°°'),
 ('jKnBK', '°°°°°°°°°°°°°°°°°°°'),
 ('EYuXc', '°°°°°°°°°°°°°°°°°°°')]
'Epoch 100, train_loss=4.410045025540882, valid_loss=4.422593732423421'
[('dEjrg', '°°°°°°°°°°°°°°°°°°°'),
 ('wpAVx', '°°°°°°°°°°°°°°°°°°°'),
 ('DjVj8', '°°°°°°°°°°°°°°°°°°°'),
 ('Bmp33', '°°°°°°°°°°°°°°°°°°°'),
 ('u9At7', '°°°°°°°°°°°°°°°°°°°')]
'Epoch 101, train_loss=4.410129959883413, valid_loss=4.422961319549175'
[('yHMz7', '°°°°°°°°°°°°°°°°°°°'),
 ('KA87M', '°°°°°°°°°°°°°°°°°°°'),
 ('FanTp', '°°°°°°°°°°°°°°°°°°°'),
 ('GO1S5', '°°°°°°°°°°°°°°°°°°°'),
 ('iwFlB', '°°°°°°°°°°°°°°°°°°°')]
'Epoch 102, train_loss=4.410183944324456, valid_loss=4.422662716877611'
[('upyPn', '°°°°°°°°°°°°°°°°°°°'),
 ('OWFua', '°°°°°°°°°°°°°°°°°°°'),
 ('4sDVi', '°°°°°°°°°°°°°°°°°°°'),
 ('WsZMP', '°°°°°°°°°°°°°°°°°°°'),
 ('aY9BQ', '°°°°°°°°°°°°°°°°°°°')]
'Epoch 103, train_loss=4.409980516959788, valid_loss=4.42300328725501'
[('a6e7R', '°°°°°°°°°°°°°°°°°°°'),
 ('GRP9F', '°°°°°°°°°°°°°°°°°°°'),
 ('34LUj', '°°°°°°°°°°°°°°°°°°°'),
 ('7nfWI', '°°°°°°°°°°°°°°°°°°°'),
 ('c8M9U', '°°°°°°°°°°°°°°°°°°°')]
'Epoch 104, train_loss=4.409724636158815, valid_loss=4.422715953633755'
[('aDeE6', '°°°°°°°°°°°°°°°°°°°'),
 ('ijf8Q', '°°°°°°°°°°°°°°°°°°°'),
 ('tbhyx', '°°°°°°°°°°°°°°°°°°°'),
 ('HsiGV', '°°°°°°°°°°°°°°°°°°°'),
 ('SAO3k', '°°°°°°°°°°°°°°°°°°°')]
'Epoch 105, train_loss=4.409945062397225, valid_loss=4.422801494598389'
[('XvuFx', '°°°°°°°°°°°°°°°°°°°'),
 ('fQFgr', '°°°°°°°°°°°°°°°°°°°'),
 ('dEjrg', '°°°°°°°°°°°°°°°°°°°'),
 ('kLeuv', '°°°°°°°°°°°°°°°°°°°'),
 ('kLeuv', '°°°°°°°°°°°°°°°°°°°')]
'Epoch 106, train_loss=4.410057140037396, valid_loss=4.422526293163058'
[('sOr5g', '°°°°°°°°°°°°°°°°°°°'),
 ('Shebg', '°°°°°°°°°°°°°°°°°°°'),
 ('5thIL', '°°°°°°°°°°°°°°°°°°°'),
 ('k9WXt', '°°°°°°°°°°°°°°°°°°°'),
 ('cuyJq', '°°°°°°°°°°°°°°°°°°°')]
'Epoch 107, train_loss=4.410054758549411, valid_loss=4.422640377962137'
[('eJU1K', '°°°°°°°°°°°°°°°°°°°'),
 ('wcYHm', '°°°°°°°°°°°°°°°°°°°'),
 ('YdF7a', '°°°°°°°°°°°°°°°°°°°'),
 ('DuUd8', '°°°°°°°°°°°°°°°°°°°'),
 ('WSvlR', '°°°°°°°°°°°°°°°°°°°')]
'Epoch 108, train_loss=4.409817895255298, valid_loss=4.422617592389071'
[('hyHx9', '°°°°°°°°°°°°°°°°°°°'),
 ('2dJzP', '°°°°°°°°°°°°°°°°°°°'),
 ('DPLhS', '°°°°°°°°°°°°°°°°°°°'),
 ('qKD5t', '°°°°°°°°°°°°°°°°°°°'),
 ('qKD5t', '°°°°°°°°°°°°°°°°°°°')]
'Epoch 109, train_loss=4.409982331908576, valid_loss=4.422702161571648'
[('YirKK', '°°°°°°°°°°°°°°°°°°°'),
 ('7PI2I', '°°°°°°°°°°°°°°°°°°°'),
 ('2FFcB', '°°°°°°°°°°°°°°°°°°°'),
 ('IifMP', '°°°°°°°°°°°°°°°°°°°'),
 ('Audxb', '°°°°°°°°°°°°°°°°°°°')]
'Epoch 110, train_loss=4.409833299051417, valid_loss=4.423100622394417'
[('MkplO', '°°°°°°°°°°°°°°°°°°°'),
 ('xSKqL', '°°°°°°°°°°°°°°°°°°°'),
 ('TCu9h', '°°°°°°°°°°°°°°°°°°°'),
 ('rNu7g', '°°°°°°°°°°°°°°°°°°°'),
 ('2qr2l', '°°°°°°°°°°°°°°°°°°°')]
'Epoch 111, train_loss=4.409943758008167, valid_loss=4.422876750366597'
[('Yqrqa', '°°°°°°°°°°°°°°°°°°°'),
 ('zyYdz', '°°°°°°°°°°°°°°°°°°°'),
 ('FLZdu', '°°°°°°°°°°°°°°°°°°°'),
 ('bDUWe', '°°°°°°°°°°°°°°°°°°°'),
 ('1w316', '°°°°°°°°°°°°°°°°°°°')]
'Epoch 112, train_loss=4.4099569691627, valid_loss=4.422676502903806'
[('FRzu1', '°°°°°°°°°°°°°°°°°°°'),
 ('KiVMa', '°°°°°°°°°°°°°°°°°°°'),
 ('C9cip', '°°°°°°°°°°°°°°°°°°°'),
 ('h26QT', '°°°°°°°°°°°°°°°°°°°'),
 ('Vmle9', '°°°°°°°°°°°°°°°°°°°')]
'Epoch 113, train_loss=4.410172834086115, valid_loss=4.422700248187101'
[('JYWXm', '°°°°°°°°°°°°°°°°°°°'),
 ('R6x1T', '°°°°°°°°°°°°°°°°°°°'),
 ('p79c5', '°°°°°°°°°°°°°°°°°°°'),
 ('hQCMw', '°°°°°°°°°°°°°°°°°°°'),
 ('GO1S5', '°°°°°°°°°°°°°°°°°°°')]
'Epoch 114, train_loss=4.410125515922967, valid_loss=4.422708607927153'
[('N2ePU', '°°°°°°°°°°°°°°°°°°°'),
 ('fGAiU', '°°°°°°°°°°°°°°°°°°°'),
 ('aheuQ', '°°°°°°°°°°°°°°°°°°°'),
 ('TCu9h', '°°°°°°°°°°°°°°°°°°°'),
 ('WSvlR', '°°°°°°°°°°°°°°°°°°°')]
'Epoch 115, train_loss=4.410034821765257, valid_loss=4.422758748259725'
[('7Sa1P', '°°°°°°°°°°°°°°°°°°°'),
 ('fQFgr', '°°°°°°°°°°°°°°°°°°°'),
 ('fqQBd', '°°°°°°°°°°°°°°°°°°°'),
 ('N2ePU', '°°°°°°°°°°°°°°°°°°°'),
 ('PctpY', '°°°°°°°°°°°°°°°°°°°')]
'Epoch 116, train_loss=4.4102470817458, valid_loss=4.422592845144151'
[('C9cip', '°°°°°°°°°°°°°°°°°°°'),
 ('vfEPM', '°°°°°°°°°°°°°°°°°°°'),
 ('hFKiy', '°°°°°°°°°°°°°°°°°°°'),
 ('rbHag', '°°°°°°°°°°°°°°°°°°°'),
 ('b8jI8', '°°°°°°°°°°°°°°°°°°°')]
'Epoch 117, train_loss=4.410150965673077, valid_loss=4.422823368748532'
[('ysu6N', '°°°°°°°°°°°°°°°°°°°'),
 ('wsKW1', '°°°°°°°°°°°°°°°°°°°'),
 ('f4Q5N', '°°°°°°°°°°°°°°°°°°°'),
 ('f5yYQ', '°°°°°°°°°°°°°°°°°°°'),
 ('GO1S5', '°°°°°°°°°°°°°°°°°°°')]
'Epoch 118, train_loss=4.409901430111121, valid_loss=4.422811761687074'
[('6Fdu9', '°°°°°°°°°°°°°°°°°°°'),
 ('PpxpL', '°°°°°°°°°°°°°°°°°°°'),
 ('7D12p', '°°°°°°°°°°°°°°°°°°°'),
 ('dIHKO', '°°°°°°°°°°°°°°°°°°°'),
 ('WsZMP', '°°°°°°°°°°°°°°°°°°°')]
'Epoch 119, train_loss=4.4101610446751875, valid_loss=4.422742716873748'
[('9Qsxw', '°°°°°°°°°°°°°°°°°°°'),
 ('1w316', '°°°°°°°°°°°°°°°°°°°'),
 ('a6e7R', '°°°°°°°°°°°°°°°°°°°'),
 ('b8jI8', '°°°°°°°°°°°°°°°°°°°'),
 ('rp4UB', '°°°°°°°°°°°°°°°°°°°')]
'Epoch 120, train_loss=4.409878588464675, valid_loss=4.422722695749017'
[('f4Q5N', '°°°°°°°°°°°°°°°°°°°'),
 ('21TfA', '°°°°°°°°°°°°°°°°°°°'),
 ('E1QLw', '°°°°°°°°°°°°°°°°°°°'),
 ('rTecj', '°°°°°°°°°°°°°°°°°°°'),
 ('aSIcq', '°°°°°°°°°°°°°°°°°°°')]
'Epoch 121, train_loss=4.409905482889739, valid_loss=4.42266580726527'
[('f11Ur', '°°°°°°°°°°°°°°°°°°°'),
 ('Oxe8T', '°°°°°°°°°°°°°°°°°°°'),
 ('fQFgr', '°°°°°°°°°°°°°°°°°°°'),
 ('xSKqL', '°°°°°°°°°°°°°°°°°°°'),
 ('eJU1K', '°°°°°°°°°°°°°°°°°°°')]
'Epoch 122, train_loss=4.41001629256123, valid_loss=4.422627424891991'
[('bvD2k', '°°°°°°°°°°°°°°°°°°°'),
 ('hFKiy', '°°°°°°°°°°°°°°°°°°°'),
 ('t44vT', '°°°°°°°°°°°°°°°°°°°'),
 ('BSZmt', '°°°°°°°°°°°°°°°°°°°'),
 ('vQahj', '°°°°°°°°°°°°°°°°°°°')]
'Epoch 123, train_loss=4.410246497670865, valid_loss=4.422692926624153'
[('xZAXw', '°°°°°°°°°°°°°°°°°°°'),
 ('NGIML', '°°°°°°°°°°°°°°°°°°°'),
 ('AfMwN', '°°°°°°°°°°°°°°°°°°°'),
 ('39Rni', '°°°°°°°°°°°°°°°°°°°'),
 ('DuUd8', '°°°°°°°°°°°°°°°°°°°')]
'Epoch 124, train_loss=4.409934632680372, valid_loss=4.422608266902875'
[('1jZmk', '°°°°°°°°°°°°°°°°°°°'),
 ('gNyM1', '°°°°°°°°°°°°°°°°°°°'),
 ('5JiQz', '°°°°°°°°°°°°°°°°°°°'),
 ('3ILjG', '°°°°°°°°°°°°°°°°°°°'),
 ('tOz4O', '°°°°°°°°°°°°°°°°°°°')]
'Epoch 125, train_loss=4.409937248203002, valid_loss=4.422864521606059'
[('WeUkp', '°°°°°°°°°°°°°°°°°°°'),
 ('rSX6W', '°°°°°°°°°°°°°°°°°°°'),
 ('1bTtw', '°°°°°°°°°°°°°°°°°°°'),
 ('54Jn4', '°°°°°°°°°°°°°°°°°°°'),
 ('EqCun', '°°°°°°°°°°°°°°°°°°°')]
'Epoch 126, train_loss=4.410146096808233, valid_loss=4.422840480563007'
[('Xna6s', '°°°°°°°°°°°°°°°°°°°'),
 ('sMrh3', '°°°°°°°°°°°°°°°°°°°'),
 ('TCu9h', '°°°°°°°°°°°°°°°°°°°'),
 ('E3RWf', '°°°°°°°°°°°°°°°°°°°'),
 ('QsZew', '°°°°°°°°°°°°°°°°°°°')]
'Epoch 127, train_loss=4.410053175611914, valid_loss=4.422546374646923'
[('7PI2I', '°°°°°°°°°°°°°°°°°°°'),
 ('MPTOk', '°°°°°°°°°°°°°°°°°°°'),
 ('6Fdu9', '°°°°°°°°°°°°°°°°°°°'),
 ('HdnaW', '°°°°°°°°°°°°°°°°°°°'),
 ('J8yGF', '°°°°°°°°°°°°°°°°°°°')]
'Epoch 128, train_loss=4.410108208150472, valid_loss=4.422749042510986'
[('EUYHr', '°°°°°°°°°°°°°°°°°°°'),
 ('PBChs', '°°°°°°°°°°°°°°°°°°°'),
 ('5thIL', '°°°°°°°°°°°°°°°°°°°'),
 ('l3dzg', '°°°°°°°°°°°°°°°°°°°'),
 ('KCnKr', '°°°°°°°°°°°°°°°°°°°')]
'Epoch 129, train_loss=4.409941893149973, valid_loss=4.422777489770817'
[('4xhG8', '°°°°°°°°°°°°°°°°°°°'),
 ('FPaAF', '°°°°°°°°°°°°°°°°°°°'),
 ('JnaC9', '°°°°°°°°°°°°°°°°°°°'),
 ('RrXQb', '°°°°°°°°°°°°°°°°°°°'),
 ('cWWKI', '°°°°°°°°°°°°°°°°°°°')]
'Epoch 130, train_loss=4.410030377804811, valid_loss=4.422661189791523'
[('7Sa1P', '°°°°°°°°°°°°°°°°°°°'),
 ('hFKiy', '°°°°°°°°°°°°°°°°°°°'),
 ('3KB4N', '°°°°°°°°°°°°°°°°°°°'),
 ('cSLb8', '°°°°°°°°°°°°°°°°°°°'),
 ('6WuK1', '°°°°°°°°°°°°°°°°°°°')]
'Epoch 131, train_loss=4.410024032565795, valid_loss=4.422756581366817'
[('cD4w4', '°°°°°°°°°°°°°°°°°°°'),
 ('EUYHr', '°°°°°°°°°°°°°°°°°°°'),
 ('MnX82', '°°°°°°°°°°°°°°°°°°°'),
 ('f5yYQ', '°°°°°°°°°°°°°°°°°°°'),
 ('MnX82', '°°°°°°°°°°°°°°°°°°°')]
'Epoch 132, train_loss=4.4100325185136375, valid_loss=4.422609329223633'
[('zx6ww', '°°°°°°°°°°°°°°°°°°°'),
 ('mM9Qa', '°°°°°°°°°°°°°°°°°°°'),
 ('j3f2c', '°°°°°°°°°°°°°°°°°°°'),
 ('rSX6W', '°°°°°°°°°°°°°°°°°°°'),
 ('ISR32', '°°°°°°°°°°°°°°°°°°°')]
'Epoch 133, train_loss=4.4100404095953225, valid_loss=4.422709718535218'
[('VHG12', '°°°°°°°°°°°°°°°°°°°'),
 ('VM3db', '°°°°°°°°°°°°°°°°°°°'),
 ('T46U2', '°°°°°°°°°°°°°°°°°°°'),
 ('DOfex', '°°°°°°°°°°°°°°°°°°°'),
 ('NGIML', '°°°°°°°°°°°°°°°°°°°')]
'Epoch 134, train_loss=4.410021222126703, valid_loss=4.422857049145276'
[('TnhOf', '°°°°°°°°°°°°°°°°°°°'),
 ('XRRcc', '°°°°°°°°°°°°°°°°°°°'),
 ('AbHNd', '°°°°°°°°°°°°°°°°°°°'),
 ('9Qsxw', '°°°°°°°°°°°°°°°°°°°'),
 ('KUAJl', '°°°°°°°°°°°°°°°°°°°')]
'Epoch 135, train_loss=4.409795840019215, valid_loss=4.422881060008761'
[('D2Xpc', '°°°°°°°°°°°°°°°°°°°'),
 ('nvN6S', '°°°°°°°°°°°°°°°°°°°'),
 ('PLvsE', '°°°°°°°°°°°°°°°°°°°'),
 ('3VJ9A', '°°°°°°°°°°°°°°°°°°°'),
 ('uC2GG', '°°°°°°°°°°°°°°°°°°°')]
'Epoch 136, train_loss=4.409967782642413, valid_loss=4.422455407396147'
[('S6VFn', '°°°°°°°°°°°°°°°°°°°'),
 ('KmNv5', '°°°°°°°°°°°°°°°°°°°'),
 ('UbEpJ', '°°°°°°°°°°°°°°°°°°°'),
 ('FPaAF', '°°°°°°°°°°°°°°°°°°°'),
 ('tpQGH', '°°°°°°°°°°°°°°°°°°°')]
'Epoch 137, train_loss=4.410006789540637, valid_loss=4.422734254523169'
[('Qnz7e', '°°°°°°°°°°°°°°°°°°°'),
 ('wa8sV', '°°°°°°°°°°°°°°°°°°°'),
 ('Xna6s', '°°°°°°°°°°°°°°°°°°°'),
 ('E3RWf', '°°°°°°°°°°°°°°°°°°°'),
 ('BL2Pq', '°°°°°°°°°°°°°°°°°°°')]
'Epoch 138, train_loss=4.410007037738763, valid_loss=4.422975630699834'
[('DPLhS', '°°°°°°°°°°°°°°°°°°°'),
 ('Wuvg4', '°°°°°°°°°°°°°°°°°°°'),
 ('1KM7w', '°°°°°°°°°°°°°°°°°°°'),
 ('v8iwK', '°°°°°°°°°°°°°°°°°°°'),
 ('Y1ijv', '°°°°°°°°°°°°°°°°°°°')]
'Epoch 139, train_loss=4.4099969695278745, valid_loss=4.422795899306672'
[('C8V9T', '°°°°°°°°°°°°°°°°°°°'),
 ('AZsMY', '°°°°°°°°°°°°°°°°°°°'),
 ('ijf8Q', '°°°°°°°°°°°°°°°°°°°'),
 ('TnhOf', '°°°°°°°°°°°°°°°°°°°'),
 ('YB9xh', '°°°°°°°°°°°°°°°°°°°')]
'Epoch 140, train_loss=4.409758685164607, valid_loss=4.422804084005235'
[('hKjwU', '°°°°°°°°°°°°°°°°°°°'),
 ('hc1qZ', '°°°°°°°°°°°°°°°°°°°'),
 ('pAEw2', '°°°°°°°°°°°°°°°°°°°'),
 ('fQFgr', '°°°°°°°°°°°°°°°°°°°'),
 ('FAjWO', '°°°°°°°°°°°°°°°°°°°')]
'Epoch 141, train_loss=4.409703496827769, valid_loss=4.42274976078468'
[('lwepH', '°°°°°°°°°°°°°°°°°°°'),
 ('52ufM', '°°°°°°°°°°°°°°°°°°°'),
 ('Rxtf2', '°°°°°°°°°°°°°°°°°°°'),
 ('52ufM', '°°°°°°°°°°°°°°°°°°°'),
 ('WeUkp', '°°°°°°°°°°°°°°°°°°°')]
'Epoch 142, train_loss=4.409908059968638, valid_loss=4.4228405228144005'
[('Nt8ic', '°°°°°°°°°°°°°°°°°°°'),
 ('JBWr6', '°°°°°°°°°°°°°°°°°°°'),
 ('3TrHm', '°°°°°°°°°°°°°°°°°°°'),
 ('JXyW8', '°°°°°°°°°°°°°°°°°°°'),
 ('52ufM', '°°°°°°°°°°°°°°°°°°°')]
'Epoch 143, train_loss=4.410161396064381, valid_loss=4.422773964797394'
[('jXrMw', '°°°°°°°°°°°°°°°°°°°'),
 ('lR9Yr', '°°°°°°°°°°°°°°°°°°°'),
 ('Bmp33', '°°°°°°°°°°°°°°°°°°°'),
 ('IPnAd', '°°°°°°°°°°°°°°°°°°°'),
 ('3KB4N', '°°°°°°°°°°°°°°°°°°°')]
'Epoch 144, train_loss=4.409966468811035, valid_loss=4.422442279284513'
[('EXUDl', '°°°°°°°°°°°°°°°°°°°'),
 ('YmcDl', '°°°°°°°°°°°°°°°°°°°'),
 ('ckzvi', '°°°°°°°°°°°°°°°°°°°'),
 ('yaDA8', '°°°°°°°°°°°°°°°°°°°'),
 ('6IbUz', '°°°°°°°°°°°°°°°°°°°')]
'Epoch 145, train_loss=4.410039565182137, valid_loss=4.4227414493319355'
[('6WuK1', '°°°°°°°°°°°°°°°°°°°'),
 ('bYqEE', '°°°°°°°°°°°°°°°°°°°'),
 ('PpxpL', '°°°°°°°°°°°°°°°°°°°'),
 ('ijf8Q', '°°°°°°°°°°°°°°°°°°°'),
 ('T46U2', '°°°°°°°°°°°°°°°°°°°')]
'Epoch 146, train_loss=4.410115058553607, valid_loss=4.422728948955294'
[('WeUkp', '°°°°°°°°°°°°°°°°°°°'),
 ('Ss8Xr', '°°°°°°°°°°°°°°°°°°°'),
 ('fffBA', '°°°°°°°°°°°°°°°°°°°'),
 ('JBWr6', '°°°°°°°°°°°°°°°°°°°'),
 ('KCnKr', '°°°°°°°°°°°°°°°°°°°')]
'Epoch 147, train_loss=4.409891328177661, valid_loss=4.422533077529714'
[('QR2EH', '°°°°°°°°°°°°°°°°°°°'),
 ('zx6ww', '°°°°°°°°°°°°°°°°°°°'),
 ('f8BwQ', '°°°°°°°°°°°°°°°°°°°'),
 ('93EdA', '°°°°°°°°°°°°°°°°°°°'),
 ('TMMc5', '°°°°°°°°°°°°°°°°°°°')]
'Epoch 148, train_loss=4.410106193564063, valid_loss=4.422643595103976'
[('vd9iV', '°°°°°°°°°°°°°°°°°°°'),
 ('x5O5s', '°°°°°°°°°°°°°°°°°°°'),
 ('iFxPO', '°°°°°°°°°°°°°°°°°°°'),
 ('AfMwN', '°°°°°°°°°°°°°°°°°°°'),
 ('qgfbO', '°°°°°°°°°°°°°°°°°°°')]
'Epoch 149, train_loss=4.409999843365401, valid_loss=4.42270339289798'
[('cvRDV', '°°°°°°°°°°°°°°°°°°°'),
 ('O9sAd', '°°°°°°°°°°°°°°°°°°°'),
 ('7Qm6c', '°°°°°°°°°°°°°°°°°°°'),
 ('lIwBL', '°°°°°°°°°°°°°°°°°°°'),
 ('72b2g', '°°°°°°°°°°°°°°°°°°°')]
'Epoch 150, train_loss=4.41001184185627, valid_loss=4.422795187068891'
[('4WDWJ', '°°°°°°°°°°°°°°°°°°°'),
 ('s2Td9', '°°°°°°°°°°°°°°°°°°°'),
 ('l3dzg', '°°°°°°°°°°°°°°°°°°°'),
 ('B2uQt', '°°°°°°°°°°°°°°°°°°°'),
 ('3LBZT', '°°°°°°°°°°°°°°°°°°°')]
'Epoch 151, train_loss=4.40975773621145, valid_loss=4.422646685491634'
[('bDUWe', '°°°°°°°°°°°°°°°°°°°'),
 ('MPTOk', '°°°°°°°°°°°°°°°°°°°'),
 ('k9WXt', '°°°°°°°°°°°°°°°°°°°'),
 ('pAEw2', '°°°°°°°°°°°°°°°°°°°'),
 ('lwepH', '°°°°°°°°°°°°°°°°°°°')]
'Epoch 152, train_loss=4.41005581743815, valid_loss=4.422858322723003'
[('nCiR7', '°°°°°°°°°°°°°°°°°°°'),
 ('mpVY9', '°°°°°°°°°°°°°°°°°°°'),
 ('PCN2i', '°°°°°°°°°°°°°°°°°°°'),
 ('CChLT', '°°°°°°°°°°°°°°°°°°°'),
 ('FanTp', '°°°°°°°°°°°°°°°°°°°')]
'Epoch 153, train_loss=4.410006934547694, valid_loss=4.422785583930679'
[('pKv9C', '°°°°°°°°°°°°°°°°°°°'),
 ('AbHNd', '°°°°°°°°°°°°°°°°°°°'),
 ('OJFhn', '°°°°°°°°°°°°°°°°°°°'),
 ('qqlpJ', '°°°°°°°°°°°°°°°°°°°'),
 ('OCAu7', '°°°°°°°°°°°°°°°°°°°')]
'Epoch 154, train_loss=4.4099050809166895, valid_loss=4.42276961893975'
[('ysu6N', '°°°°°°°°°°°°°°°°°°°'),
 ('bvD2k', '°°°°°°°°°°°°°°°°°°°'),
 ('zzFiV', '°°°°°°°°°°°°°°°°°°°'),
 ('bvD2k', '°°°°°°°°°°°°°°°°°°°'),
 ('KmNv5', '°°°°°°°°°°°°°°°°°°°')]
'Epoch 155, train_loss=4.410014411516203, valid_loss=4.423036472706855'
[('nNdFk', '°°°°°°°°°°°°°°°°°°°'),
 ('JwtcI', '°°°°°°°°°°°°°°°°°°°'),
 ('tbEth', '°°°°°°°°°°°°°°°°°°°'),
 ('HdUFL', '°°°°°°°°°°°°°°°°°°°'),
 ('kGFtR', '°°°°°°°°°°°°°°°°°°°')]
'Epoch 156, train_loss=4.409831669576771, valid_loss=4.422589374493949'
[('nvN6S', '°°°°°°°°°°°°°°°°°°°'),
 ('79mAR', '°°°°°°°°°°°°°°°°°°°'),
 ('HpFiA', '°°°°°°°°°°°°°°°°°°°'),
 ('aPQEV', '°°°°°°°°°°°°°°°°°°°'),
 ('7nfWI', '°°°°°°°°°°°°°°°°°°°')]
'Epoch 157, train_loss=4.409822863938953, valid_loss=4.4227228466468524'
[('AKPBI', '°°°°°°°°°°°°°°°°°°°'),
 ('MqWSu', '°°°°°°°°°°°°°°°°°°°'),
 ('hHNEu', '°°°°°°°°°°°°°°°°°°°'),
 ('BL2Pq', '°°°°°°°°°°°°°°°°°°°'),
 ('uXaMx', '°°°°°°°°°°°°°°°°°°°')]
'Epoch 158, train_loss=4.409968288480982, valid_loss=4.422727651233915'
[('cmcen', '°°°°°°°°°°°°°°°°°°°'),
 ('B2uQt', '°°°°°°°°°°°°°°°°°°°'),
 ('wU3Rh', '°°°°°°°°°°°°°°°°°°°'),
 ('f2qpA', '°°°°°°°°°°°°°°°°°°°'),
 ('DUuFi', '°°°°°°°°°°°°°°°°°°°')]
'Epoch 159, train_loss=4.409794736616682, valid_loss=4.422808737694463'
[('PpxpL', '°°°°°°°°°°°°°°°°°°°'),
 ('rbHag', '°°°°°°°°°°°°°°°°°°°'),
 ('8CgkI', '°°°°°°°°°°°°°°°°°°°'),
 ('IXle6', '°°°°°°°°°°°°°°°°°°°'),
 ('c8M9U', '°°°°°°°°°°°°°°°°°°°')]
'Epoch 160, train_loss=4.410112078827207, valid_loss=4.422718995734106'
[('cGiBD', '°°°°°°°°°°°°°°°°°°°'),
 ('VfdeQ', '°°°°°°°°°°°°°°°°°°°'),
 ('sthQw', '°°°°°°°°°°°°°°°°°°°'),
 ('KEIEz', '°°°°°°°°°°°°°°°°°°°'),
 ('L3wlw', '°°°°°°°°°°°°°°°°°°°')]
'Epoch 161, train_loss=4.409848010860373, valid_loss=4.422793931598905'
[('tOz4O', '°°°°°°°°°°°°°°°°°°°'),
 ('LjnGu', '°°°°°°°°°°°°°°°°°°°'),
 ('ysu6N', '°°°°°°°°°°°°°°°°°°°'),
 ('kLeuv', '°°°°°°°°°°°°°°°°°°°'),
 ('OWFua', '°°°°°°°°°°°°°°°°°°°')]
'Epoch 162, train_loss=4.40984906907466, valid_loss=4.422336240357991'
[('bGvIT', '°°°°°°°°°°°°°°°°°°°'),
 ('jXJd2', '°°°°°°°°°°°°°°°°°°°'),
 ('CxlQ1', '°°°°°°°°°°°°°°°°°°°'),
 ('c8M9U', '°°°°°°°°°°°°°°°°°°°'),
 ('dIliP', '°°°°°°°°°°°°°°°°°°°')]
'Epoch 163, train_loss=4.409795758410593, valid_loss=4.422573862196524'
[('Jiit3', '°°°°°°°°°°°°°°°°°°°'),
 ('kOrVp', '°°°°°°°°°°°°°°°°°°°'),
 ('TnhOf', '°°°°°°°°°°°°°°°°°°°'),
 ('TfQB3', '°°°°°°°°°°°°°°°°°°°'),
 ('YwqnU', '°°°°°°°°°°°°°°°°°°°')]
'Epoch 164, train_loss=4.409958444187969, valid_loss=4.42270300056361'
[('A7utP', '°°°°°°°°°°°°°°°°°°°'),
 ('SaNcQ', '°°°°°°°°°°°°°°°°°°°'),
 ('CG74P', '°°°°°°°°°°°°°°°°°°°'),
 ('gNyM1', '°°°°°°°°°°°°°°°°°°°'),
 ('zzFiV', '°°°°°°°°°°°°°°°°°°°')]
'Epoch 165, train_loss=4.409898268957287, valid_loss=4.422864829437642'
[('MnX82', '°°°°°°°°°°°°°°°°°°°'),
 ('qqlpJ', '°°°°°°°°°°°°°°°°°°°'),
 ('7caGn', '°°°°°°°°°°°°°°°°°°°'),
 ('f4Q5N', '°°°°°°°°°°°°°°°°°°°'),
 ('hlMAc', '°°°°°°°°°°°°°°°°°°°')]
'Epoch 166, train_loss=4.410057028752911, valid_loss=4.4228923894182035'
[('ijf8Q', '°°°°°°°°°°°°°°°°°°°'),
 ('NmBEE', '°°°°°°°°°°°°°°°°°°°'),
 ('h5bdl', '°°°°°°°°°°°°°°°°°°°'),
 ('h26QT', '°°°°°°°°°°°°°°°°°°°'),
 ('cuyJq', '°°°°°°°°°°°°°°°°°°°')]
'Epoch 167, train_loss=4.409887653766292, valid_loss=4.422562774223618'
[('PUpWe', '°°°°°°°°°°°°°°°°°°°'),
 ('AKPBI', '°°°°°°°°°°°°°°°°°°°'),
 ('dHj5r', '°°°°°°°°°°°°°°°°°°°'),
 ('GePlm', '°°°°°°°°°°°°°°°°°°°'),
 ('hwdQQ', '°°°°°°°°°°°°°°°°°°°')]
'Epoch 168, train_loss=4.410057991195096, valid_loss=4.42258624789081'
[('ISR32', '°°°°°°°°°°°°°°°°°°°'),
 ('cuyJq', '°°°°°°°°°°°°°°°°°°°'),
 ('79mAR', '°°°°°°°°°°°°°°°°°°°'),
 ('EPL9t', '°°°°°°°°°°°°°°°°°°°'),
 ('c2XOG', '°°°°°°°°°°°°°°°°°°°')]
'Epoch 169, train_loss=4.410040553927927, valid_loss=4.422886287109761'
[('B2FRP', '°°°°°°°°°°°°°°°°°°°'),
 ('3ZaGN', '°°°°°°°°°°°°°°°°°°°'),
 ('fvHQZ', '°°°°°°°°°°°°°°°°°°°'),
 ('aNYm8', '°°°°°°°°°°°°°°°°°°°'),
 ('IPnAd', '°°°°°°°°°°°°°°°°°°°')]
'Epoch 170, train_loss=4.409966661704143, valid_loss=4.4227594182461125'
[('MCW9B', '°°°°°°°°°°°°°°°°°°°'),
 ('6Gkg4', '°°°°°°°°°°°°°°°°°°°'),
 ('MlvxE', '°°°°°°°°°°°°°°°°°°°'),
 ('MlvxE', '°°°°°°°°°°°°°°°°°°°'),
 ('3bzJb', '°°°°°°°°°°°°°°°°°°°')]
'Epoch 171, train_loss=4.4100778241137295, valid_loss=4.422543580019021'
[('bvD2k', '°°°°°°°°°°°°°°°°°°°'),
 ('h98PH', '°°°°°°°°°°°°°°°°°°°'),
 ('FqeaO', '°°°°°°°°°°°°°°°°°°°'),
 ('aY9BQ', '°°°°°°°°°°°°°°°°°°°'),
 ('YirKK', '°°°°°°°°°°°°°°°°°°°')]
'Epoch 172, train_loss=4.4099773537826, valid_loss=4.422790980037255'
[('4jlk3', '°°°°°°°°°°°°°°°°°°°'),
 ('RAMsC', '°°°°°°°°°°°°°°°°°°°'),
 ('an99a', '°°°°°°°°°°°°°°°°°°°'),
 ('XmDPi', '°°°°°°°°°°°°°°°°°°°'),
 ('YirKK', '°°°°°°°°°°°°°°°°°°°')]
'Epoch 173, train_loss=4.409923004463336, valid_loss=4.422856674918646'
[('S6VFn', '°°°°°°°°°°°°°°°°°°°'),
 ('UDMC3', '°°°°°°°°°°°°°°°°°°°'),
 ('pAEw2', '°°°°°°°°°°°°°°°°°°°'),
 ('j3f2c', '°°°°°°°°°°°°°°°°°°°'),
 ('8CgkI', '°°°°°°°°°°°°°°°°°°°')]
'Epoch 174, train_loss=4.410029439642878, valid_loss=4.422672241548948'
[('Shebg', '°°°°°°°°°°°°°°°°°°°'),
 ('9Nheh', '°°°°°°°°°°°°°°°°°°°'),
 ('t44vT', '°°°°°°°°°°°°°°°°°°°'),
 ('AvDtE', '°°°°°°°°°°°°°°°°°°°'),
 ('1bTtw', '°°°°°°°°°°°°°°°°°°°')]
'Epoch 175, train_loss=4.410065047305915, valid_loss=4.422659855854662'
[('WxylP', '°°°°°°°°°°°°°°°°°°°'),
 ('lySWq', '°°°°°°°°°°°°°°°°°°°'),
 ('OOKnU', '°°°°°°°°°°°°°°°°°°°'),
 ('6WuK1', '°°°°°°°°°°°°°°°°°°°'),
 ('Bx8eh', '°°°°°°°°°°°°°°°°°°°')]
'Epoch 176, train_loss=4.409962142205138, valid_loss=4.422711293908614'
[('l5t6O', '°°°°°°°°°°°°°°°°°°°'),
 ('xJAsJ', '°°°°°°°°°°°°°°°°°°°'),
 ('bXqHn', '°°°°°°°°°°°°°°°°°°°'),
 ('TfQB3', '°°°°°°°°°°°°°°°°°°°'),
 ('EYuXc', '°°°°°°°°°°°°°°°°°°°')]
'Epoch 177, train_loss=4.410094893130419, valid_loss=4.422805689558198'
[('cD4w4', '°°°°°°°°°°°°°°°°°°°'),
 ('Ksbnu', '°°°°°°°°°°°°°°°°°°°'),
 ('i6cjm', '°°°°°°°°°°°°°°°°°°°'),
 ('zyYdz', '°°°°°°°°°°°°°°°°°°°'),
 ('ysu6N', '°°°°°°°°°°°°°°°°°°°')]
'Epoch 178, train_loss=4.409769406244475, valid_loss=4.4227028677735145'
[('x6QbC', '°°°°°°°°°°°°°°°°°°°'),
 ('WdqA5', '°°°°°°°°°°°°°°°°°°°'),
 ('C9cip', '°°°°°°°°°°°°°°°°°°°'),
 ('Ugd8J', '°°°°°°°°°°°°°°°°°°°'),
 ('6654V', '°°°°°°°°°°°°°°°°°°°')]
'Epoch 179, train_loss=4.409911552278122, valid_loss=4.42264301565629'
[('gzudM', '°°°°°°°°°°°°°°°°°°°'),
 ('xMzaw', '°°°°°°°°°°°°°°°°°°°'),
 ('sE1FO', '°°°°°°°°°°°°°°°°°°°'),
 ('EzdBk', '°°°°°°°°°°°°°°°°°°°'),
 ('B2uQt', '°°°°°°°°°°°°°°°°°°°')]
'Epoch 180, train_loss=4.410002781950264, valid_loss=4.423376083374023'
[('NNrGM', '°°°°°°°°°°°°°°°°°°°'),
 ('dHj5r', '°°°°°°°°°°°°°°°°°°°'),
 ('IKvpq', '°°°°°°°°°°°°°°°°°°°'),
 ('gdrcL', '°°°°°°°°°°°°°°°°°°°'),
 ('a6e7R', '°°°°°°°°°°°°°°°°°°°')]
'Epoch 181, train_loss=4.409920803728333, valid_loss=4.42268287682835'
[('YB9xh', '°°°°°°°°°°°°°°°°°°°'),
 ('iFxPO', '°°°°°°°°°°°°°°°°°°°'),
 ('4Qt5P', '°°°°°°°°°°°°°°°°°°°'),
 ('AvDtE', '°°°°°°°°°°°°°°°°°°°'),
 ('E1QLw', '°°°°°°°°°°°°°°°°°°°')]
'Epoch 182, train_loss=4.4098042092869605, valid_loss=4.42270373090913'
[('sE1FO', '°°°°°°°°°°°°°°°°°°°'),
 ('c2XOG', '°°°°°°°°°°°°°°°°°°°'),
 ('Dxfj6', '°°°°°°°°°°°°°°°°°°°'),
 ('OJFhn', '°°°°°°°°°°°°°°°°°°°'),
 ('yaDA8', '°°°°°°°°°°°°°°°°°°°')]
'Epoch 183, train_loss=4.409951207998619, valid_loss=4.422585342503801'
[('YB9xh', '°°°°°°°°°°°°°°°°°°°'),
 ('xZAXw', '°°°°°°°°°°°°°°°°°°°'),
 ('NP4fe', '°°°°°°°°°°°°°°°°°°°'),
 ('hcamn', '°°°°°°°°°°°°°°°°°°°'),
 ('Audxb', '°°°°°°°°°°°°°°°°°°°')]
'Epoch 184, train_loss=4.409868175609108, valid_loss=4.422719834726068'
[('QWWiD', '°°°°°°°°°°°°°°°°°°°'),
 ('XmDPi', '°°°°°°°°°°°°°°°°°°°'),
 ('trEfJ', '°°°°°°°°°°°°°°°°°°°'),
 ('ghRnH', '°°°°°°°°°°°°°°°°°°°'),
 ('Vghbh', '°°°°°°°°°°°°°°°°°°°')]
'Epoch 185, train_loss=4.410031947253279, valid_loss=4.4225957363466675'
[('NW4NC', '°°°°°°°°°°°°°°°°°°°'),
 ('F7Onp', '°°°°°°°°°°°°°°°°°°°'),
 ('RrXQb', '°°°°°°°°°°°°°°°°°°°'),
 ('SwBc6', '°°°°°°°°°°°°°°°°°°°'),
 ('IXle6', '°°°°°°°°°°°°°°°°°°°')]
'Epoch 186, train_loss=4.409743118151242, valid_loss=4.422364307355277'
[('SAO3k', '°°°°°°°°°°°°°°°°°°°'),
 ('MqWSu', '°°°°°°°°°°°°°°°°°°°'),
 ('Tj8m3', '°°°°°°°°°°°°°°°°°°°'),
 ('JBWr6', '°°°°°°°°°°°°°°°°°°°'),
 ('lR9Yr', '°°°°°°°°°°°°°°°°°°°')]
'Epoch 187, train_loss=4.409938403538296, valid_loss=4.423005436040178'
[('2ezZl', '°°°°°°°°°°°°°°°°°°°'),
 ('QutTG', '°°°°°°°°°°°°°°°°°°°'),
 ('yIcsY', '°°°°°°°°°°°°°°°°°°°'),
 ('lNdwC', '°°°°°°°°°°°°°°°°°°°'),
 ('mAAPd', '°°°°°°°°°°°°°°°°°°°')]
'Epoch 188, train_loss=4.4097963236008875, valid_loss=4.422429941877534'
[('cD4w4', '°°°°°°°°°°°°°°°°°°°'),
 ('FAjWO', '°°°°°°°°°°°°°°°°°°°'),
 ('bzEQM', '°°°°°°°°°°°°°°°°°°°'),
 ('Jy6gn', '°°°°°°°°°°°°°°°°°°°'),
 ('k9WXt', '°°°°°°°°°°°°°°°°°°°')]
'Epoch 189, train_loss=4.409856506924987, valid_loss=4.422550817079182'
[('21TfA', '°°°°°°°°°°°°°°°°°°°'),
 ('XmDPi', '°°°°°°°°°°°°°°°°°°°'),
 ('YwqnU', '°°°°°°°°°°°°°°°°°°°'),
 ('N4rJq', '°°°°°°°°°°°°°°°°°°°'),
 ('uXaMx', '°°°°°°°°°°°°°°°°°°°')]
'Epoch 190, train_loss=4.409886487639777, valid_loss=4.422622632376755'
[('4xhG8', '°°°°°°°°°°°°°°°°°°°'),
 ('WpYFu', '°°°°°°°°°°°°°°°°°°°'),
 ('RStAM', '°°°°°°°°°°°°°°°°°°°'),
 ('ucLBZ', '°°°°°°°°°°°°°°°°°°°'),
 ('Ss8Xr', '°°°°°°°°°°°°°°°°°°°')]
'Epoch 191, train_loss=4.410049649579859, valid_loss=4.422812799864177'
[('rTecj', '°°°°°°°°°°°°°°°°°°°'),
 ('PUpWe', '°°°°°°°°°°°°°°°°°°°'),
 ('C9cip', '°°°°°°°°°°°°°°°°°°°'),
 ('tpQGH', '°°°°°°°°°°°°°°°°°°°'),
 ('AZBvC', '°°°°°°°°°°°°°°°°°°°')]
'Epoch 192, train_loss=4.41014025470998, valid_loss=4.42270309110231'
[('KA87M', '°°°°°°°°°°°°°°°°°°°'),
 ('SzSJC', '°°°°°°°°°°°°°°°°°°°'),
 ('kOrVp', '°°°°°°°°°°°°°°°°°°°'),
 ('iyaez', '°°°°°°°°°°°°°°°°°°°'),
 ('ySrBj', '°°°°°°°°°°°°°°°°°°°')]
'Epoch 193, train_loss=4.410103223279982, valid_loss=4.422436339945733'
[('xZAXw', '°°°°°°°°°°°°°°°°°°°'),
 ('SAO3k', '°°°°°°°°°°°°°°°°°°°'),
 ('RStAM', '°°°°°°°°°°°°°°°°°°°'),
 ('RAMsC', '°°°°°°°°°°°°°°°°°°°'),
 ('dl68O', '°°°°°°°°°°°°°°°°°°°')]
'Epoch 194, train_loss=4.410016669579577, valid_loss=4.422690107852598'
[('HirkS', '°°°°°°°°°°°°°°°°°°°'),
 ('llAQt', '°°°°°°°°°°°°°°°°°°°'),
 ('ssc5s', '°°°°°°°°°°°°°°°°°°°'),
 ('Qnz7e', '°°°°°°°°°°°°°°°°°°°'),
 ('Jy6gn', '°°°°°°°°°°°°°°°°°°°')]
'Epoch 195, train_loss=4.409841399887495, valid_loss=4.422503284261197'
[('gdrcL', '°°°°°°°°°°°°°°°°°°°'),
 ('NLWKO', '°°°°°°°°°°°°°°°°°°°'),
 ('Vghbh', '°°°°°°°°°°°°°°°°°°°'),
 ('fpNkA', '°°°°°°°°°°°°°°°°°°°'),
 ('21TfA', '°°°°°°°°°°°°°°°°°°°')]
'Epoch 196, train_loss=4.409967890554642, valid_loss=4.422745203670067'
[('HirkS', '°°°°°°°°°°°°°°°°°°°'),
 ('VlbqG', '°°°°°°°°°°°°°°°°°°°'),
 ('HirkS', '°°°°°°°°°°°°°°°°°°°'),
 ('a6e7R', '°°°°°°°°°°°°°°°°°°°'),
 ('xctag', '°°°°°°°°°°°°°°°°°°°')]
'Epoch 197, train_loss=4.410060022642791, valid_loss=4.422639339785032'
[('vd9iV', '°°°°°°°°°°°°°°°°°°°'),
 ('QVD4H', '°°°°°°°°°°°°°°°°°°°'),
 ('qKD5t', '°°°°°°°°°°°°°°°°°°°'),
 ('39Rni', '°°°°°°°°°°°°°°°°°°°'),
 ('HpeyQ', '°°°°°°°°°°°°°°°°°°°')]
'Epoch 198, train_loss=4.4096919225668465, valid_loss=4.422608116005041'
[('HdnaW', '°°°°°°°°°°°°°°°°°°°'),
 ('fQFgr', '°°°°°°°°°°°°°°°°°°°'),
 ('aY9BQ', '°°°°°°°°°°°°°°°°°°°'),
 ('aSIcq', '°°°°°°°°°°°°°°°°°°°'),
 ('ghRnH', '°°°°°°°°°°°°°°°°°°°')]
'Epoch 199, train_loss=4.409902188194523, valid_loss=4.422891109804564'
