/home/panav/coding_stuff/Final_Captcha/src/dataset.py:19: UserWarning: Argument(s) 'always' are not valid for transform Normalize
  albumentations.Normalize(always=True)
/home/panav/miniconda3/lib/python3.12/site-packages/torch/optim/lr_scheduler.py:62: UserWarning: The verbose parameter is deprecated. Please use get_last_lr() to access the learning rate.
  warnings.warn(
6282
[[27 56 56 33 43]
 [47 33 35 37 18]
 [ 9 52  4 40 51]
 ...
 [51  9 37 37 43]
 [13  3 31 19 48]
 [19  8 32 40 29]]
60
[('l35dj',
  '°°°°°°°°°°°°°°°°°L°°°°°°°°°°°°°°°°°°°°°°D°°°°°°°°°°°°°°JJ°°°°°°°°°°°°°°°°°°'),
 ('JYWXm',
  '°°°°°°°°°°°°°°°°°°°J°°°°°°Y°°°°°°°°°°°°°°°°°°°°°x°°°°r°°°m°°°°°°°°°°°°°°°°°'),
 ('NP4fe',
  '°°°°°°°°°°°°°°°°N°°°°°°°°°°°°°°4°°°°F°°°°f°°°6°°°°°°°°°°°°°°°°°°°°°°°°°°°°°'),
 ('EYuXc',
  '°°°°°°°°°°°°°°°°B°°°°°°°°°°°Y°°°°°u°°°°°°°°°X°°°°°d°°°°°°°°°°°°°°°°°°°°°°°°'),
 ('M2ird',
  '°°°°°°°°°°°°°°°°°°°°°°i°°°°°°°°°a°°°°°°°°°°°°d°°°°°°°°°°°°°°°°°°°°°°°°°°°°°')]
'Epoch 0, train_loss=1.671203219738843, valid_loss=2.634971078438095'
[('x6QbC',
  '°°°°°°°°°°°°°°°°°°°°°°°°°°8°°°°°Q°°°°°°°°b°°°°°°r°°°°°°°°°°°°°°°°°°°°°°°°°°'),
 ('IXle6',
  '°°°°°°°°°°°°°°°°°°°°°°T°°°°°X°°°°°°°e°°°°°°6°°°°°°°°°°°°°°°°°°°°°°°°°°°°°°°'),
 ('eiD1m',
  '°°°°°°°°°°°°°°°°°°e°°°°°°°i°D°°°°°°°°°°°°r°°°°°°°°°°°°°°°°°°°°°°°°°°°°°°°°°'),
 ('435w6',
  '°°°°°°°°°°4°°°°°°°°°°°3°°°°°°°°°°5°°°°°°°°°°°°°°°°°°°°°°°66°°°°°°°°°°°°°°°°'),
 ('brjxs',
  '°°°°°°°°°°°°°°°°°°°°°°°B°°°°°°°°°°°°j°°°°°°°°°°°°s°°°°°°°°°°°°°°°°°°°°°°°°°')]
'Epoch 1, train_loss=1.6942111231818733, valid_loss=2.6018482401401184'
[('dl68O',
  '°°°°°°°°°°°°°g°°°°°°M°°°°°°°°°6°°°°°°°°°8°S°°°°°°°°Q°°°°°°°°°°°°°°°°°°°°°°°'),
 ('Ss8Xr',
  '°°°°°°°°°°°°°3°°°°°°°°°°s°°°°°°°°°8°°°°°°°°°°°°°X°°°°°°m°°°°°°°°°°°°°°°°°°°'),
 ('sPZNW',
  '°°°°°°°°°s°°°°°°°T°°°°°°°°°°z°°°2°°°°°°°°°°°°°°°°°°°°W°°°°°W°°°°°°°°°°°°°°°'),
 ('hW7hK',
  '°°°°°°°°°°°°h°°°°°°°°°°°°°°°°°°°z°°°°3°°°4°°°°°°°°°°°°°°°°°KK°°°°°°°°°°°°°°'),
 ('21TfA',
  '°°°°°°°°°°°°°2°°°°°°°°°°°°°°°°°°°°°°°°°°ff°°°°°°°Y°°°°°°°°°°°°°°°°°°°°°°°°°')]
'Epoch 2, train_loss=1.6756624396484676, valid_loss=2.559156739259068'
[('DPLhS',
  '°°°°°°°°°°°°°B°°°°°°°°°°°°°T°°°°°°°°°°°°°°°°°°°b°°°°n°°SS°°°°°°°°°°°°°°°°°°'),
 ('ZAdPz',
  '°°°°°°°°°°°°°°°°°°Z°°°°°°°A°°°°°°°°d°°°°°°F°°°°°°°°°°zz°°°°°°°°°°°°°°°°°°°°'),
 ('34LUj',
  '°°°°°°°°°°°°33°°°°°°°°°°44°°°°°°°°°°L°°°°°°U°°°°°J°°°°j°°°°°°°°°°°°°°°°°°°°'),
 ('4szGj',
  '°°°°°°°°°°°°°°°4°°°°°°°°°s°°°°°°2°°°°°°f°°°°°°°°°°°°°°°°°°°°°°°°°°°°°°°°°°°'),
 ('2akDv',
  '°°°°°°°°°°°°°°°°°°°°°°a°°°°°°°°°°°°°°°°°°L°°°°°°°°°°°°°°°°°°°°°°°°°°°°°°°°°')]
'Epoch 3, train_loss=1.649723115028047, valid_loss=2.559888706931585'
[('TMMc5',
  '°°°°°°°°°°°T°°°°°°°°i°°°°°°°°°°°°i°°°M°°°°°°°°°°°°°°°d°°°°°°°°5°°°°°°°°°°°°'),
 ('NmBEE',
  '°°°°°°°°°°°°°°°°N°°°°°°°N°°°°°°°°°°E°°°°°°E°°°°°°°°B°°°°°°°°°°°°°°°°°°°°°°°'),
 ('DuUd8',
  '°°°°°°°°°°°°°°°°°E°°°°°°°°°°°°°°°°°°°l°°°°°°°°e°°°°°°°8°°°°°°°°°°°°°°°°°°°°'),
 ('QVD4H',
  '°°°°°°°°°°°°°°C°°°°°°°°°°°°°°w°7°°°°°D°°°°°°°°°°°°°°°°°°H°°°°°°°°°°°°°°°°°°'),
 ('gNyM1',
  '°°°°°°°°°°°°°°°°°°°g°°°°°°°N°°°°°°°°y°°°°N°°°°°°°°°°°°°°°°°°°°°°°°°°°°°°°°°')]
'Epoch 4, train_loss=1.6484110357063326, valid_loss=2.465685011465338'
[('DGMZB',
  '°°°°°°°°°°°°°°D°°°°°°°°°°°°°°°°°°°p°°°°°°°°°°°°°°°°°e°°°°°°°°°°°°°°°°°°°°°°'),
 ('ZRtUl',
  '°°°°°°°°°°°°°°°°°°°°Z°°°°°°°°F°°°°x°°°t°°°°°°°°°°°1°°°°°°°°°°°°°°°°°°°°°°°°'),
 ('hiP1W',
  '°°°°°°°°°°°°°°°°°°°°i°°°°R°°°°°°°°°°°°°°°°°m°°°°°°°°°°°°°°°°°°°°°°°°°°°°°°°'),
 ('NNOfW',
  '°°°°°°°°°°°°°°°°N°°°°°°°°°°°°°°°U°°°°°°C°°°°°°°°°°°°°°°°°°°°°°°°°°°°°°°°°°°'),
 ('dIHKO',
  '°°°°°°°°°°°°°°°°°c°°°°°°°°°°h°°°°°°°°°°K°°°°°°°Q°°°°°°°°°°°°°°°°°°°°°°°°°°°')]
'Epoch 5, train_loss=1.6417986333285903, valid_loss=2.637853871417951'
/home/panav/coding_stuff/Final_Captcha/src/dataset.py:19: UserWarning: Argument(s) 'always' are not valid for transform Normalize
  albumentations.Normalize(always=True)
/home/panav/miniconda3/lib/python3.12/site-packages/torch/optim/lr_scheduler.py:62: UserWarning: The verbose parameter is deprecated. Please use get_last_lr() to access the learning rate.
  warnings.warn(
31406
[[54 23 51 13 12]
 [57 39 34  8 14]
 [27 50 59 17 15]
 ...
 [47 45 37 51 27]
 [29 41 43 35 25]
 [54 29 48 58 33]]
60
[('njNjE',
  '°°°°°°°°°°°°°°°°°r°°°°°°°°°°°°°°°°°°°°°°°°°°°°°°°°°°°°°°°°°°°°°°°°°°°°°°°°°'),
 ('pABQ3',
  '°°°°°°°°°°°°°°°°p°°°°°°°°°°°°°°°°E°°°°°°Q°°°°°°°°°°°°°°°°°°°°°°°°°°°°°°°°°°'),
 ('Op3Lf',
  '°°°°°°°°°°°Q°°°°°°°°°°°°°°°°°°°°°°°°°°°°°°b°°°°°°°°°f°°°°°°°°°°°°°°°°°°°°°°'),
 ('xHepk',
  '°°°°°°°°°°°°°°°°°°°x°°°°°°°h°°°°°°°°°°u°°°°°°°r°°°°°°°°°°°°°°°°°°°°°°°°°°°°'),
 ('M2MYJ',
  '°°°°°°°°°°°°°°°°N°°°°°°°°°y°°°°°°°°°°°N°°°°°°°°N°°°YY°°°°°°°°°°°°°°°°°°°°°°')]
'Epoch 0, train_loss=2.2774885786611883, valid_loss=2.0253362158175947'
[('5Jccv',
  '°°°°°°°°°°°°°5°°°°°°°°°°°°°°°°°Q°°°°°°°°°6°°°°°°°°°°°°°°°°y°°°°°°°°°°°°°°°°'),
 ('I6aEu',
  '°°°°°°°°°°°°°°°°°°°°I°°°°6°°°°°°a°°°°°°°°B°°°°°°°°°°°°°°°°°°°°°°°°°°°°°°°°°'),
 ('Guahq',
  '°°°°°°°°°°°C°°°°°°°°°°°°°°b°°°°°°°°°°2°°°°°°°°°°°°°°°°°°c°°°°°°°°°°°°°°°°°°'),
 ('9hd6M',
  '°°°°°°°°°°°°°°99°°°°°°h°°°°°°°°°°°°°°6°°°°°°°°°°°°°°°°°°°°°°°°°°°°°°°°°°°°°'),
 ('DwjiW',
  '°°°°°°°°°°°°°°°°°°°°°°°°°°°°°°°°°°°°°°°°°°°°°°°°°°°°°°W°°°°°°°°°°°°°°°°°°°°')]
'Epoch 1, train_loss=2.0598463029192207, valid_loss=1.90370839879713'
[('UTC3l',
  '°°°°°°°°°°°°°°U°°°°°°°°r°°°°°°°°°°°°°GG°°°°°°°°°°°°3°°°°°°°°°°°°°°°°°°°°°°°'),
 ('w4gm5',
  '°°°°°°°°°°°°°°°°°°°°°°°°°Y°°°°°°°°8°°°°°°°°r°°°°m°°°°°°°°°°8°°°°°°°°°°°°°°°'),
 ('RMaNA',
  '°°°°°°°°°°°°°°°F°°°°°°°°°°°°°°°°°e°°°°°°N°°°°°°°W°°°°°°°°°°°°°°°°°°°°°°°°°°'),
 ('VmUIv',
  '°°°°°°°°°°°°°°°°°°°°°°°°N°°°°°°°°°°°°U°°°°°°°°°°°I°°°°°°°°W°°°°°°°°°°°°°°°°'),
 ('CK66t',
  '°°°°°°°°°°°°°°6°°°°°°°°h°°°°K°°°°°g°°°°°°°°6°°°°°°°°°°t°°°°°°°°°°°°°°°°°°°°')]
'Epoch 2, train_loss=1.9365762252893972, valid_loss=1.7863608522876224'
[('NZSFq',
  '°°°°°°°°°°°°°°°h°°°°°°°°Z°°°°°°°°°9°°°°°°°°F°°°°°°g°°°°°°°°°°°°°°°°°°°°°°°°'),
 ('IM4Xn',
  '°°°°°°°°°°°°°°°°°°°°°°°°°°°°°°4°°°°°°°°°°X°°°°m°°°°°°°°°°°°°°°°°°°°°°°°°°°°'),
 ('fTLsi',
  '°°°°°°°°°°°°°°°°°°°°f°°°°°°T°°°°°D°°°°°°°°°s°°°°°°°°°°°°°°°°°°°°°°°°°°°°°°°'),
 ('YpBRm',
  '°°°°°°°°°°°°°Y°°°°°°p°°°°°°°°°°E°°°°°°°°°PP°°°°°°°°°°n°°°°°°°°°°°°°°°°°°°°°'),
 ('EHTZq',
  '°°°°°°°°°°°°°T°°°°°°°°°°°P°°°°°°°°°°°°°°T°°°°°°°Z°°°°°°°e°°°°°°°°°°°°°°°°°°')]
'Epoch 3, train_loss=1.8409589683867877, valid_loss=1.71743461952258'
[('lR48Z',
  '°°°°°°°°°°°°°°°°°°°°F°°°°°°°°°°4°°°°°°8°°°°°°°°Z°°°°°°°°°°°°°°°°°°°°°°°°°°°'),
 ('D4W3a',
  '°°°°°°°°°°°°°I°°°°°°°°°°4°°°°°°°°°°°°°°°°°°°°°°°°3°°°°°°a°°°°°°°°°°°°°°°°°°'),
 ('ZWr3d',
  '°°°°°°°°°°°°Z°°°°°°°°°°°°°°°°°°°°°°°°°°°r°°°°°°°°3°°°°°°°°q°°°°°°°°°°°°°°°°'),
 ('RHj76',
  '°°°°°°°°°°°°°°°°P°°°°°°°°°°°°°°°°°j°°°°°°°7°°°°°°°6°°°°°°°°°°°°°°°°°°°°°°°°'),
 ('kA6dy',
  '°°°°°°°°°°°°°°°°°°°°°x°°°°A°°°°°°°°6°°°°°°°d°°°°°°°°y°°°°°°°°°°°°°°°°°°°°°°')]
'Epoch 4, train_loss=1.756100140541505, valid_loss=1.6507329294699749'
