/home/panav/coding_stuff/Final_Captcha/src/dataset.py:19: UserWarning: Argument(s) 'always' are not valid for transform Normalize
  albumentations.Normalize(always=True)
/home/panav/miniconda3/lib/python3.12/site-packages/torch/optim/lr_scheduler.py:62: UserWarning: The verbose parameter is deprecated. Please use get_last_lr() to access the learning rate.
  warnings.warn(
6282
[[27 56 56 33 43]
 [47 33 35 37 18]
 [ 9 52  4 40 51]
 ...
 [51  9 37 37 43]
 [13  3 31 19 48]
 [19  8 32 40 29]]
60
[('CChLT',
  'vOs°°°°°°°°°°°°°°°°°°°°°°°°°°°°°°°°°°°°°°°°°°°°°°°°°°°°°°°°°°°°°°°°°°°°°v°v'),
 ('9zgM2',
  'NNE°°°°°°°°°°°°°°°°°°°°°°°°°°°°°°°°°°°°°°°°°°°°°°°°°°°°°°°°°°°°°°°°°°°°°v°N'),
 ('MqWSu',
  'NNs°°°°°°°°°°°°°°°°°°°°°°°°°°°°°°°°°°°°°°°°°°°°°°°°°°°°°°°°°°°°°°°°°°°°°v°N'),
 ('NNrGM',
  'NNs°°°°°°°°°°°°°°°°°°°°°°°°°°°°°°°°°°°°°°°°°°°°°°°°°°°°°°°°°°°°°°°°°°°°°v°N'),
 ('rAMFe',
  'NNE°°°°°°°°°°°°°°°°°°°°°°°°°°°°°°°°°°°°°°°°°°°°°°°°°°°°°°°°°°°°°°°°°°°°°v°N')]
'Epoch 0, train_loss=4.361833145459943, valid_loss=4.230853285970567'
[('WUHRg',
  'mOp°°°°°°°°°°°°°°°°°°°°°°°°°°°°°°°°°°°°°°°°°°°°°°°°°°°°°°°°°°°°°°°°°°°°°6°m'),
 ('EqCun',
  'FFF°°°°°°°°°°°°°°°°°°°°°°°°°°°°°°°°°°°°°°°°°°°°°°°°°°°°°°°°°°°°°°°°°°°°°f°F'),
 ('FAjWO',
  'mOW°°°°°°°°°°°°°°°°°°°°°°°°°°°°°°°°°°°°°°°°°°°°°°°°°°°°°°°°°°°°°°°°°°°°°6°m'),
 ('pKv9C',
  'ljm°°°°°°°°°°°°°°°°°°°°°°°°°°°°°°°°°°°°°°°°°°°°°°°°°°°°°°°°°°°°°°°°°°°°°Y°l'),
 ('hwdQQ',
  'mOp°°°°°°°°°°°°°°°°°°°°°°°°°°°°°°°°°°°°°°°°°°°°°°°°°°°°°°°°°°°°°°°°°°°°°6°m')]
'Epoch 1, train_loss=4.203706623641234, valid_loss=4.201817669445956'
[('GhBrn',
  'OLb°°°°°°°°°°°°°°°°°°°°°°°°°°°°°°°°°°°°°°°°°°°°°°°°°°°°°°°°°°°°°°°°°°°°°H°O'),
 ('UKEE8',
  'OLb°°°°°°°°°°°°°°°°°°°°°°°°°°°°°°°°°°°°°°°°°°°°°°°°°°°°°°°°°°°°°°°°°°°°°H°O'),
 ('N2ePU',
  'OLb°°°°°°°°°°°°°°°°°°°°°°°°°°°°°°°°°°°°°°°°°°°°°°°°°°°°°°°°°°°°°°°°°°°°°H°O'),
 ('Tj8m3',
  'OLb°°°°°°°°°°°°°°°°°°°°°°°°°°°°°°°°°°°°°°°°°°°°°°°°°°°°°°°°°°°°°°°°°°°°°H°O'),
 ('vQahj',
  'OLb°°°°°°°°°°°°°°°°°°°°°°°°°°°°°°°°°°°°°°°°°°°°°°°°°°°°°°°°°°°°°°°°°°°°°F°O')]
'Epoch 2, train_loss=4.19861904937442, valid_loss=4.1948018194753915'
[('nqXbT',
  'eB7°°°°°°°°°°°°°°°°°°°°°°°°°°°°°°°°°°°°°°°°°°°°°°°°°°°°°°°°°°°°°°°°°°°°°Y°e'),
 ('T46U2',
  'eBG°°°°°°°°°°°°°°°°°°°°°°°°°°°°°°°°°°°°°°°°°°°°°°°°°°°°°°°°°°°°°°°°°°°°°W°e'),
 ('uXaMx',
  'UB8°°°°°°°°°°°°°°°°°°°°°°°°°°°°°°°°°°°°°°°°°°°°°°°°°°°°°°°°°°°°°°°°°°°°°W°U'),
 ('1KM7w',
  'eBB°°°°°°°°°°°°°°°°°°°°°°°°°°°°°°°°°°°°°°°°°°°°°°°°°°°°°°°°°°°°°°°°°°°°°W°e'),
 ('RPAt2',
  'MtB°°°°°°°°°°°°°°°°°°°°°°°°°°°°°°°°°°°°°°°°°°°°°°°°°°°°°°°°°°°°°°°°°°°°°Y°M')]
'Epoch 3, train_loss=4.1860116671301855, valid_loss=4.195962326436103'
[('l3dzg',
  'eA6°°°°°°°°°°°°°°°°°°°°°°°°°°°°°°°°°°°°°°°°°°°°°°°°°°°°°°°°°°°°°°°°°°°°°H°e'),
 ('4ml9G',
  'A°u°°°°°°°°°°°°°°°°°°°°°°°°°°°°°°°°°°°°°°°°°°°°°°°°°°°°°°°°°°°°°°°°°°°°°J°A'),
 ('CChLT',
  'xNu°°°°°°°°°°°°°°°°°°°°°°°°°°°°°°°°°°°°°°°°°°°°°°°°°°°°°°°°°°°°°°°°°°°°°J°x'),
 ('EXUDl',
  'eA6°°°°°°°°°°°°°°°°°°°°°°°°°°°°°°°°°°°°°°°°°°°°°°°°°°°°°°°°°°°°°°°°°°°°°H°e'),
 ('gPfUq',
  'xNu°°°°°°°°°°°°°°°°°°°°°°°°°°°°°°°°°°°°°°°°°°°°°°°°°°°°°°°°°°°°°°°°°°°°°J°x')]
'Epoch 4, train_loss=4.181615909053042, valid_loss=4.193328513374811'
[('SzSJC',
  '55f°°°°°°°°°°°°°°°°°°°°°°°°°°°°°°°°°°°°°°°°°°°°°°°°°°°°°°°°°°°°°°°°°°°°°n°5'),
 ('PUpWe',
  '55f°°°°°°°°°°°°°°°°°°°°°°°°°°°°°°°°°°°°°°°°°°°°°°°°°°°°°°°°°°°°°°°°°°°°°n°5'),
 ('DUuFi',
  '55f°°°°°°°°°°°°°°°°°°°°°°°°°°°°°°°°°°°°°°°°°°°°°°°°°°°°°°°°°°°°°°°°°°°°°n°5'),
 ('34LUj',
  '55f°°°°°°°°°°°°°°°°°°°°°°°°°°°°°°°°°°°°°°°°°°°°°°°°°°°°°°°°°°°°°°°°°°°°°n°5'),
 ('dkEvz',
  '55f°°°°°°°°°°°°°°°°°°°°°°°°°°°°°°°°°°°°°°°°°°°°°°°°°°°°°°°°°°°°°°°°°°°°°n°5')]
'Epoch 5, train_loss=4.1928337493745405, valid_loss=4.195796924301341'
[('xMzaw',
  '55f°°°°°°°°°°°°°°°°°°°°°°°°°°°°°°°°°°°°°°°°°°°°°°°°°°°°°°°°°°°°°°°°°°°°°z°5'),
 ('kLeuv',
  '55f°°°°°°°°°°°°°°°°°°°°°°°°°°°°°°°°°°°°°°°°°°°°°°°°°°°°°°°°°°°°°°°°°°°°°z°5'),
 ('hc1qZ',
  '55f°°°°°°°°°°°°°°°°°°°°°°°°°°°°°°°°°°°°°°°°°°°°°°°°°°°°°°°°°°°°°°°°°°°°°z°5'),
 ('EUzed',
  '55z°°°°°°°°°°°°°°°°°°°°°°°°°°°°°°°°°°°°°°°°°°°°°°°°°°°°°°°°°°°°°°°°°°°°°z°5'),
 ('SjAjY',
  '55f°°°°°°°°°°°°°°°°°°°°°°°°°°°°°°°°°°°°°°°°°°°°°°°°°°°°°°°°°°°°°°°°°°°°°z°5')]
'Epoch 6, train_loss=4.184410770340722, valid_loss=4.196919139427475'
[('YB9xh',
  'YYs°°°°°°°°°°°°°°°°°°°°°°°°°°°°°°°°°°°°°°°°°°°°°°°°°°°°°°°°°°°°°°°°°°°°°H°Y'),
 ('DOfex',
  'Yjs°°°°°°°°°°°°°°°°°°°°°°°°°°°°°°°°°°°°°°°°°°°°°°°°°°°°°°°°°°°°°°°°°°°°°H°Y'),
 ('FRzu1',
  'Yjs°°°°°°°°°°°°°°°°°°°°°°°°°°°°°°°°°°°°°°°°°°°°°°°°°°°°°°°°°°°°°°°°°°°°°H°Y'),
 ('z28Q5',
  'Yjs°°°°°°°°°°°°°°°°°°°°°°°°°°°°°°°°°°°°°°°°°°°°°°°°°°°°°°°°°°°°°°°°°°°°°H°Y'),
 ('QlvxW',
  'YYs°°°°°°°°°°°°°°°°°°°°°°°°°°°°°°°°°°°°°°°°°°°°°°°°°°°°°°°°°°°°°°°°°°°°°H°Y')]
'Epoch 7, train_loss=4.1771129995289416, valid_loss=4.20369517048703'
[('jeLOV',
  'PPz°°°°°°°°°°°°°°°°°°°°°°°°°°°°°°°°°°°°°°°°°°°°°°°°°°°°°°°°°°°°°°°°°°°°°W°P'),
 ('s2Td9',
  'PPW°°°°°°°°°°°°°°°°°°°°°°°°°°°°°°°°°°°°°°°°°°°°°°°°°°°°°°°°°°°°°°°°°°°°°W°P'),
 ('TfQB3',
  'PPz°°°°°°°°°°°°°°°°°°°°°°°°°°°°°°°°°°°°°°°°°°°°°°°°°°°°°°°°°°°°°°°°°°°°°W°P'),
 ('cvRDV',
  'PPW°°°°°°°°°°°°°°°°°°°°°°°°°°°°°°°°°°°°°°°°°°°°°°°°°°°°°°°°°°°°°°°°°°°°°H°P'),
 ('JXyW8',
  'PPW°°°°°°°°°°°°°°°°°°°°°°°°°°°°°°°°°°°°°°°°°°°°°°°°°°°°°°°°°°°°°°°°°°°°°H°P')]
'Epoch 8, train_loss=4.1763047274976675, valid_loss=4.191077992885927'
[('5jfXR',
  'SEY°°°°°°°°°°°°°°°°°°°°°°°°°°°°°°°°°°°°°°°°°°°°°°°°°°°°°°°°°°°°°°°°°°°°°J°S'),
 ('mpVY9',
  'LEL°°°°°°°°°°°°°°°°°°°°°°°°°°°°°°°°°°°°°°°°°°°°°°°°°°°°°°°°°°°°°°°°°°°°°z°L'),
 ('VPJAY',
  'SEL°°°°°°°°°°°°°°°°°°°°°°°°°°°°°°°°°°°°°°°°°°°°°°°°°°°°°°°°°°°°°°°°°°°°°J°S'),
 ('hcamn',
  'SEL°°°°°°°°°°°°°°°°°°°°°°°°°°°°°°°°°°°°°°°°°°°°°°°°°°°°°°°°°°°°°°°°°°°°°J°S'),
 ('giD64',
  'SEY°°°°°°°°°°°°°°°°°°°°°°°°°°°°°°°°°°°°°°°°°°°°°°°°°°°°°°°°°°°°°°°°°°°°°v°S')]
'Epoch 9, train_loss=4.174241496279014, valid_loss=4.198967034303689'
[('f5yYQ',
  'yyE°°°°°°°°°°°°°°°°°°°°°°°°°°°°°°°°°°°°°°°°°°°°°°°°°°°°°°°°°°°°°°°°°°°°°H°y'),
 ('l35dj',
  'yyE°°°°°°°°°°°°°°°°°°°°°°°°°°°°°°°°°°°°°°°°°°°°°°°°°°°°°°°°°°°°°°°°°°°°°H°y'),
 ('ucLBZ',
  'yyE°°°°°°°°°°°°°°°°°°°°°°°°°°°°°°°°°°°°°°°°°°°°°°°°°°°°°°°°°°°°°°°°°°°°°v°y'),
 ('WdqA5',
  'yyv°°°°°°°°°°°°°°°°°°°°°°°°°°°°°°°°°°°°°°°°°°°°°°°°°°°°°°°°°°°°°°°°°°°°°v°y'),
 ('RStAM',
  'yyE°°°°°°°°°°°°°°°°°°°°°°°°°°°°°°°°°°°°°°°°°°°°°°°°°°°°°°°°°°°°°°°°°°°°°H°y')]
'Epoch 10, train_loss=4.170766467589469, valid_loss=4.189284698872626'
[('YB9xh',
  'RRK°°°°°°°°°°°°°°°°°°°°°°°°°°°°°°°°°°°°°°°°°°°°°°°°°°°°°°°°°°°°°°°°°°°°°n°R'),
 ('uUQgG',
  'RRK°°°°°°°°°°°°°°°°°°°°°°°°°°°°°°°°°°°°°°°°°°°°°°°°°°°°°°°°°°°°°°°°°°°°°n°R'),
 ('C8V9T',
  'RRJ°°°°°°°°°°°°°°°°°°°°°°°°°°°°°°°°°°°°°°°°°°°°°°°°°°°°°°°°°°°°°°°°°°°°°u°R'),
 ('E1QLw',
  'RRJ°°°°°°°°°°°°°°°°°°°°°°°°°°°°°°°°°°°°°°°°°°°°°°°°°°°°°°°°°°°°°°°°°°°°°Q°R'),
 ('6Fdu9',
  'RRK°°°°°°°°°°°°°°°°°°°°°°°°°°°°°°°°°°°°°°°°°°°°°°°°°°°°°°°°°°°°°°°°°°°°°n°R')]
'Epoch 11, train_loss=4.169983360015351, valid_loss=4.189518312864665'
[('2akDv',
  'hhX°°°°°°°°°°°°°°°°°°°°°°°°°°°°°°°°°°°°°°°°°°°°°°°°°°°°°°°°°°°°°°°°°°°°°Q°h'),
 ('Hw3Vw',
  'hh6°°°°°°°°°°°°°°°°°°°°°°°°°°°°°°°°°°°°°°°°°°°°°°°°°°°°°°°°°°°°°°°°°°°°°Q°h'),
 ('BWBDY',
  'hhX°°°°°°°°°°°°°°°°°°°°°°°°°°°°°°°°°°°°°°°°°°°°°°°°°°°°°°°°°°°°°°°°°°°°°Q°h'),
 ('c8M9U',
  'hhX°°°°°°°°°°°°°°°°°°°°°°°°°°°°°°°°°°°°°°°°°°°°°°°°°°°°°°°°°°°°°°°°°°°°°Q°h'),
 ('cyfDO',
  'hhX°°°°°°°°°°°°°°°°°°°°°°°°°°°°°°°°°°°°°°°°°°°°°°°°°°°°°°°°°°°°°°°°°°°°°Q°h')]
'Epoch 12, train_loss=4.167552740267007, valid_loss=4.192727245861971'
[('wWmDK',
  'xxK°°°°°°°°°°°°°°°°°°°°°°°°°°°°°°°°°°°°°°°°°°°°°°°°°°°°°°°°°°°°°°°°°°°°°Q°x'),
 ('zzFiV',
  'xxK°°°°°°°°°°°°°°°°°°°°°°°°°°°°°°°°°°°°°°°°°°°°°°°°°°°°°°°°°°°°°°°°°°°°°Q°x'),
 ('l4jM6',
  'xxK°°°°°°°°°°°°°°°°°°°°°°°°°°°°°°°°°°°°°°°°°°°°°°°°°°°°°°°°°°°°°°°°°°°°°k°x'),
 ('aY9BQ',
  'xxK°°°°°°°°°°°°°°°°°°°°°°°°°°°°°°°°°°°°°°°°°°°°°°°°°°°°°°°°°°°°°°°°°°°°°Y°x'),
 ('5yZq1',
  'aaK°°°°°°°°°°°°°°°°°°°°°°°°°°°°°°°°°°°°°°°°°°°°°°°°°°°°°°°°°°°°°°°°°°°°°Q°a')]
'Epoch 13, train_loss=4.166579140632122, valid_loss=4.191082507749147'
[('iMET2',
  'XXs°°°°°°°°°°°°°°°°°°°°°°°°°°°°°°°°°°°°°°°°°°°°°°°°°°°°°°°°°°°°°°°°°°°°°Q°X'),
 ('KCnKr',
  'XXs°°°°°°°°°°°°°°°°°°°°°°°°°°°°°°°°°°°°°°°°°°°°°°°°°°°°°°°°°°°°°°°°°°°°°Q°X'),
 ('DOfex',
  'XXs°°°°°°°°°°°°°°°°°°°°°°°°°°°°°°°°°°°°°°°°°°°°°°°°°°°°°°°°°°°°°°°°°°°°°Q°X'),
 ('xSKqL',
  'XXs°°°°°°°°°°°°°°°°°°°°°°°°°°°°°°°°°°°°°°°°°°°°°°°°°°°°°°°°°°°°°°°°°°°°°H°X'),
 ('a6e7R',
  'TTW°°°°°°°°°°°°°°°°°°°°°°°°°°°°°°°°°°°°°°°°°°°°°°°°°°°°°°°°°°°°°°°°°°°°°Y°T')]
'Epoch 14, train_loss=4.164894097259392, valid_loss=4.1908583520333975'
[('kGFtR',
  'eef°°°°°°°°°°°°°°°°°°°°°°°°°°°°°°°°°°°°°°°°°°°°°°°°°°°°°°°°°°°°°°°°°°°°°Y°e'),
 ('rAMFe',
  'eeE°°°°°°°°°°°°°°°°°°°°°°°°°°°°°°°°°°°°°°°°°°°°°°°°°°°°°°°°°°°°°°°°°°°°°Y°e'),
 ('MSgyn',
  'eeE°°°°°°°°°°°°°°°°°°°°°°°°°°°°°°°°°°°°°°°°°°°°°°°°°°°°°°°°°°°°°°°°°°°°°Y°e'),
 ('lySWq',
  'eeY°°°°°°°°°°°°°°°°°°°°°°°°°°°°°°°°°°°°°°°°°°°°°°°°°°°°°°°°°°°°°°°°°°°°°Y°e'),
 ('2XIv7',
  'eeE°°°°°°°°°°°°°°°°°°°°°°°°°°°°°°°°°°°°°°°°°°°°°°°°°°°°°°°°°°°°°°°°°°°°°Y°e')]
'Epoch 15, train_loss=4.153663671674283, valid_loss=4.178308486938477'
[('2XIv7',
  'kks°°°°°°°°°°°°°°°°°°°°°°°°°°°°°°°°°°°°°°°°°°°°°°°°°°°°°°°°°°°°°°°°°°°°°H°k'),
 ('1jZmk',
  'kk6°°°°°°°°°°°°°°°°°°°°°°°°°°°°°°°°°°°°°°°°°°°°°°°°°°°°°°°°°°°°°°°°°°°°°H°k'),
 ('EXUDl',
  'kF6°°°°°°°°°°°°°°°°°°°°°°°°°°°°°°°°°°°°°°°°°°°°°°°°°°°°°°°°°°°°°°°°°°°°°v°k'),
 ('1LdLx',
  'kF6°°°°°°°°°°°°°°°°°°°°°°°°°°°°°°°°°°°°°°°°°°°°°°°°°°°°°°°°°°°°°°°°°°°°°v°k'),
 ('EqCun',
  'kks°°°°°°°°°°°°°°°°°°°°°°°°°°°°°°°°°°°°°°°°°°°°°°°°°°°°°°°°°°°°°°°°°°°°°H°k')]
'Epoch 16, train_loss=4.150824171818972, valid_loss=4.181773698782619'
[('EUzed',
  'BBf°°°°°°°°°°°°°°°°°°°°°°°°°°°°°°°°°°°°°°°°°°°°°°°°°°°°°°°°°°°°°°°°°°°°°z°B'),
 ('WUHRg',
  '6Bf°°°°°°°°°°°°°°°°°°°°°°°°°°°°°°°°°°°°°°°°°°°°°°°°°°°°°°°°°°°°°°°°°°°°°6°B'),
 ('VPJAY',
  '5Bf°°°°°°°°°°°°°°°°°°°°°°°°°°°°°°°°°°°°°°°°°°°°°°°°°°°°°°°°°°°°°°°°°°°°°B°6'),
 ('BeQ3D',
  '65f°°°°°°°°°°°°°°°°°°°°°°°°°°°°°°°°°°°°°°°°°°°°°°°°°°°°°°°°°°°°°°°°°°°°°v°6'),
 ('EXUDl',
  '6ff°°°°°°°°°°°°°°°°°°°°°°°°°°°°°°°°°°°°°°°°°°°°°°°°°°°°°°°°°°°°°°°°°°°°°6°6')]
'Epoch 17, train_loss=4.150053445824134, valid_loss=4.183810028848769'
[('GyGVP',
  'PPW°°°°°°°°°°°°°°°°°°°°°°°°°°°°°°°°°°°°°°°°°°°°°°°°°°°°°°°°°°°°°°°°°°°°°W°P'),
 ('yIcsY',
  '778°°°°°°°°°°°°°°°°°°°°°°°°°°°°°°°°°°°°°°°°°°°°°°°°°°°°°°°°°°°°°°°°°°°°°y°7'),
 ('EvnfJ',
  'H7W°°°°°°°°°°°°°°°°°°°°°°°°°°°°°°°°°°°°°°°°°°°°°°°°°°°°°°°°°°°°°°°°°°°°°W°H'),
 ('vS3ky',
  'H7W°°°°°°°°°°°°°°°°°°°°°°°°°°°°°°°°°°°°°°°°°°°°°°°°°°°°°°°°°°°°°°°°°°°°°W°H'),
 ('EXUDl',
  'HPW°°°°°°°°°°°°°°°°°°°°°°°°°°°°°°°°°°°°°°°°°°°°°°°°°°°°°°°°°°°°°°°°°°°°°W°H')]
'Epoch 18, train_loss=4.147398817825857, valid_loss=4.185960492001304'
[('vQahj',
  'eeX°°°°°°°°°°°°°°°°°°°°°°°°°°°°°°°°°°°°°°°°°°°°°°°°°°°°°°°°°°°°°°°°°°°°°T°e'),
 ('DGqLn',
  'ej8°°°°°°°°°°°°°°°°°°°°°°°°°°°°°°°°°°°°°°°°°°°°°°°°°°°°°°°°°°°°°°°°°°°°°J°e'),
 ('Nt8ic',
  'eOW°°°°°°°°°°°°°°°°°°°°°°°°°°°°°°°°°°°°°°°°°°°°°°°°°°°°°°°°°°°°°°°°°°°°°T°e'),
 ('XqVbC',
  'ej8°°°°°°°°°°°°°°°°°°°°°°°°°°°°°°°°°°°°°°°°°°°°°°°°°°°°°°°°°°°°°°°°°°°°°v°e'),
 ('vS3ky',
  'eeX°°°°°°°°°°°°°°°°°°°°°°°°°°°°°°°°°°°°°°°°°°°°°°°°°°°°°°°°°°°°°°°°°°°°°T°e')]
'Epoch 19, train_loss=4.145546501057152, valid_loss=4.184066609491276'
[('lR9Yr',
  'QQf°°°°°°°°°°°°°°°°°°°°°°°°°°°°°°°°°°°°°°°°°°°°°°°°°°°°°°°°°°°°°°°°°°°°°Q°Q'),
 ('ZtiTs',
  'Qef°°°°°°°°°°°°°°°°°°°°°°°°°°°°°°°°°°°°°°°°°°°°°°°°°°°°°°°°°°°°°°°°°°°°°Q°Q'),
 ('GhBrn',
  'Qef°°°°°°°°°°°°°°°°°°°°°°°°°°°°°°°°°°°°°°°°°°°°°°°°°°°°°°°°°°°°°°°°°°°°°Q°Q'),
 ('MBTNp',
  'Qef°°°°°°°°°°°°°°°°°°°°°°°°°°°°°°°°°°°°°°°°°°°°°°°°°°°°°°°°°°°°°°°°°°°°°Q°Q'),
 ('xOx5Q',
  'QQf°°°°°°°°°°°°°°°°°°°°°°°°°°°°°°°°°°°°°°°°°°°°°°°°°°°°°°°°°°°°°°°°°°°°°Q°Q')]
'Epoch 20, train_loss=4.139367600647361, valid_loss=4.182322453848923'
[('7Sa1P',
  'xHW°°°°°°°°°°°°°°°°°°°°°°°°°°°°°°°°°°°°°°°°°°°°°°°°°°°°°°°°°°°°°°°°°°°°°Y°x'),
 ('pxNOL',
  'xHv°°°°°°°°°°°°°°°°°°°°°°°°°°°°°°°°°°°°°°°°°°°°°°°°°°°°°°°°°°°°°°°°°°°°°Q°x'),
 ('27JUJ',
  'HHX°°°°°°°°°°°°°°°°°°°°°°°°°°°°°°°°°°°°°°°°°°°°°°°°°°°°°°°°°°°°°°°°°°°°°v°H'),
 ('DUuFi',
  'xHX°°°°°°°°°°°°°°°°°°°°°°°°°°°°°°°°°°°°°°°°°°°°°°°°°°°°°°°°°°°°°°°°°°°°°Q°x'),
 ('XvuFx',
  'HHX°°°°°°°°°°°°°°°°°°°°°°°°°°°°°°°°°°°°°°°°°°°°°°°°°°°°°°°°°°°°°°°°°°°°°v°H')]
'Epoch 21, train_loss=4.138315322881372, valid_loss=4.183252926114239'
[('6Gkg4',
  '55W°°°°°°°°°°°°°°°°°°°°°°°°°°°°°°°°°°°°°°°°°°°°°°°°°°°°°°°°°°°°°°°°°°°°°Y°5'),
 ('iH1RY',
  '55W°°°°°°°°°°°°°°°°°°°°°°°°°°°°°°°°°°°°°°°°°°°°°°°°°°°°°°°°°°°°°°°°°°°°°Y°5'),
 ('OWFua',
  '55W°°°°°°°°°°°°°°°°°°°°°°°°°°°°°°°°°°°°°°°°°°°°°°°°°°°°°°°°°°°°°°°°°°°°°Y°5'),
 ('KCnKr',
  'x5f°°°°°°°°°°°°°°°°°°°°°°°°°°°°°°°°°°°°°°°°°°°°°°°°°°°°°°°°°°°°°°°°°°°°°v°x'),
 ('dIliP',
  'BBf°°°°°°°°°°°°°°°°°°°°°°°°°°°°°°°°°°°°°°°°°°°°°°°°°°°°°°°°°°°°°°°°°°°°°v°B')]
'Epoch 22, train_loss=4.136382759207546, valid_loss=4.179554679725744'
[('S6VFn',
  '55K°°°°°°°°°°°°°°°°°°°°°°°°°°°°°°°°°°°°°°°°°°°°°°°°°°°°°°°°°°°°°°°°°°°°°Y°5'),
 ('MCW9B',
  'EEK°°°°°°°°°°°°°°°°°°°°°°°°°°°°°°°°°°°°°°°°°°°°°°°°°°°°°°°°°°°°°°°°°°°°°Y°E'),
 ('cD4w4',
  'eeG°°°°°°°°°°°°°°°°°°°°°°°°°°°°°°°°°°°°°°°°°°°°°°°°°°°°°°°°°°°°°°°°°°°°°Q°e'),
 ('X8lxh',
  'eeG°°°°°°°°°°°°°°°°°°°°°°°°°°°°°°°°°°°°°°°°°°°°°°°°°°°°°°°°°°°°°°°°°°°°°Q°e'),
 ('xKpJe',
  'EEK°°°°°°°°°°°°°°°°°°°°°°°°°°°°°°°°°°°°°°°°°°°°°°°°°°°°°°°°°°°°°°°°°°°°°Y°E')]
'Epoch 23, train_loss=4.135535354155631, valid_loss=4.181693656535089'
[('9yJ3r',
  'xXG°°°°°°°°°°°°°°°°°°°°°°°°°°°°°°°°°°°°°°°°°°°°°°°°°°°°°°°°°°°°°°°°°°°°°Q°x'),
 ('KEIEz',
  'ee6°°°°°°°°°°°°°°°°°°°°°°°°°°°°°°°°°°°°°°°°°°°°°°°°°°°°°°°°°°°°°°°°°°°°°Y°e'),
 ('8xTKk',
  'xXG°°°°°°°°°°°°°°°°°°°°°°°°°°°°°°°°°°°°°°°°°°°°°°°°°°°°°°°°°°°°°°°°°°°°°Q°x'),
 ('kUx2a',
  'eeG°°°°°°°°°°°°°°°°°°°°°°°°°°°°°°°°°°°°°°°°°°°°°°°°°°°°°°°°°°°°°°°°°°°°°Q°e'),
 ('7bVQx',
  'xXG°°°°°°°°°°°°°°°°°°°°°°°°°°°°°°°°°°°°°°°°°°°°°°°°°°°°°°°°°°°°°°°°°°°°°Q°x')]
'Epoch 24, train_loss=4.132380484860216, valid_loss=4.181388746334028'
[('qqlpJ',
  'm5f°°°°°°°°°°°°°°°°°°°°°°°°°°°°°°°°°°°°°°°°°°°°°°°°°°°°°°°°°°°°°°°°°°°°°Y°m'),
 ('ijf8Q',
  'x5W°°°°°°°°°°°°°°°°°°°°°°°°°°°°°°°°°°°°°°°°°°°°°°°°°°°°°°°°°°°°°°°°°°°°°Y°x'),
 ('98eZ2',
  'm5f°°°°°°°°°°°°°°°°°°°°°°°°°°°°°°°°°°°°°°°°°°°°°°°°°°°°°°°°°°°°°°°°°°°°°Y°m'),
 ('TbgD4',
  'xXf°°°°°°°°°°°°°°°°°°°°°°°°°°°°°°°°°°°°°°°°°°°°°°°°°°°°°°°°°°°°°°°°°°°°°Q°x'),
 ('MCW9B',
  'xXf°°°°°°°°°°°°°°°°°°°°°°°°°°°°°°°°°°°°°°°°°°°°°°°°°°°°°°°°°°°°°°°°°°°°°y°x')]
'Epoch 25, train_loss=4.1308101818618885, valid_loss=4.180939716628835'
[('4Qt5P',
  'xef°°°°°°°°°°°°°°°°°°°°°°°°°°°°°°°°°°°°°°°°°°°°°°°°°°°°°°°°°°°°°°°°°°°°°Y°x'),
 ('jFIml',
  'xef°°°°°°°°°°°°°°°°°°°°°°°°°°°°°°°°°°°°°°°°°°°°°°°°°°°°°°°°°°°°°°°°°°°°°y°x'),
 ('J8yGF',
  'xef°°°°°°°°°°°°°°°°°°°°°°°°°°°°°°°°°°°°°°°°°°°°°°°°°°°°°°°°°°°°°°°°°°°°°y°x'),
 ('JCdsC',
  'xef°°°°°°°°°°°°°°°°°°°°°°°°°°°°°°°°°°°°°°°°°°°°°°°°°°°°°°°°°°°°°°°°°°°°°Y°x'),
 ('JXyW8',
  'x5f°°°°°°°°°°°°°°°°°°°°°°°°°°°°°°°°°°°°°°°°°°°°°°°°°°°°°°°°°°°°°°°°°°°°°Q°x')]
'Epoch 26, train_loss=4.129498247041392, valid_loss=4.183043944684765'
[('HtH4F',
  'xXf°°°°°°°°°°°°°°°°°°°°°°°°°°°°°°°°°°°°°°°°°°°°°°°°°°°°°°°°°°°°°°°°°°°°°Q°x'),
 ('wjhSB',
  'x5f°°°°°°°°°°°°°°°°°°°°°°°°°°°°°°°°°°°°°°°°°°°°°°°°°°°°°°°°°°°°°°°°°°°°°Q°x'),
 ('giD64',
  'xff°°°°°°°°°°°°°°°°°°°°°°°°°°°°°°°°°°°°°°°°°°°°°°°°°°°°°°°°°°°°°°°°°°°°°y°x'),
 ('A9Qv8',
  'x5f°°°°°°°°°°°°°°°°°°°°°°°°°°°°°°°°°°°°°°°°°°°°°°°°°°°°°°°°°°°°°°°°°°°°°Q°x'),
 ('Rxtf2',
  'xXf°°°°°°°°°°°°°°°°°°°°°°°°°°°°°°°°°°°°°°°°°°°°°°°°°°°°°°°°°°°°°°°°°°°°°Q°x')]
'Epoch 27, train_loss=4.130030870774847, valid_loss=4.180858593952807'
[('VHG12',
  'x5f°°°°°°°°°°°°°°°°°°°°°°°°°°°°°°°°°°°°°°°°°°°°°°°°°°°°°°°°°°°°°°°°°°°°°y°x'),
 ('uXaMx',
  'x5J°°°°°°°°°°°°°°°°°°°°°°°°°°°°°°°°°°°°°°°°°°°°°°°°°°°°°°°°°°°°°°°°°°°°°Q°x'),
 ('ZLynm',
  'x5W°°°°°°°°°°°°°°°°°°°°°°°°°°°°°°°°°°°°°°°°°°°°°°°°°°°°°°°°°°°°°°°°°°°°°Y°x'),
 ('ysu6N',
  'x5f°°°°°°°°°°°°°°°°°°°°°°°°°°°°°°°°°°°°°°°°°°°°°°°°°°°°°°°°°°°°°°°°°°°°°Q°x'),
 ('6Fdu9',
  'x5f°°°°°°°°°°°°°°°°°°°°°°°°°°°°°°°°°°°°°°°°°°°°°°°°°°°°°°°°°°°°°°°°°°°°°Y°x')]
'Epoch 28, train_loss=4.127095156376905, valid_loss=4.180732558045206'
[('t6S7d',
  'x5f°°°°°°°°°°°°°°°°°°°°°°°°°°°°°°°°°°°°°°°°°°°°°°°°°°°°°°°°°°°°°°°°°°°°°Q°x'),
 ('9yJ3r',
  'x5f°°°°°°°°°°°°°°°°°°°°°°°°°°°°°°°°°°°°°°°°°°°°°°°°°°°°°°°°°°°°°°°°°°°°°Q°x'),
 ('M2ird',
  'x5f°°°°°°°°°°°°°°°°°°°°°°°°°°°°°°°°°°°°°°°°°°°°°°°°°°°°°°°°°°°°°°°°°°°°°Q°x'),
 ('6Krj8',
  'x5f°°°°°°°°°°°°°°°°°°°°°°°°°°°°°°°°°°°°°°°°°°°°°°°°°°°°°°°°°°°°°°°°°°°°°y°x'),
 ('BWBDY',
  'x5f°°°°°°°°°°°°°°°°°°°°°°°°°°°°°°°°°°°°°°°°°°°°°°°°°°°°°°°°°°°°°°°°°°°°°v°x')]
'Epoch 29, train_loss=4.1263953266926165, valid_loss=4.181390605395353'
[('7Bn4i',
  'xaf°°°°°°°°°°°°°°°°°°°°°°°°°°°°°°°°°°°°°°°°°°°°°°°°°°°°°°°°°°°°°°°°°°°°°Q°x'),
 ('51cZ4',
  'xaf°°°°°°°°°°°°°°°°°°°°°°°°°°°°°°°°°°°°°°°°°°°°°°°°°°°°°°°°°°°°°°°°°°°°°Q°x'),
 ('vhyd1',
  'xaf°°°°°°°°°°°°°°°°°°°°°°°°°°°°°°°°°°°°°°°°°°°°°°°°°°°°°°°°°°°°°°°°°°°°°6°x'),
 ('KUAJl',
  'x5W°°°°°°°°°°°°°°°°°°°°°°°°°°°°°°°°°°°°°°°°°°°°°°°°°°°°°°°°°°°°°°°°°°°°°Y°x'),
 ('zzFiV',
  'xaf°°°°°°°°°°°°°°°°°°°°°°°°°°°°°°°°°°°°°°°°°°°°°°°°°°°°°°°°°°°°°°°°°°°°°Q°x')]
'Epoch 30, train_loss=4.126524097005582, valid_loss=4.180584171150304'
[('9TZEW',
  '6as°°°°°°°°°°°°°°°°°°°°°°°°°°°°°°°°°°°°°°°°°°°°°°°°°°°°°°°°°°°°°°°°°°°°°6°6'),
 ('2akDv',
  '6as°°°°°°°°°°°°°°°°°°°°°°°°°°°°°°°°°°°°°°°°°°°°°°°°°°°°°°°°°°°°°°°°°°°°°Q°6'),
 ('Yqrqa',
  '6as°°°°°°°°°°°°°°°°°°°°°°°°°°°°°°°°°°°°°°°°°°°°°°°°°°°°°°°°°°°°°°°°°°°°°Q°6'),
 ('TCu9h',
  'B5G°°°°°°°°°°°°°°°°°°°°°°°°°°°°°°°°°°°°°°°°°°°°°°°°°°°°°°°°°°°°°°°°°°°°°Q°B'),
 ('sPZNW',
  'Brf°°°°°°°°°°°°°°°°°°°°°°°°°°°°°°°°°°°°°°°°°°°°°°°°°°°°°°°°°°°°°°°°°°°°°y°B')]
'Epoch 31, train_loss=4.126230815849682, valid_loss=4.181755923017671'
[('Xbwtg',
  '6as°°°°°°°°°°°°°°°°°°°°°°°°°°°°°°°°°°°°°°°°°°°°°°°°°°°°°°°°°°°°°°°°°°°°°Q°6'),
 ('WanBv',
  'x5f°°°°°°°°°°°°°°°°°°°°°°°°°°°°°°°°°°°°°°°°°°°°°°°°°°°°°°°°°°°°°°°°°°°°°Q°x'),
 ('xTnvW',
  'B5f°°°°°°°°°°°°°°°°°°°°°°°°°°°°°°°°°°°°°°°°°°°°°°°°°°°°°°°°°°°°°°°°°°°°°y°B'),
 ('O1IbZ',
  'Baf°°°°°°°°°°°°°°°°°°°°°°°°°°°°°°°°°°°°°°°°°°°°°°°°°°°°°°°°°°°°°°°°°°°°°Y°B'),
 ('QVD4H',
  'x5f°°°°°°°°°°°°°°°°°°°°°°°°°°°°°°°°°°°°°°°°°°°°°°°°°°°°°°°°°°°°°°°°°°°°°Q°x')]
'Epoch 32, train_loss=4.125198241507653, valid_loss=4.181224660028385'
[('rV73d',
  'x5W°°°°°°°°°°°°°°°°°°°°°°°°°°°°°°°°°°°°°°°°°°°°°°°°°°°°°°°°°°°°°°°°°°°°°Y°x'),
 ('huKUy',
  'xa6°°°°°°°°°°°°°°°°°°°°°°°°°°°°°°°°°°°°°°°°°°°°°°°°°°°°°°°°°°°°°°°°°°°°°6°x'),
 ('akA1s',
  'x5f°°°°°°°°°°°°°°°°°°°°°°°°°°°°°°°°°°°°°°°°°°°°°°°°°°°°°°°°°°°°°°°°°°°°°y°x'),
 ('NW4NC',
  'xaG°°°°°°°°°°°°°°°°°°°°°°°°°°°°°°°°°°°°°°°°°°°°°°°°°°°°°°°°°°°°°°°°°°°°°Q°x'),
 ('UPv5l',
  'xXf°°°°°°°°°°°°°°°°°°°°°°°°°°°°°°°°°°°°°°°°°°°°°°°°°°°°°°°°°°°°°°°°°°°°°Q°x')]
'Epoch 33, train_loss=4.1240284898156325, valid_loss=4.181415461286714'
[('c8M9U',
  'x5f°°°°°°°°°°°°°°°°°°°°°°°°°°°°°°°°°°°°°°°°°°°°°°°°°°°°°°°°°°°°°°°°°°°°°6°x'),
 ('yz9cS',
  'x5f°°°°°°°°°°°°°°°°°°°°°°°°°°°°°°°°°°°°°°°°°°°°°°°°°°°°°°°°°°°°°°°°°°°°°y°x'),
 ('Gkrcz',
  'x5J°°°°°°°°°°°°°°°°°°°°°°°°°°°°°°°°°°°°°°°°°°°°°°°°°°°°°°°°°°°°°°°°°°°°°Q°x'),
 ('9hArH',
  'xas°°°°°°°°°°°°°°°°°°°°°°°°°°°°°°°°°°°°°°°°°°°°°°°°°°°°°°°°°°°°°°°°°°°°°Q°x'),
 ('XvuFx',
  'x5f°°°°°°°°°°°°°°°°°°°°°°°°°°°°°°°°°°°°°°°°°°°°°°°°°°°°°°°°°°°°°°°°°°°°°y°x')]
'Epoch 34, train_loss=4.124556455113089, valid_loss=4.18144640741469'
[('wszh3',
  'xXf°°°°°°°°°°°°°°°°°°°°°°°°°°°°°°°°°°°°°°°°°°°°°°°°°°°°°°°°°°°°°°°°°°°°°Q°x'),
 ('j3f2c',
  'xFW°°°°°°°°°°°°°°°°°°°°°°°°°°°°°°°°°°°°°°°°°°°°°°°°°°°°°°°°°°°°°°°°°°°°°Y°x'),
 ('ghRnH',
  'xXf°°°°°°°°°°°°°°°°°°°°°°°°°°°°°°°°°°°°°°°°°°°°°°°°°°°°°°°°°°°°°°°°°°°°°Q°x'),
 ('MqWSu',
  'xXf°°°°°°°°°°°°°°°°°°°°°°°°°°°°°°°°°°°°°°°°°°°°°°°°°°°°°°°°°°°°°°°°°°°°°y°x'),
 ('HdUFL',
  'xFW°°°°°°°°°°°°°°°°°°°°°°°°°°°°°°°°°°°°°°°°°°°°°°°°°°°°°°°°°°°°°°°°°°°°°Y°x')]
'Epoch 35, train_loss=4.124022141878811, valid_loss=4.181552748136882'
[('6654V',
  'xFW°°°°°°°°°°°°°°°°°°°°°°°°°°°°°°°°°°°°°°°°°°°°°°°°°°°°°°°°°°°°°°°°°°°°°Y°x'),
 ('2dJzP',
  'xFW°°°°°°°°°°°°°°°°°°°°°°°°°°°°°°°°°°°°°°°°°°°°°°°°°°°°°°°°°°°°°°°°°°°°°Y°x'),
 ('b8jI8',
  'xX6°°°°°°°°°°°°°°°°°°°°°°°°°°°°°°°°°°°°°°°°°°°°°°°°°°°°°°°°°°°°°°°°°°°°°A°x'),
 ('79mAR',
  'xFf°°°°°°°°°°°°°°°°°°°°°°°°°°°°°°°°°°°°°°°°°°°°°°°°°°°°°°°°°°°°°°°°°°°°°y°x'),
 ('IifMP',
  'xFf°°°°°°°°°°°°°°°°°°°°°°°°°°°°°°°°°°°°°°°°°°°°°°°°°°°°°°°°°°°°°°°°°°°°°y°x')]
'Epoch 36, train_loss=4.123725207219535, valid_loss=4.18162497991248'
[('16zpQ',
  'xrW°°°°°°°°°°°°°°°°°°°°°°°°°°°°°°°°°°°°°°°°°°°°°°°°°°°°°°°°°°°°°°°°°°°°°Y°x'),
 ('A74wS',
  'xXf°°°°°°°°°°°°°°°°°°°°°°°°°°°°°°°°°°°°°°°°°°°°°°°°°°°°°°°°°°°°°°°°°°°°°y°x'),
 ('435w6',
  'x5s°°°°°°°°°°°°°°°°°°°°°°°°°°°°°°°°°°°°°°°°°°°°°°°°°°°°°°°°°°°°°°°°°°°°°Q°x'),
 ('kOrVp',
  'xFW°°°°°°°°°°°°°°°°°°°°°°°°°°°°°°°°°°°°°°°°°°°°°°°°°°°°°°°°°°°°°°°°°°°°°Y°x'),
 ('LjnGu',
  'xXf°°°°°°°°°°°°°°°°°°°°°°°°°°°°°°°°°°°°°°°°°°°°°°°°°°°°°°°°°°°°°°°°°°°°°y°x')]
'Epoch 37, train_loss=4.1233936340839215, valid_loss=4.18178548692148'
[('UbEpJ',
  'xF6°°°°°°°°°°°°°°°°°°°°°°°°°°°°°°°°°°°°°°°°°°°°°°°°°°°°°°°°°°°°°°°°°°°°°Y°x'),
 ('Jy6gn',
  'x5f°°°°°°°°°°°°°°°°°°°°°°°°°°°°°°°°°°°°°°°°°°°°°°°°°°°°°°°°°°°°°°°°°°°°°v°x'),
 ('X8lxh',
  'x5s°°°°°°°°°°°°°°°°°°°°°°°°°°°°°°°°°°°°°°°°°°°°°°°°°°°°°°°°°°°°°°°°°°°°°Q°x'),
 ('Lm6vg',
  'x5f°°°°°°°°°°°°°°°°°°°°°°°°°°°°°°°°°°°°°°°°°°°°°°°°°°°°°°°°°°°°°°°°°°°°°Q°x'),
 ('YYNWe',
  'x5s°°°°°°°°°°°°°°°°°°°°°°°°°°°°°°°°°°°°°°°°°°°°°°°°°°°°°°°°°°°°°°°°°°°°°Q°x')]
'Epoch 38, train_loss=4.1240724310004895, valid_loss=4.18195821061919'
[('tw8aI',
  'xF6°°°°°°°°°°°°°°°°°°°°°°°°°°°°°°°°°°°°°°°°°°°°°°°°°°°°°°°°°°°°°°°°°°°°°Y°x'),
 ('5wIh3',
  'x5v°°°°°°°°°°°°°°°°°°°°°°°°°°°°°°°°°°°°°°°°°°°°°°°°°°°°°°°°°°°°°°°°°°°°°Q°x'),
 ('MqWSu',
  'xXf°°°°°°°°°°°°°°°°°°°°°°°°°°°°°°°°°°°°°°°°°°°°°°°°°°°°°°°°°°°°°°°°°°°°°y°x'),
 ('vS3ky',
  'xkf°°°°°°°°°°°°°°°°°°°°°°°°°°°°°°°°°°°°°°°°°°°°°°°°°°°°°°°°°°°°°°°°°°°°°y°x'),
 ('HFEDZ',
  'x5s°°°°°°°°°°°°°°°°°°°°°°°°°°°°°°°°°°°°°°°°°°°°°°°°°°°°°°°°°°°°°°°°°°°°°Q°x')]
'Epoch 39, train_loss=4.122988211214964, valid_loss=4.182162200348286'
[('1LdLx',
  'xF6°°°°°°°°°°°°°°°°°°°°°°°°°°°°°°°°°°°°°°°°°°°°°°°°°°°°°°°°°°°°°°°°°°°°°Y°x'),
 ('sthQw',
  'x5f°°°°°°°°°°°°°°°°°°°°°°°°°°°°°°°°°°°°°°°°°°°°°°°°°°°°°°°°°°°°°°°°°°°°°Q°x'),
 ('lNdwC',
  'x5f°°°°°°°°°°°°°°°°°°°°°°°°°°°°°°°°°°°°°°°°°°°°°°°°°°°°°°°°°°°°°°°°°°°°°Q°x'),
 ('xMzaw',
  'xkf°°°°°°°°°°°°°°°°°°°°°°°°°°°°°°°°°°°°°°°°°°°°°°°°°°°°°°°°°°°°°°°°°°°°°y°x'),
 ('DuUd8',
  'x°W°°°°°°°°°°°°°°°°°°°°°°°°°°°°°°°°°°°°°°°°°°°°°°°°°°°°°°°°°°°°°°°°°°°°°Y°x')]
'Epoch 40, train_loss=4.1228568193093045, valid_loss=4.18186677256717'
[('OunQB',
  'xXf°°°°°°°°°°°°°°°°°°°°°°°°°°°°°°°°°°°°°°°°°°°°°°°°°°°°°°°°°°°°°°°°°°°°°y°x'),
 ('rAMFe',
  'xa6°°°°°°°°°°°°°°°°°°°°°°°°°°°°°°°°°°°°°°°°°°°°°°°°°°°°°°°°°°°°°°°°°°°°°Q°x'),
 ('InsKn',
  'x5f°°°°°°°°°°°°°°°°°°°°°°°°°°°°°°°°°°°°°°°°°°°°°°°°°°°°°°°°°°°°°°°°°°°°°Q°x'),
 ('rAMFe',
  'xa6°°°°°°°°°°°°°°°°°°°°°°°°°°°°°°°°°°°°°°°°°°°°°°°°°°°°°°°°°°°°°°°°°°°°°Q°x'),
 ('tKGfH',
  'xkf°°°°°°°°°°°°°°°°°°°°°°°°°°°°°°°°°°°°°°°°°°°°°°°°°°°°°°°°°°°°°°°°°°°°°y°x')]
'Epoch 41, train_loss=4.1234597640462445, valid_loss=4.181838512420654'
[('wszh3',
  'x5f°°°°°°°°°°°°°°°°°°°°°°°°°°°°°°°°°°°°°°°°°°°°°°°°°°°°°°°°°°°°°°°°°°°°°Q°x'),
 ('rud83',
  'x5s°°°°°°°°°°°°°°°°°°°°°°°°°°°°°°°°°°°°°°°°°°°°°°°°°°°°°°°°°°°°°°°°°°°°°Q°x'),
 ('gdrcL',
  'xaf°°°°°°°°°°°°°°°°°°°°°°°°°°°°°°°°°°°°°°°°°°°°°°°°°°°°°°°°°°°°°°°°°°°°°y°x'),
 ('dCBBJ',
  'x5f°°°°°°°°°°°°°°°°°°°°°°°°°°°°°°°°°°°°°°°°°°°°°°°°°°°°°°°°°°°°°°°°°°°°°Q°x'),
 ('4Rvlr',
  'x5f°°°°°°°°°°°°°°°°°°°°°°°°°°°°°°°°°°°°°°°°°°°°°°°°°°°°°°°°°°°°°°°°°°°°°Q°x')]
'Epoch 42, train_loss=4.122239910730041, valid_loss=4.181844168071505'
[('n97wA',
  'xXf°°°°°°°°°°°°°°°°°°°°°°°°°°°°°°°°°°°°°°°°°°°°°°°°°°°°°°°°°°°°°°°°°°°°°v°x'),
 ('rV73d',
  'x°W°°°°°°°°°°°°°°°°°°°°°°°°°°°°°°°°°°°°°°°°°°°°°°°°°°°°°°°°°°°°°°°°°°°°°Y°x'),
 ('A35NL',
  'x5f°°°°°°°°°°°°°°°°°°°°°°°°°°°°°°°°°°°°°°°°°°°°°°°°°°°°°°°°°°°°°°°°°°°°°Q°x'),
 ('6Krj8',
  'x5f°°°°°°°°°°°°°°°°°°°°°°°°°°°°°°°°°°°°°°°°°°°°°°°°°°°°°°°°°°°°°°°°°°°°°y°x'),
 ('c8M9U',
  'x5f°°°°°°°°°°°°°°°°°°°°°°°°°°°°°°°°°°°°°°°°°°°°°°°°°°°°°°°°°°°°°°°°°°°°°6°x')]
'Epoch 43, train_loss=4.12281743876499, valid_loss=4.181871299502216'
[('4xhG8',
  'xaW°°°°°°°°°°°°°°°°°°°°°°°°°°°°°°°°°°°°°°°°°°°°°°°°°°°°°°°°°°°°°°°°°°°°°6°x'),
 ('1bTtw',
  'x°W°°°°°°°°°°°°°°°°°°°°°°°°°°°°°°°°°°°°°°°°°°°°°°°°°°°°°°°°°°°°°°°°°°°°°Y°x'),
 ('PctpY',
  'x°W°°°°°°°°°°°°°°°°°°°°°°°°°°°°°°°°°°°°°°°°°°°°°°°°°°°°°°°°°°°°°°°°°°°°°Y°x'),
 ('jKnBK',
  'xa6°°°°°°°°°°°°°°°°°°°°°°°°°°°°°°°°°°°°°°°°°°°°°°°°°°°°°°°°°°°°°°°°°°°°°Y°x'),
 ('bGvIT',
  'x5f°°°°°°°°°°°°°°°°°°°°°°°°°°°°°°°°°°°°°°°°°°°°°°°°°°°°°°°°°°°°°°°°°°°°°Q°x')]
'Epoch 44, train_loss=4.121786719164383, valid_loss=4.181924445719659'
[('X8Bnn',
  'x5f°°°°°°°°°°°°°°°°°°°°°°°°°°°°°°°°°°°°°°°°°°°°°°°°°°°°°°°°°°°°°°°°°°°°°Q°x'),
 ('2T44f',
  'xa6°°°°°°°°°°°°°°°°°°°°°°°°°°°°°°°°°°°°°°°°°°°°°°°°°°°°°°°°°°°°°°°°°°°°°6°x'),
 ('7Jx2E',
  'x5f°°°°°°°°°°°°°°°°°°°°°°°°°°°°°°°°°°°°°°°°°°°°°°°°°°°°°°°°°°°°°°°°°°°°°Q°x'),
 ('s1qBu',
  'xa6°°°°°°°°°°°°°°°°°°°°°°°°°°°°°°°°°°°°°°°°°°°°°°°°°°°°°°°°°°°°°°°°°°°°°Y°x'),
 ('kaZJb',
  'x5f°°°°°°°°°°°°°°°°°°°°°°°°°°°°°°°°°°°°°°°°°°°°°°°°°°°°°°°°°°°°°°°°°°°°°Q°x')]
'Epoch 45, train_loss=4.122220442015177, valid_loss=4.182050463519519'
[('CG74P',
  'x5f°°°°°°°°°°°°°°°°°°°°°°°°°°°°°°°°°°°°°°°°°°°°°°°°°°°°°°°°°°°°°°°°°°°°°6°x'),
 ('1jZmk',
  'xaf°°°°°°°°°°°°°°°°°°°°°°°°°°°°°°°°°°°°°°°°°°°°°°°°°°°°°°°°°°°°°°°°°°°°°y°x'),
 ('j3f2c',
  'x°W°°°°°°°°°°°°°°°°°°°°°°°°°°°°°°°°°°°°°°°°°°°°°°°°°°°°°°°°°°°°°°°°°°°°°Y°x'),
 ('CG74P',
  'x5f°°°°°°°°°°°°°°°°°°°°°°°°°°°°°°°°°°°°°°°°°°°°°°°°°°°°°°°°°°°°°°°°°°°°°6°x'),
 ('N2ePU',
  'x5f°°°°°°°°°°°°°°°°°°°°°°°°°°°°°°°°°°°°°°°°°°°°°°°°°°°°°°°°°°°°°°°°°°°°°Q°x')]
'Epoch 46, train_loss=4.12272938373571, valid_loss=4.182019457032409'
[('E1QLw',
  'x5f°°°°°°°°°°°°°°°°°°°°°°°°°°°°°°°°°°°°°°°°°°°°°°°°°°°°°°°°°°°°°°°°°°°°°Q°x'),
 ('RAMsC',
  'x5f°°°°°°°°°°°°°°°°°°°°°°°°°°°°°°°°°°°°°°°°°°°°°°°°°°°°°°°°°°°°°°°°°°°°°Q°x'),
 ('TbgD4',
  'x5f°°°°°°°°°°°°°°°°°°°°°°°°°°°°°°°°°°°°°°°°°°°°°°°°°°°°°°°°°°°°°°°°°°°°°Q°x'),
 ('hlMAc',
  'x5s°°°°°°°°°°°°°°°°°°°°°°°°°°°°°°°°°°°°°°°°°°°°°°°°°°°°°°°°°°°°°°°°°°°°°Q°x'),
 ('COB4W',
  'x5f°°°°°°°°°°°°°°°°°°°°°°°°°°°°°°°°°°°°°°°°°°°°°°°°°°°°°°°°°°°°°°°°°°°°°Q°x')]
'Epoch 47, train_loss=4.121943240455725, valid_loss=4.181836774077596'
[('iIvsp',
  'xa6°°°°°°°°°°°°°°°°°°°°°°°°°°°°°°°°°°°°°°°°°°°°°°°°°°°°°°°°°°°°°°°°°°°°°Y°x'),
 ('r2qAH',
  'xa6°°°°°°°°°°°°°°°°°°°°°°°°°°°°°°°°°°°°°°°°°°°°°°°°°°°°°°°°°°°°°°°°°°°°°6°x'),
 ('FLZdu',
  'xaf°°°°°°°°°°°°°°°°°°°°°°°°°°°°°°°°°°°°°°°°°°°°°°°°°°°°°°°°°°°°°°°°°°°°°y°x'),
 ('fpNkA',
  'x5f°°°°°°°°°°°°°°°°°°°°°°°°°°°°°°°°°°°°°°°°°°°°°°°°°°°°°°°°°°°°°°°°°°°°°Q°x'),
 ('2dJzP',
  'x°W°°°°°°°°°°°°°°°°°°°°°°°°°°°°°°°°°°°°°°°°°°°°°°°°°°°°°°°°°°°°°°°°°°°°°Y°x')]
'Epoch 48, train_loss=4.1216725271189905, valid_loss=4.18209423596346'
[('PUpWe',
  'x5f°°°°°°°°°°°°°°°°°°°°°°°°°°°°°°°°°°°°°°°°°°°°°°°°°°°°°°°°°°°°°°°°°°°°°y°x'),
 ('VPJAY',
  'x5f°°°°°°°°°°°°°°°°°°°°°°°°°°°°°°°°°°°°°°°°°°°°°°°°°°°°°°°°°°°°°°°°°°°°°Q°x'),
 ('DjVj8',
  'x5f°°°°°°°°°°°°°°°°°°°°°°°°°°°°°°°°°°°°°°°°°°°°°°°°°°°°°°°°°°°°°°°°°°°°°Q°x'),
 ('WSvlR',
  'x5f°°°°°°°°°°°°°°°°°°°°°°°°°°°°°°°°°°°°°°°°°°°°°°°°°°°°°°°°°°°°°°°°°°°°°Q°x'),
 ('iqPNW',
  'xa6°°°°°°°°°°°°°°°°°°°°°°°°°°°°°°°°°°°°°°°°°°°°°°°°°°°°°°°°°°°°°°°°°°°°°Y°x')]
'Epoch 49, train_loss=4.121564157612759, valid_loss=4.181755856622623'
[('OunQB',
  'x5f°°°°°°°°°°°°°°°°°°°°°°°°°°°°°°°°°°°°°°°°°°°°°°°°°°°°°°°°°°°°°°°°°°°°°y°x'),
 ('Mej3w',
  'x5f°°°°°°°°°°°°°°°°°°°°°°°°°°°°°°°°°°°°°°°°°°°°°°°°°°°°°°°°°°°°°°°°°°°°°y°x'),
 ('MlvxE',
  'x5f°°°°°°°°°°°°°°°°°°°°°°°°°°°°°°°°°°°°°°°°°°°°°°°°°°°°°°°°°°°°°°°°°°°°°y°x'),
 ('xSKqL',
  'x5v°°°°°°°°°°°°°°°°°°°°°°°°°°°°°°°°°°°°°°°°°°°°°°°°°°°°°°°°°°°°°°°°°°°°°Q°x'),
 ('FLZdu',
  'x5f°°°°°°°°°°°°°°°°°°°°°°°°°°°°°°°°°°°°°°°°°°°°°°°°°°°°°°°°°°°°°°°°°°°°°y°x')]
'Epoch 50, train_loss=4.122181062145314, valid_loss=4.181803353225129'
[('X8lxh',
  'x5s°°°°°°°°°°°°°°°°°°°°°°°°°°°°°°°°°°°°°°°°°°°°°°°°°°°°°°°°°°°°°°°°°°°°°Q°x'),
 ('pxNOL',
  'x5v°°°°°°°°°°°°°°°°°°°°°°°°°°°°°°°°°°°°°°°°°°°°°°°°°°°°°°°°°°°°°°°°°°°°°Q°x'),
 ('T46U2',
  'x56°°°°°°°°°°°°°°°°°°°°°°°°°°°°°°°°°°°°°°°°°°°°°°°°°°°°°°°°°°°°°°°°°°°°°Q°x'),
 ('Wnzir',
  'x5f°°°°°°°°°°°°°°°°°°°°°°°°°°°°°°°°°°°°°°°°°°°°°°°°°°°°°°°°°°°°°°°°°°°°°Q°x'),
 ('dl68O',
  'xaf°°°°°°°°°°°°°°°°°°°°°°°°°°°°°°°°°°°°°°°°°°°°°°°°°°°°°°°°°°°°°°°°°°°°°6°x')]
'Epoch 51, train_loss=4.122440939070986, valid_loss=4.182107635691196'
[('M97eK',
  'xaf°°°°°°°°°°°°°°°°°°°°°°°°°°°°°°°°°°°°°°°°°°°°°°°°°°°°°°°°°°°°°°°°°°°°°y°x'),
 ('Y1ijv',
  'xa6°°°°°°°°°°°°°°°°°°°°°°°°°°°°°°°°°°°°°°°°°°°°°°°°°°°°°°°°°°°°°°°°°°°°°Y°x'),
 ('DKtrD',
  'xaf°°°°°°°°°°°°°°°°°°°°°°°°°°°°°°°°°°°°°°°°°°°°°°°°°°°°°°°°°°°°°°°°°°°°°y°x'),
 ('Z1CGN',
  'x°W°°°°°°°°°°°°°°°°°°°°°°°°°°°°°°°°°°°°°°°°°°°°°°°°°°°°°°°°°°°°°°°°°°°°°Y°x'),
 ('XXfhd',
  'x°W°°°°°°°°°°°°°°°°°°°°°°°°°°°°°°°°°°°°°°°°°°°°°°°°°°°°°°°°°°°°°°°°°°°°°Y°x')]
'Epoch 52, train_loss=4.1212932102413795, valid_loss=4.181871221035341'
[('RAMsC',
  'x5f°°°°°°°°°°°°°°°°°°°°°°°°°°°°°°°°°°°°°°°°°°°°°°°°°°°°°°°°°°°°°°°°°°°°°Q°x'),
 ('eJU1K',
  'x5f°°°°°°°°°°°°°°°°°°°°°°°°°°°°°°°°°°°°°°°°°°°°°°°°°°°°°°°°°°°°°°°°°°°°°Q°x'),
 ('WeUkp',
  'x5f°°°°°°°°°°°°°°°°°°°°°°°°°°°°°°°°°°°°°°°°°°°°°°°°°°°°°°°°°°°°°°°°°°°°°y°x'),
 ('hkhav',
  'x°W°°°°°°°°°°°°°°°°°°°°°°°°°°°°°°°°°°°°°°°°°°°°°°°°°°°°°°°°°°°°°°°°°°°°°Y°x'),
 ('tnzAz',
  'x5f°°°°°°°°°°°°°°°°°°°°°°°°°°°°°°°°°°°°°°°°°°°°°°°°°°°°°°°°°°°°°°°°°°°°°y°x')]
'Epoch 53, train_loss=4.1221220456221825, valid_loss=4.18205055405822'
[('JnaC9',
  'x5f°°°°°°°°°°°°°°°°°°°°°°°°°°°°°°°°°°°°°°°°°°°°°°°°°°°°°°°°°°°°°°°°°°°°°Q°x'),
 ('EXUDl',
  'xa6°°°°°°°°°°°°°°°°°°°°°°°°°°°°°°°°°°°°°°°°°°°°°°°°°°°°°°°°°°°°°°°°°°°°°Y°x'),
 ('Z3SiM',
  'x°W°°°°°°°°°°°°°°°°°°°°°°°°°°°°°°°°°°°°°°°°°°°°°°°°°°°°°°°°°°°°°°°°°°°°°Y°x'),
 ('aNYm8',
  'xef°°°°°°°°°°°°°°°°°°°°°°°°°°°°°°°°°°°°°°°°°°°°°°°°°°°°°°°°°°°°°°°°°°°°°6°x'),
 ('9yJ3r',
  'x5f°°°°°°°°°°°°°°°°°°°°°°°°°°°°°°°°°°°°°°°°°°°°°°°°°°°°°°°°°°°°°°°°°°°°°Q°x')]
'Epoch 54, train_loss=4.12192659027337, valid_loss=4.182119049603426'
[('ViK9G',
  'xa6°°°°°°°°°°°°°°°°°°°°°°°°°°°°°°°°°°°°°°°°°°°°°°°°°°°°°°°°°°°°°°°°°°°°°Y°x'),
 ('UbEpJ',
  'xa6°°°°°°°°°°°°°°°°°°°°°°°°°°°°°°°°°°°°°°°°°°°°°°°°°°°°°°°°°°°°°°°°°°°°°Y°x'),
 ('htYEL',
  'x5f°°°°°°°°°°°°°°°°°°°°°°°°°°°°°°°°°°°°°°°°°°°°°°°°°°°°°°°°°°°°°°°°°°°°°v°x'),
 ('XRRcc',
  'xaf°°°°°°°°°°°°°°°°°°°°°°°°°°°°°°°°°°°°°°°°°°°°°°°°°°°°°°°°°°°°°°°°°°°°°y°x'),
 ('Qnz7e',
  'x5v°°°°°°°°°°°°°°°°°°°°°°°°°°°°°°°°°°°°°°°°°°°°°°°°°°°°°°°°°°°°°°°°°°°°°Q°x')]
'Epoch 55, train_loss=4.122207361704221, valid_loss=4.181976215748847'
[('bYqEE',
  'xa6°°°°°°°°°°°°°°°°°°°°°°°°°°°°°°°°°°°°°°°°°°°°°°°°°°°°°°°°°°°°°°°°°°°°°Y°x'),
 ('DGqLn',
  'x5f°°°°°°°°°°°°°°°°°°°°°°°°°°°°°°°°°°°°°°°°°°°°°°°°°°°°°°°°°°°°°°°°°°°°°Q°x'),
 ('fGAiU',
  'x5f°°°°°°°°°°°°°°°°°°°°°°°°°°°°°°°°°°°°°°°°°°°°°°°°°°°°°°°°°°°°°°°°°°°°°Q°x'),
 ('iMET2',
  'x5f°°°°°°°°°°°°°°°°°°°°°°°°°°°°°°°°°°°°°°°°°°°°°°°°°°°°°°°°°°°°°°°°°°°°°Q°x'),
 ('uXaMx',
  'x5f°°°°°°°°°°°°°°°°°°°°°°°°°°°°°°°°°°°°°°°°°°°°°°°°°°°°°°°°°°°°°°°°°°°°°Q°x')]
'Epoch 56, train_loss=4.122174023570232, valid_loss=4.182083642935451'
[('aheuQ',
  'xa6°°°°°°°°°°°°°°°°°°°°°°°°°°°°°°°°°°°°°°°°°°°°°°°°°°°°°°°°°°°°°°°°°°°°°Y°x'),
 ('HpFiA',
  'x5f°°°°°°°°°°°°°°°°°°°°°°°°°°°°°°°°°°°°°°°°°°°°°°°°°°°°°°°°°°°°°°°°°°°°°y°x'),
 ('DjVj8',
  'x5f°°°°°°°°°°°°°°°°°°°°°°°°°°°°°°°°°°°°°°°°°°°°°°°°°°°°°°°°°°°°°°°°°°°°°Q°x'),
 ('tw8aI',
  'xa6°°°°°°°°°°°°°°°°°°°°°°°°°°°°°°°°°°°°°°°°°°°°°°°°°°°°°°°°°°°°°°°°°°°°°Y°x'),
 ('z28Q5',
  'x5f°°°°°°°°°°°°°°°°°°°°°°°°°°°°°°°°°°°°°°°°°°°°°°°°°°°°°°°°°°°°°°°°°°°°°Q°x')]
'Epoch 57, train_loss=4.122011886796317, valid_loss=4.1820692895333975'
[('Jiit3',
  'x5J°°°°°°°°°°°°°°°°°°°°°°°°°°°°°°°°°°°°°°°°°°°°°°°°°°°°°°°°°°°°°°°°°°°°°Q°x'),
 ('KCnKr',
  'x5f°°°°°°°°°°°°°°°°°°°°°°°°°°°°°°°°°°°°°°°°°°°°°°°°°°°°°°°°°°°°°°°°°°°°°Q°x'),
 ('1jZmk',
  'xaf°°°°°°°°°°°°°°°°°°°°°°°°°°°°°°°°°°°°°°°°°°°°°°°°°°°°°°°°°°°°°°°°°°°°°y°x'),
 ('f5yYQ',
  'x5s°°°°°°°°°°°°°°°°°°°°°°°°°°°°°°°°°°°°°°°°°°°°°°°°°°°°°°°°°°°°°°°°°°°°°Q°x'),
 ('K8F9j',
  'x5f°°°°°°°°°°°°°°°°°°°°°°°°°°°°°°°°°°°°°°°°°°°°°°°°°°°°°°°°°°°°°°°°°°°°°y°x')]
'Epoch 58, train_loss=4.121876255288994, valid_loss=4.182122550433195'
[('z3K8z',
  'x5v°°°°°°°°°°°°°°°°°°°°°°°°°°°°°°°°°°°°°°°°°°°°°°°°°°°°°°°°°°°°°°°°°°°°°Q°x'),
 ('1byBB',
  'x°W°°°°°°°°°°°°°°°°°°°°°°°°°°°°°°°°°°°°°°°°°°°°°°°°°°°°°°°°°°°°°°°°°°°°°6°x'),
 ('pAEw2',
  'x5f°°°°°°°°°°°°°°°°°°°°°°°°°°°°°°°°°°°°°°°°°°°°°°°°°°°°°°°°°°°°°°°°°°°°°y°x'),
 ('OunQB',
  'x5f°°°°°°°°°°°°°°°°°°°°°°°°°°°°°°°°°°°°°°°°°°°°°°°°°°°°°°°°°°°°°°°°°°°°°y°x'),
 ('YmcDl',
  'xa6°°°°°°°°°°°°°°°°°°°°°°°°°°°°°°°°°°°°°°°°°°°°°°°°°°°°°°°°°°°°°°°°°°°°°Q°x')]
'Epoch 59, train_loss=4.121672007791393, valid_loss=4.181822384460063'
[('dQQNG',
  'xa6°°°°°°°°°°°°°°°°°°°°°°°°°°°°°°°°°°°°°°°°°°°°°°°°°°°°°°°°°°°°°°°°°°°°°Y°x'),
 ('DjVj8',
  'x5f°°°°°°°°°°°°°°°°°°°°°°°°°°°°°°°°°°°°°°°°°°°°°°°°°°°°°°°°°°°°°°°°°°°°°Q°x'),
 ('cuyJq',
  'x5f°°°°°°°°°°°°°°°°°°°°°°°°°°°°°°°°°°°°°°°°°°°°°°°°°°°°°°°°°°°°°°°°°°°°°Q°x'),
 ('yJdNQ',
  'x5f°°°°°°°°°°°°°°°°°°°°°°°°°°°°°°°°°°°°°°°°°°°°°°°°°°°°°°°°°°°°°°°°°°°°°Q°x'),
 ('AKPBI',
  'x°W°°°°°°°°°°°°°°°°°°°°°°°°°°°°°°°°°°°°°°°°°°°°°°°°°°°°°°°°°°°°°°°°°°°°°Y°x')]
'Epoch 60, train_loss=4.1210459995134885, valid_loss=4.181933704810806'
[('QWWiD',
  'x5s°°°°°°°°°°°°°°°°°°°°°°°°°°°°°°°°°°°°°°°°°°°°°°°°°°°°°°°°°°°°°°°°°°°°°6°x'),
 ('GePlm',
  'x5f°°°°°°°°°°°°°°°°°°°°°°°°°°°°°°°°°°°°°°°°°°°°°°°°°°°°°°°°°°°°°°°°°°°°°Q°x'),
 ('nvN6S',
  'x5f°°°°°°°°°°°°°°°°°°°°°°°°°°°°°°°°°°°°°°°°°°°°°°°°°°°°°°°°°°°°°°°°°°°°°y°x'),
 ('seVak',
  'x5f°°°°°°°°°°°°°°°°°°°°°°°°°°°°°°°°°°°°°°°°°°°°°°°°°°°°°°°°°°°°°°°°°°°°°y°x'),
 ('Bx8eh',
  'x5f°°°°°°°°°°°°°°°°°°°°°°°°°°°°°°°°°°°°°°°°°°°°°°°°°°°°°°°°°°°°°°°°°°°°°Q°x')]
'Epoch 61, train_loss=4.121409533553279, valid_loss=4.1818958958493'
[('NmBEE',
  'x°W°°°°°°°°°°°°°°°°°°°°°°°°°°°°°°°°°°°°°°°°°°°°°°°°°°°°°°°°°°°°°°°°°°°°°Y°x'),
 ('dTsCq',
  'x5f°°°°°°°°°°°°°°°°°°°°°°°°°°°°°°°°°°°°°°°°°°°°°°°°°°°°°°°°°°°°°°°°°°°°°Q°x'),
 ('x7hER',
  'xaf°°°°°°°°°°°°°°°°°°°°°°°°°°°°°°°°°°°°°°°°°°°°°°°°°°°°°°°°°°°°°°°°°°°°°y°x'),
 ('DGqLn',
  'x5f°°°°°°°°°°°°°°°°°°°°°°°°°°°°°°°°°°°°°°°°°°°°°°°°°°°°°°°°°°°°°°°°°°°°°Q°x'),
 ('UDMC3',
  'xaf°°°°°°°°°°°°°°°°°°°°°°°°°°°°°°°°°°°°°°°°°°°°°°°°°°°°°°°°°°°°°°°°°°°°°y°x')]
'Epoch 62, train_loss=4.121846770970453, valid_loss=4.181884825984134'
[('4Qt5P',
  'xa6°°°°°°°°°°°°°°°°°°°°°°°°°°°°°°°°°°°°°°°°°°°°°°°°°°°°°°°°°°°°°°°°°°°°°Q°x'),
 ('nCiR7',
  'x5f°°°°°°°°°°°°°°°°°°°°°°°°°°°°°°°°°°°°°°°°°°°°°°°°°°°°°°°°°°°°°°°°°°°°°Q°x'),
 ('YirKK',
  'x5f°°°°°°°°°°°°°°°°°°°°°°°°°°°°°°°°°°°°°°°°°°°°°°°°°°°°°°°°°°°°°°°°°°°°°Q°x'),
 ('xJAsJ',
  'x5s°°°°°°°°°°°°°°°°°°°°°°°°°°°°°°°°°°°°°°°°°°°°°°°°°°°°°°°°°°°°°°°°°°°°°Q°x'),
 ('kLeuv',
  'xa6°°°°°°°°°°°°°°°°°°°°°°°°°°°°°°°°°°°°°°°°°°°°°°°°°°°°°°°°°°°°°°°°°°°°°y°x')]
'Epoch 63, train_loss=4.122199102372058, valid_loss=4.182038946996761'
[('GRP9F',
  'x5f°°°°°°°°°°°°°°°°°°°°°°°°°°°°°°°°°°°°°°°°°°°°°°°°°°°°°°°°°°°°°°°°°°°°°Q°x'),
 ('Qy5rL',
  'x5f°°°°°°°°°°°°°°°°°°°°°°°°°°°°°°°°°°°°°°°°°°°°°°°°°°°°°°°°°°°°°°°°°°°°°Q°x'),
 ('fZeTX',
  'x5f°°°°°°°°°°°°°°°°°°°°°°°°°°°°°°°°°°°°°°°°°°°°°°°°°°°°°°°°°°°°°°°°°°°°°Q°x'),
 ('pn7S5',
  'x5f°°°°°°°°°°°°°°°°°°°°°°°°°°°°°°°°°°°°°°°°°°°°°°°°°°°°°°°°°°°°°°°°°°°°°y°x'),
 ('rud83',
  'x5v°°°°°°°°°°°°°°°°°°°°°°°°°°°°°°°°°°°°°°°°°°°°°°°°°°°°°°°°°°°°°°°°°°°°°Q°x')]
'Epoch 64, train_loss=4.1220444418922, valid_loss=4.181994347632686'
[('jFIml',
  'x5f°°°°°°°°°°°°°°°°°°°°°°°°°°°°°°°°°°°°°°°°°°°°°°°°°°°°°°°°°°°°°°°°°°°°°y°x'),
 ('VHG12',
  'xa6°°°°°°°°°°°°°°°°°°°°°°°°°°°°°°°°°°°°°°°°°°°°°°°°°°°°°°°°°°°°°°°°°°°°°Q°x'),
 ('i6cjm',
  'x5f°°°°°°°°°°°°°°°°°°°°°°°°°°°°°°°°°°°°°°°°°°°°°°°°°°°°°°°°°°°°°°°°°°°°°y°x'),
 ('sOr5g',
  'xaf°°°°°°°°°°°°°°°°°°°°°°°°°°°°°°°°°°°°°°°°°°°°°°°°°°°°°°°°°°°°°°°°°°°°°y°x'),
 ('hyHx9',
  'xa6°°°°°°°°°°°°°°°°°°°°°°°°°°°°°°°°°°°°°°°°°°°°°°°°°°°°°°°°°°°°°°°°°°°°°6°x')]
'Epoch 65, train_loss=4.121391556050518, valid_loss=4.18183350864845'
[('kGFtR',
  'x°W°°°°°°°°°°°°°°°°°°°°°°°°°°°°°°°°°°°°°°°°°°°°°°°°°°°°°°°°°°°°°°°°°°°°°Y°x'),
 ('2XIv7',
  'x5f°°°°°°°°°°°°°°°°°°°°°°°°°°°°°°°°°°°°°°°°°°°°°°°°°°°°°°°°°°°°°°°°°°°°°y°x'),
 ('uwCdv',
  'x5f°°°°°°°°°°°°°°°°°°°°°°°°°°°°°°°°°°°°°°°°°°°°°°°°°°°°°°°°°°°°°°°°°°°°°Q°x'),
 ('DUuFi',
  'x5f°°°°°°°°°°°°°°°°°°°°°°°°°°°°°°°°°°°°°°°°°°°°°°°°°°°°°°°°°°°°°°°°°°°°°Q°x'),
 ('DuUd8',
  'x°W°°°°°°°°°°°°°°°°°°°°°°°°°°°°°°°°°°°°°°°°°°°°°°°°°°°°°°°°°°°°°°°°°°°°°Y°x')]
'Epoch 66, train_loss=4.122323372745109, valid_loss=4.181954782220382'
[('hHNEu',
  'x5s°°°°°°°°°°°°°°°°°°°°°°°°°°°°°°°°°°°°°°°°°°°°°°°°°°°°°°°°°°°°°°°°°°°°°Q°x'),
 ('dPZcS',
  'x5f°°°°°°°°°°°°°°°°°°°°°°°°°°°°°°°°°°°°°°°°°°°°°°°°°°°°°°°°°°°°°°°°°°°°°y°x'),
 ('QOkjQ',
  'x5f°°°°°°°°°°°°°°°°°°°°°°°°°°°°°°°°°°°°°°°°°°°°°°°°°°°°°°°°°°°°°°°°°°°°°Q°x'),
 ('Vghbh',
  'xa6°°°°°°°°°°°°°°°°°°°°°°°°°°°°°°°°°°°°°°°°°°°°°°°°°°°°°°°°°°°°°°°°°°°°°Y°x'),
 ('4jlk3',
  'x5s°°°°°°°°°°°°°°°°°°°°°°°°°°°°°°°°°°°°°°°°°°°°°°°°°°°°°°°°°°°°°°°°°°°°°Q°x')]
'Epoch 67, train_loss=4.12264913683059, valid_loss=4.181918910787076'
[('4szGj',
  'xaf°°°°°°°°°°°°°°°°°°°°°°°°°°°°°°°°°°°°°°°°°°°°°°°°°°°°°°°°°°°°°°°°°°°°°y°x'),
 ('fGAiU',
  'x5f°°°°°°°°°°°°°°°°°°°°°°°°°°°°°°°°°°°°°°°°°°°°°°°°°°°°°°°°°°°°°°°°°°°°°Q°x'),
 ('yHMz7',
  'x5f°°°°°°°°°°°°°°°°°°°°°°°°°°°°°°°°°°°°°°°°°°°°°°°°°°°°°°°°°°°°°°°°°°°°°Q°x'),
 ('XvuFx',
  'x5f°°°°°°°°°°°°°°°°°°°°°°°°°°°°°°°°°°°°°°°°°°°°°°°°°°°°°°°°°°°°°°°°°°°°°y°x'),
 ('Xbwtg',
  'x5v°°°°°°°°°°°°°°°°°°°°°°°°°°°°°°°°°°°°°°°°°°°°°°°°°°°°°°°°°°°°°°°°°°°°°Q°x')]
'Epoch 68, train_loss=4.122197552482681, valid_loss=4.1820571935629545'
[('9kvyS',
  'x5f°°°°°°°°°°°°°°°°°°°°°°°°°°°°°°°°°°°°°°°°°°°°°°°°°°°°°°°°°°°°°°°°°°°°°Q°x'),
 ('Qy5rL',
  'x5f°°°°°°°°°°°°°°°°°°°°°°°°°°°°°°°°°°°°°°°°°°°°°°°°°°°°°°°°°°°°°°°°°°°°°Q°x'),
 ('Cv1tZ',
  'x°W°°°°°°°°°°°°°°°°°°°°°°°°°°°°°°°°°°°°°°°°°°°°°°°°°°°°°°°°°°°°°°°°°°°°°Y°x'),
 ('5JiQz',
  'x5f°°°°°°°°°°°°°°°°°°°°°°°°°°°°°°°°°°°°°°°°°°°°°°°°°°°°°°°°°°°°°°°°°°°°°Q°x'),
 ('N4rJq',
  'xaf°°°°°°°°°°°°°°°°°°°°°°°°°°°°°°°°°°°°°°°°°°°°°°°°°°°°°°°°°°°°°°°°°°°°°y°x')]
'Epoch 69, train_loss=4.1217158673676275, valid_loss=4.181844439687608'
[('WUHRg',
  'x5f°°°°°°°°°°°°°°°°°°°°°°°°°°°°°°°°°°°°°°°°°°°°°°°°°°°°°°°°°°°°°°°°°°°°°y°x'),
 ('sthQw',
  'x5f°°°°°°°°°°°°°°°°°°°°°°°°°°°°°°°°°°°°°°°°°°°°°°°°°°°°°°°°°°°°°°°°°°°°°Q°x'),
 ('FPaAF',
  'xa6°°°°°°°°°°°°°°°°°°°°°°°°°°°°°°°°°°°°°°°°°°°°°°°°°°°°°°°°°°°°°°°°°°°°°Y°x'),
 ('K8F9j',
  'x5f°°°°°°°°°°°°°°°°°°°°°°°°°°°°°°°°°°°°°°°°°°°°°°°°°°°°°°°°°°°°°°°°°°°°°y°x'),
 ('TSaTb',
  'xa6°°°°°°°°°°°°°°°°°°°°°°°°°°°°°°°°°°°°°°°°°°°°°°°°°°°°°°°°°°°°°°°°°°°°°Y°x')]
'Epoch 70, train_loss=4.1221467352655345, valid_loss=4.18199933329715'
[('51cZ4',
  'x5f°°°°°°°°°°°°°°°°°°°°°°°°°°°°°°°°°°°°°°°°°°°°°°°°°°°°°°°°°°°°°°°°°°°°°Q°x'),
 ('QlvxW',
  'x5s°°°°°°°°°°°°°°°°°°°°°°°°°°°°°°°°°°°°°°°°°°°°°°°°°°°°°°°°°°°°°°°°°°°°°Q°x'),
 ('n97wA',
  'x5f°°°°°°°°°°°°°°°°°°°°°°°°°°°°°°°°°°°°°°°°°°°°°°°°°°°°°°°°°°°°°°°°°°°°°v°x'),
 ('xctag',
  'x5v°°°°°°°°°°°°°°°°°°°°°°°°°°°°°°°°°°°°°°°°°°°°°°°°°°°°°°°°°°°°°°°°°°°°°Q°x'),
 ('W2WpJ',
  'x5f°°°°°°°°°°°°°°°°°°°°°°°°°°°°°°°°°°°°°°°°°°°°°°°°°°°°°°°°°°°°°°°°°°°°°Q°x')]
'Epoch 71, train_loss=4.122100862451793, valid_loss=4.181856903848769'
[('Jiit3',
  'x5J°°°°°°°°°°°°°°°°°°°°°°°°°°°°°°°°°°°°°°°°°°°°°°°°°°°°°°°°°°°°°°°°°°°°°Q°x'),
 ('SUJyi',
  'x°W°°°°°°°°°°°°°°°°°°°°°°°°°°°°°°°°°°°°°°°°°°°°°°°°°°°°°°°°°°°°°°°°°°°°°Y°x'),
 ('fqQBd',
  'xa6°°°°°°°°°°°°°°°°°°°°°°°°°°°°°°°°°°°°°°°°°°°°°°°°°°°°°°°°°°°°°°°°°°°°°Y°x'),
 ('Ss8Xr',
  'x5f°°°°°°°°°°°°°°°°°°°°°°°°°°°°°°°°°°°°°°°°°°°°°°°°°°°°°°°°°°°°°°°°°°°°°Q°x'),
 ('dYNeM',
  'x5f°°°°°°°°°°°°°°°°°°°°°°°°°°°°°°°°°°°°°°°°°°°°°°°°°°°°°°°°°°°°°°°°°°°°°y°x')]
'Epoch 72, train_loss=4.122531585342645, valid_loss=4.181714341610292'
[('pKv9C',
  'x°W°°°°°°°°°°°°°°°°°°°°°°°°°°°°°°°°°°°°°°°°°°°°°°°°°°°°°°°°°°°°°°°°°°°°°Y°x'),
 ('cWWKI',
  'x5s°°°°°°°°°°°°°°°°°°°°°°°°°°°°°°°°°°°°°°°°°°°°°°°°°°°°°°°°°°°°°°°°°°°°°Q°x'),
 ('n97wA',
  'x5f°°°°°°°°°°°°°°°°°°°°°°°°°°°°°°°°°°°°°°°°°°°°°°°°°°°°°°°°°°°°°°°°°°°°°v°x'),
 ('Y4Q5U',
  'x5s°°°°°°°°°°°°°°°°°°°°°°°°°°°°°°°°°°°°°°°°°°°°°°°°°°°°°°°°°°°°°°°°°°°°°Q°x'),
 ('4ml9G',
  'x5f°°°°°°°°°°°°°°°°°°°°°°°°°°°°°°°°°°°°°°°°°°°°°°°°°°°°°°°°°°°°°°°°°°°°°Q°x')]
'Epoch 73, train_loss=4.122557327130222, valid_loss=4.181774875785731'
[('aSIcq',
  'x°W°°°°°°°°°°°°°°°°°°°°°°°°°°°°°°°°°°°°°°°°°°°°°°°°°°°°°°°°°°°°°°°°°°°°°Y°x'),
 ('VHG12',
  'xa6°°°°°°°°°°°°°°°°°°°°°°°°°°°°°°°°°°°°°°°°°°°°°°°°°°°°°°°°°°°°°°°°°°°°°Q°x'),
 ('ISR32',
  'x5f°°°°°°°°°°°°°°°°°°°°°°°°°°°°°°°°°°°°°°°°°°°°°°°°°°°°°°°°°°°°°°°°°°°°°Q°x'),
 ('RrXQb',
  'x5f°°°°°°°°°°°°°°°°°°°°°°°°°°°°°°°°°°°°°°°°°°°°°°°°°°°°°°°°°°°°°°°°°°°°°y°x'),
 ('SaNcQ',
  'x5f°°°°°°°°°°°°°°°°°°°°°°°°°°°°°°°°°°°°°°°°°°°°°°°°°°°°°°°°°°°°°°°°°°°°°Q°x')]
'Epoch 74, train_loss=4.121769472766968, valid_loss=4.181846817837486'
[('J3WQX',
  'x5v°°°°°°°°°°°°°°°°°°°°°°°°°°°°°°°°°°°°°°°°°°°°°°°°°°°°°°°°°°°°°°°°°°°°°Q°x'),
 ('dYNeM',
  'x5f°°°°°°°°°°°°°°°°°°°°°°°°°°°°°°°°°°°°°°°°°°°°°°°°°°°°°°°°°°°°°°°°°°°°°y°x'),
 ('l35dj',
  'x5f°°°°°°°°°°°°°°°°°°°°°°°°°°°°°°°°°°°°°°°°°°°°°°°°°°°°°°°°°°°°°°°°°°°°°Q°x'),
 ('tpQGH',
  'xa6°°°°°°°°°°°°°°°°°°°°°°°°°°°°°°°°°°°°°°°°°°°°°°°°°°°°°°°°°°°°°°°°°°°°°Y°x'),
 ('b8jI8',
  'xa6°°°°°°°°°°°°°°°°°°°°°°°°°°°°°°°°°°°°°°°°°°°°°°°°°°°°°°°°°°°°°°°°°°°°°y°x')]
'Epoch 75, train_loss=4.121264697132893, valid_loss=4.181851387023926'
[('FanTp',
  'x5v°°°°°°°°°°°°°°°°°°°°°°°°°°°°°°°°°°°°°°°°°°°°°°°°°°°°°°°°°°°°°°°°°°°°°Q°x'),
 ('9Qsxw',
  'x5f°°°°°°°°°°°°°°°°°°°°°°°°°°°°°°°°°°°°°°°°°°°°°°°°°°°°°°°°°°°°°°°°°°°°°y°x'),
 ('FRzu1',
  'x5f°°°°°°°°°°°°°°°°°°°°°°°°°°°°°°°°°°°°°°°°°°°°°°°°°°°°°°°°°°°°°°°°°°°°°Q°x'),
 ('ZtiTs',
  'x5f°°°°°°°°°°°°°°°°°°°°°°°°°°°°°°°°°°°°°°°°°°°°°°°°°°°°°°°°°°°°°°°°°°°°°y°x'),
 ('ZtiTs',
  'x5f°°°°°°°°°°°°°°°°°°°°°°°°°°°°°°°°°°°°°°°°°°°°°°°°°°°°°°°°°°°°°°°°°°°°°y°x')]
'Epoch 76, train_loss=4.1225223487303655, valid_loss=4.181859318214126'
[('KA87M',
  'x5f°°°°°°°°°°°°°°°°°°°°°°°°°°°°°°°°°°°°°°°°°°°°°°°°°°°°°°°°°°°°°°°°°°°°°Q°x'),
 ('A7utP',
  'x5f°°°°°°°°°°°°°°°°°°°°°°°°°°°°°°°°°°°°°°°°°°°°°°°°°°°°°°°°°°°°°°°°°°°°°Q°x'),
 ('pKv9C',
  'x°W°°°°°°°°°°°°°°°°°°°°°°°°°°°°°°°°°°°°°°°°°°°°°°°°°°°°°°°°°°°°°°°°°°°°°Y°x'),
 ('AKPBI',
  'x°W°°°°°°°°°°°°°°°°°°°°°°°°°°°°°°°°°°°°°°°°°°°°°°°°°°°°°°°°°°°°°°°°°°°°°Y°x'),
 ('4Qt5P',
  'xa6°°°°°°°°°°°°°°°°°°°°°°°°°°°°°°°°°°°°°°°°°°°°°°°°°°°°°°°°°°°°°°°°°°°°°Q°x')]
'Epoch 77, train_loss=4.122790627971903, valid_loss=4.181735491450829'
[('Xbwtg',
  'x5v°°°°°°°°°°°°°°°°°°°°°°°°°°°°°°°°°°°°°°°°°°°°°°°°°°°°°°°°°°°°°°°°°°°°°Q°x'),
 ('seVak',
  'x5f°°°°°°°°°°°°°°°°°°°°°°°°°°°°°°°°°°°°°°°°°°°°°°°°°°°°°°°°°°°°°°°°°°°°°y°x'),
 ('uC2GG',
  'x5f°°°°°°°°°°°°°°°°°°°°°°°°°°°°°°°°°°°°°°°°°°°°°°°°°°°°°°°°°°°°°°°°°°°°°Q°x'),
 ('JnaC9',
  'x5f°°°°°°°°°°°°°°°°°°°°°°°°°°°°°°°°°°°°°°°°°°°°°°°°°°°°°°°°°°°°°°°°°°°°°Q°x'),
 ('JLZKy',
  'x5f°°°°°°°°°°°°°°°°°°°°°°°°°°°°°°°°°°°°°°°°°°°°°°°°°°°°°°°°°°°°°°°°°°°°°Q°x')]
'Epoch 78, train_loss=4.121512419769417, valid_loss=4.181834764118436'
[('hwdQQ',
  'xaf°°°°°°°°°°°°°°°°°°°°°°°°°°°°°°°°°°°°°°°°°°°°°°°°°°°°°°°°°°°°°°°°°°°°°y°x'),
 ('GRpqT',
  'x5f°°°°°°°°°°°°°°°°°°°°°°°°°°°°°°°°°°°°°°°°°°°°°°°°°°°°°°°°°°°°°°°°°°°°°Q°x'),
 ('QVD4H',
  'x5f°°°°°°°°°°°°°°°°°°°°°°°°°°°°°°°°°°°°°°°°°°°°°°°°°°°°°°°°°°°°°°°°°°°°°Q°x'),
 ('WSvlR',
  'x5f°°°°°°°°°°°°°°°°°°°°°°°°°°°°°°°°°°°°°°°°°°°°°°°°°°°°°°°°°°°°°°°°°°°°°Q°x'),
 ('Cq5Ms',
  'xa6°°°°°°°°°°°°°°°°°°°°°°°°°°°°°°°°°°°°°°°°°°°°°°°°°°°°°°°°°°°°°°°°°°°°°Y°x')]
'Epoch 79, train_loss=4.122154828008195, valid_loss=4.181894380835038'
[('NPXmz',
  'x5f°°°°°°°°°°°°°°°°°°°°°°°°°°°°°°°°°°°°°°°°°°°°°°°°°°°°°°°°°°°°°°°°°°°°°6°x'),
 ('81ZCM',
  'x5s°°°°°°°°°°°°°°°°°°°°°°°°°°°°°°°°°°°°°°°°°°°°°°°°°°°°°°°°°°°°°°°°°°°°°Q°x'),
 ('wcYHm',
  'xaf°°°°°°°°°°°°°°°°°°°°°°°°°°°°°°°°°°°°°°°°°°°°°°°°°°°°°°°°°°°°°°°°°°°°°v°x'),
 ('WsZMP',
  'x5v°°°°°°°°°°°°°°°°°°°°°°°°°°°°°°°°°°°°°°°°°°°°°°°°°°°°°°°°°°°°°°°°°°°°°Q°x'),
 ('VPJAY',
  'x5f°°°°°°°°°°°°°°°°°°°°°°°°°°°°°°°°°°°°°°°°°°°°°°°°°°°°°°°°°°°°°°°°°°°°°Q°x')]
'Epoch 80, train_loss=4.122177227888957, valid_loss=4.1819219408156'
/home/panav/coding_stuff/Final_Captcha/src/dataset.py:19: UserWarning: Argument(s) 'always' are not valid for transform Normalize
  albumentations.Normalize(always=True)
/home/panav/miniconda3/lib/python3.12/site-packages/torch/optim/lr_scheduler.py:62: UserWarning: The verbose parameter is deprecated. Please use get_last_lr() to access the learning rate.
  warnings.warn(
31406
[[54 23 51 13 12]
 [57 39 34  8 14]
 [27 50 59 17 15]
 ...
 [47 45 37 51 27]
 [29 41 43 35 25]
 [54 29 48 58 33]]
60
[('S6VFn',
  'x°W°°°°°°°°°°°°°°°°°°°°°°°°°°°°°°°°°°°°°°°°°°°°°°°°°°°°°°°°°°°°°°°°°°°°°Y°x'),
 ('sVGp7',
  'xa6°°°°°°°°°°°°°°°°°°°°°°°°°°°°°°°°°°°°°°°°°°°°°°°°°°°°°°°°°°°°°°°°°°°°°Y°x'),
 ('GO1S5',
  'x5f°°°°°°°°°°°°°°°°°°°°°°°°°°°°°°°°°°°°°°°°°°°°°°°°°°°°°°°°°°°°°°°°°°°°°Q°x'),
 ('qKD5t',
  'x5f°°°°°°°°°°°°°°°°°°°°°°°°°°°°°°°°°°°°°°°°°°°°°°°°°°°°°°°°°°°°°°°°°°°°°Q°x'),
 ('aheuQ',
  'xa6°°°°°°°°°°°°°°°°°°°°°°°°°°°°°°°°°°°°°°°°°°°°°°°°°°°°°°°°°°°°°°°°°°°°°Y°x')]
'Epoch 81, train_loss=4.121284666965166, valid_loss=4.1819477745249305'
[('M2ird',
  'x5f°°°°°°°°°°°°°°°°°°°°°°°°°°°°°°°°°°°°°°°°°°°°°°°°°°°°°°°°°°°°°°°°°°°°°Q°x'),
 ('bXqHn',
  'x5f°°°°°°°°°°°°°°°°°°°°°°°°°°°°°°°°°°°°°°°°°°°°°°°°°°°°°°°°°°°°°°°°°°°°°Q°x'),
 ('5thIL',
  'xaf°°°°°°°°°°°°°°°°°°°°°°°°°°°°°°°°°°°°°°°°°°°°°°°°°°°°°°°°°°°°°°°°°°°°°y°x'),
 ('fZeTX',
  'x5f°°°°°°°°°°°°°°°°°°°°°°°°°°°°°°°°°°°°°°°°°°°°°°°°°°°°°°°°°°°°°°°°°°°°°Q°x'),
 ('wU3Rh',
  'x5f°°°°°°°°°°°°°°°°°°°°°°°°°°°°°°°°°°°°°°°°°°°°°°°°°°°°°°°°°°°°°°°°°°°°°6°x')]
'Epoch 82, train_loss=4.121871660251428, valid_loss=4.181865909431554'
[('J8yGF',
  'x5f°°°°°°°°°°°°°°°°°°°°°°°°°°°°°°°°°°°°°°°°°°°°°°°°°°°°°°°°°°°°°°°°°°°°°y°x'),
 ('nCiR7',
  'x5f°°°°°°°°°°°°°°°°°°°°°°°°°°°°°°°°°°°°°°°°°°°°°°°°°°°°°°°°°°°°°°°°°°°°°Q°x'),
 ('rTecj',
  'x5f°°°°°°°°°°°°°°°°°°°°°°°°°°°°°°°°°°°°°°°°°°°°°°°°°°°°°°°°°°°°°°°°°°°°°Q°x'),
 ('MlvxE',
  'xXf°°°°°°°°°°°°°°°°°°°°°°°°°°°°°°°°°°°°°°°°°°°°°°°°°°°°°°°°°°°°°°°°°°°°°y°x'),
 ('FsmNg',
  'x5f°°°°°°°°°°°°°°°°°°°°°°°°°°°°°°°°°°°°°°°°°°°°°°°°°°°°°°°°°°°°°°°°°°°°°Q°x')]
'Epoch 83, train_loss=4.122325123621011, valid_loss=4.18186389343648'
[('vd9iV',
  'x5f°°°°°°°°°°°°°°°°°°°°°°°°°°°°°°°°°°°°°°°°°°°°°°°°°°°°°°°°°°°°°°°°°°°°°Q°x'),
 ('l5t6O',
  'xa6°°°°°°°°°°°°°°°°°°°°°°°°°°°°°°°°°°°°°°°°°°°°°°°°°°°°°°°°°°°°°°°°°°°°°Y°x'),
 ('WanBv',
  'x5f°°°°°°°°°°°°°°°°°°°°°°°°°°°°°°°°°°°°°°°°°°°°°°°°°°°°°°°°°°°°°°°°°°°°°Q°x'),
 ('TbgD4',
  'x5f°°°°°°°°°°°°°°°°°°°°°°°°°°°°°°°°°°°°°°°°°°°°°°°°°°°°°°°°°°°°°°°°°°°°°Q°x'),
 ('3ZaGN',
  'xaf°°°°°°°°°°°°°°°°°°°°°°°°°°°°°°°°°°°°°°°°°°°°°°°°°°°°°°°°°°°°°°°°°°°°°y°x')]
'Epoch 84, train_loss=4.122169172241125, valid_loss=4.181866271586358'
[('n97wA',
  'x5f°°°°°°°°°°°°°°°°°°°°°°°°°°°°°°°°°°°°°°°°°°°°°°°°°°°°°°°°°°°°°°°°°°°°°v°x'),
 ('vfEPM',
  'x5f°°°°°°°°°°°°°°°°°°°°°°°°°°°°°°°°°°°°°°°°°°°°°°°°°°°°°°°°°°°°°°°°°°°°°y°x'),
 ('n97wA',
  'x5f°°°°°°°°°°°°°°°°°°°°°°°°°°°°°°°°°°°°°°°°°°°°°°°°°°°°°°°°°°°°°°°°°°°°°v°x'),
 ('mDIET',
  'x5f°°°°°°°°°°°°°°°°°°°°°°°°°°°°°°°°°°°°°°°°°°°°°°°°°°°°°°°°°°°°°°°°°°°°°Q°x'),
 ('SUJyi',
  'x°W°°°°°°°°°°°°°°°°°°°°°°°°°°°°°°°°°°°°°°°°°°°°°°°°°°°°°°°°°°°°°°°°°°°°°Y°x')]
'Epoch 85, train_loss=4.121981641696569, valid_loss=4.181733276270613'
[('syu1V',
  '°°°°°°°°°°°°°°°°°°°°°°°°°°°°°°°°°°°°°°°°°°°°°°°°°°°°°°°°°°°°°°°°°°°°°°°°°°°'),
 ('kdFJb',
  '°°°°°°°°°°°°°°°°°°°°°°°°°°°°°°°°°°°°°°°°°°°°°°°°°°°°°°°°°°°°°°°°°°°°°°°°°°°'),
 ('DUhH1',
  '°°°°°°°°°°°°°°°°°°°°°°°°°°°°°°°°°°°°°°°°°°°°°°°°°°°°°°°°°°°°°°°°°°°°°°°°°°°'),
 ('TOdvn',
  '°°°°°°°°°°°°°°°°°°°°°°°°°°°°°°°°°°°°°°°°°°°°°°°°°°°°°°°°°°°°°°°°°°°°°°°°°°°'),
 ('KBvyh',
  '°°°°°°°°°°°°°°°°°°°°°°°°°°°°°°°°°°°°°°°°°°°°°°°°°°°°°°°°°°°°°°°°°°°°°°°°°°°')]
'Epoch 0, train_loss=4.5053278626731785, valid_loss=4.473159582560299'
[('1LdLx',
  'xa6°°°°°°°°°°°°°°°°°°°°°°°°°°°°°°°°°°°°°°°°°°°°°°°°°°°°°°°°°°°°°°°°°°°°°Y°x'),
 ('snL7N',
  'xaf°°°°°°°°°°°°°°°°°°°°°°°°°°°°°°°°°°°°°°°°°°°°°°°°°°°°°°°°°°°°°°°°°°°°°Y°x'),
 ('EvnfJ',
  'xaf°°°°°°°°°°°°°°°°°°°°°°°°°°°°°°°°°°°°°°°°°°°°°°°°°°°°°°°°°°°°°°°°°°°°°y°x'),
 ('ghRnH',
  'x5f°°°°°°°°°°°°°°°°°°°°°°°°°°°°°°°°°°°°°°°°°°°°°°°°°°°°°°°°°°°°°°°°°°°°°Q°x'),
 ('z28Q5',
  'x5f°°°°°°°°°°°°°°°°°°°°°°°°°°°°°°°°°°°°°°°°°°°°°°°°°°°°°°°°°°°°°°°°°°°°°Q°x')]
'Epoch 86, train_loss=4.1217950891065795, valid_loss=4.181713037852999'
[('XRRcc',
  'xaf°°°°°°°°°°°°°°°°°°°°°°°°°°°°°°°°°°°°°°°°°°°°°°°°°°°°°°°°°°°°°°°°°°°°°y°x'),
 ('ckzvi',
  'x5f°°°°°°°°°°°°°°°°°°°°°°°°°°°°°°°°°°°°°°°°°°°°°°°°°°°°°°°°°°°°°°°°°°°°°Q°x'),
 ('T52wr',
  'x°W°°°°°°°°°°°°°°°°°°°°°°°°°°°°°°°°°°°°°°°°°°°°°°°°°°°°°°°°°°°°°°°°°°°°°Y°x'),
 ('PctpY',
  'x°W°°°°°°°°°°°°°°°°°°°°°°°°°°°°°°°°°°°°°°°°°°°°°°°°°°°°°°°°°°°°°°°°°°°°°Y°x'),
 ('EYuXc',
  'x°W°°°°°°°°°°°°°°°°°°°°°°°°°°°°°°°°°°°°°°°°°°°°°°°°°°°°°°°°°°°°°°°°°°°°°Y°x')]
'Epoch 87, train_loss=4.12199599672072, valid_loss=4.181863700287251'
[('tOz4O',
  'xaf°°°°°°°°°°°°°°°°°°°°°°°°°°°°°°°°°°°°°°°°°°°°°°°°°°°°°°°°°°°°°°°°°°°°°y°x'),
 ('wszh3',
  'x5f°°°°°°°°°°°°°°°°°°°°°°°°°°°°°°°°°°°°°°°°°°°°°°°°°°°°°°°°°°°°°°°°°°°°°Q°x'),
 ('FRzu1',
  'x5f°°°°°°°°°°°°°°°°°°°°°°°°°°°°°°°°°°°°°°°°°°°°°°°°°°°°°°°°°°°°°°°°°°°°°Q°x'),
 ('NP4fe',
  'x5f°°°°°°°°°°°°°°°°°°°°°°°°°°°°°°°°°°°°°°°°°°°°°°°°°°°°°°°°°°°°°°°°°°°°°Q°x'),
 ('GqR3G',
  'xa6°°°°°°°°°°°°°°°°°°°°°°°°°°°°°°°°°°°°°°°°°°°°°°°°°°°°°°°°°°°°°°°°°°°°°Y°x')]
'Epoch 88, train_loss=4.12175864310042, valid_loss=4.1818892140931725'
[('5thIL',
  'x5f°°°°°°°°°°°°°°°°°°°°°°°°°°°°°°°°°°°°°°°°°°°°°°°°°°°°°°°°°°°°°°°°°°°°°y°x'),
 ('Qy5rL',
  'x5f°°°°°°°°°°°°°°°°°°°°°°°°°°°°°°°°°°°°°°°°°°°°°°°°°°°°°°°°°°°°°°°°°°°°°Q°x'),
 ('X8Bnn',
  'x5f°°°°°°°°°°°°°°°°°°°°°°°°°°°°°°°°°°°°°°°°°°°°°°°°°°°°°°°°°°°°°°°°°°°°°Q°x'),
 ('54h8U',
  'x5f°°°°°°°°°°°°°°°°°°°°°°°°°°°°°°°°°°°°°°°°°°°°°°°°°°°°°°°°°°°°°°°°°°°°°Q°x'),
 ('VUB3z',
  'x5v°°°°°°°°°°°°°°°°°°°°°°°°°°°°°°°°°°°°°°°°°°°°°°°°°°°°°°°°°°°°°°°°°°°°°Q°x')]
'Epoch 89, train_loss=4.121592477153686, valid_loss=4.182081904592393'
[('Y1ijv',
  'xa6°°°°°°°°°°°°°°°°°°°°°°°°°°°°°°°°°°°°°°°°°°°°°°°°°°°°°°°°°°°°°°°°°°°°°Y°x'),
 ('9AHBe',
  'x5f°°°°°°°°°°°°°°°°°°°°°°°°°°°°°°°°°°°°°°°°°°°°°°°°°°°°°°°°°°°°°°°°°°°°°Q°x'),
 ('NLWKO',
  'x5v°°°°°°°°°°°°°°°°°°°°°°°°°°°°°°°°°°°°°°°°°°°°°°°°°°°°°°°°°°°°°°°°°°°°°Q°x'),
 ('jFIml',
  'x5f°°°°°°°°°°°°°°°°°°°°°°°°°°°°°°°°°°°°°°°°°°°°°°°°°°°°°°°°°°°°°°°°°°°°°y°x'),
 ('c2XOG',
  'xa6°°°°°°°°°°°°°°°°°°°°°°°°°°°°°°°°°°°°°°°°°°°°°°°°°°°°°°°°°°°°°°°°°°°°°6°x')]
'Epoch 90, train_loss=4.1212264085254375, valid_loss=4.181774248050738'
[('LFsiy',
  '°°°°°°°°°°°°°°°°°°°°°°°°°°°°°°°°°°°°°°°°°°°°°°°°°°°°°°°°°°°°°°°°°°°°°°°°°°°'),
 ('h1yCO',
  '°°°°°°°°°°°°°°°°°°°°°°°°°°°°°°°°°°°°°°°°°°°°°°°°°°°°°°°°°°°°°°°°°°°°°°°°°°°'),
 ('iqkjg',
  '°°°°°°°°°°°°°°°°°°°°°°°°°°°°°°°°°°°°°°°°°°°°°°°°°°°°°°°°°°°°°°°°°°°°°°°°°°°'),
 ('2A7nR',
  '°°°°°°°°°°°°°°°°°°°°°°°°°°°°°°°°°°°°°°°°°°°°°°°°°°°°°°°°°°°°°°°°°°°°°°°°°°°'),
 ('viGcO',
  '°°°°°°°°°°°°°°°°°°°°°°°°°°°°°°°°°°°°°°°°°°°°°°°°°°°°°°°°°°°°°°°°°°°°°°°°°°°')]
'Epoch 1, train_loss=4.449602018727647, valid_loss=4.459760034963981'
[('f4Q5N',
  'x5v°°°°°°°°°°°°°°°°°°°°°°°°°°°°°°°°°°°°°°°°°°°°°°°°°°°°°°°°°°°°°°°°°°°°°Q°x'),
 ('uuPU9',
  'x5f°°°°°°°°°°°°°°°°°°°°°°°°°°°°°°°°°°°°°°°°°°°°°°°°°°°°°°°°°°°°°°°°°°°°°Q°x'),
 ('VPJAY',
  'x5f°°°°°°°°°°°°°°°°°°°°°°°°°°°°°°°°°°°°°°°°°°°°°°°°°°°°°°°°°°°°°°°°°°°°°Q°x'),
 ('GncxO',
  'x5f°°°°°°°°°°°°°°°°°°°°°°°°°°°°°°°°°°°°°°°°°°°°°°°°°°°°°°°°°°°°°°°°°°°°°y°x'),
 ('21TfA',
  'x°W°°°°°°°°°°°°°°°°°°°°°°°°°°°°°°°°°°°°°°°°°°°°°°°°°°°°°°°°°°°°°°°°°°°°°Y°x')]
'Epoch 91, train_loss=4.121551602025012, valid_loss=4.18186287940303'
[('UPv5l',
  'x5f°°°°°°°°°°°°°°°°°°°°°°°°°°°°°°°°°°°°°°°°°°°°°°°°°°°°°°°°°°°°°°°°°°°°°Q°x'),
 ('dD5PL',
  'x5f°°°°°°°°°°°°°°°°°°°°°°°°°°°°°°°°°°°°°°°°°°°°°°°°°°°°°°°°°°°°°°°°°°°°°Q°x'),
 ('2FFcB',
  'x5f°°°°°°°°°°°°°°°°°°°°°°°°°°°°°°°°°°°°°°°°°°°°°°°°°°°°°°°°°°°°°°°°°°°°°Q°x'),
 ('uuPU9',
  'x5f°°°°°°°°°°°°°°°°°°°°°°°°°°°°°°°°°°°°°°°°°°°°°°°°°°°°°°°°°°°°°°°°°°°°°Q°x'),
 ('aY9BQ',
  'x°6°°°°°°°°°°°°°°°°°°°°°°°°°°°°°°°°°°°°°°°°°°°°°°°°°°°°°°°°°°°°°°°°°°°°°Y°x')]
'Epoch 92, train_loss=4.122123376314846, valid_loss=4.182046932510183'
[('yaDA8',
  'x5f°°°°°°°°°°°°°°°°°°°°°°°°°°°°°°°°°°°°°°°°°°°°°°°°°°°°°°°°°°°°°°°°°°°°°Q°x'),
 ('HFEDZ',
  'x5f°°°°°°°°°°°°°°°°°°°°°°°°°°°°°°°°°°°°°°°°°°°°°°°°°°°°°°°°°°°°°°°°°°°°°Q°x'),
 ('wU3Rh',
  'x5f°°°°°°°°°°°°°°°°°°°°°°°°°°°°°°°°°°°°°°°°°°°°°°°°°°°°°°°°°°°°°°°°°°°°°6°x'),
 ('Shebg',
  'x5f°°°°°°°°°°°°°°°°°°°°°°°°°°°°°°°°°°°°°°°°°°°°°°°°°°°°°°°°°°°°°°°°°°°°°Q°x'),
 ('WeUkp',
  'x5f°°°°°°°°°°°°°°°°°°°°°°°°°°°°°°°°°°°°°°°°°°°°°°°°°°°°°°°°°°°°°°°°°°°°°y°x')]
'Epoch 93, train_loss=4.1214434719490365, valid_loss=4.181873055953014'
[('icpRy',
  'x5f°°°°°°°°°°°°°°°°°°°°°°°°°°°°°°°°°°°°°°°°°°°°°°°°°°°°°°°°°°°°°°°°°°°°°Q°x'),
 ('NP4fe',
  'x5f°°°°°°°°°°°°°°°°°°°°°°°°°°°°°°°°°°°°°°°°°°°°°°°°°°°°°°°°°°°°°°°°°°°°°Q°x'),
 ('vQahj',
  'xaf°°°°°°°°°°°°°°°°°°°°°°°°°°°°°°°°°°°°°°°°°°°°°°°°°°°°°°°°°°°°°°°°°°°°°y°x'),
 ('MkplO',
  'xaf°°°°°°°°°°°°°°°°°°°°°°°°°°°°°°°°°°°°°°°°°°°°°°°°°°°°°°°°°°°°°°°°°°°°°y°x'),
 ('PBChs',
  'x5f°°°°°°°°°°°°°°°°°°°°°°°°°°°°°°°°°°°°°°°°°°°°°°°°°°°°°°°°°°°°°°°°°°°°°Q°x')]
'Epoch 94, train_loss=4.121546107943695, valid_loss=4.1819908407670034'
[('kUx2a',
  'x5v°°°°°°°°°°°°°°°°°°°°°°°°°°°°°°°°°°°°°°°°°°°°°°°°°°°°°°°°°°°°°°°°°°°°°Q°x'),
 ('l4jM6',
  'xa6°°°°°°°°°°°°°°°°°°°°°°°°°°°°°°°°°°°°°°°°°°°°°°°°°°°°°°°°°°°°°°°°°°°°°Y°x'),
 ('Xbwtg',
  'x5v°°°°°°°°°°°°°°°°°°°°°°°°°°°°°°°°°°°°°°°°°°°°°°°°°°°°°°°°°°°°°°°°°°°°°Q°x'),
 ('lySWq',
  'xa6°°°°°°°°°°°°°°°°°°°°°°°°°°°°°°°°°°°°°°°°°°°°°°°°°°°°°°°°°°°°°°°°°°°°°Y°x'),
 ('3VJ9A',
  'x5f°°°°°°°°°°°°°°°°°°°°°°°°°°°°°°°°°°°°°°°°°°°°°°°°°°°°°°°°°°°°°°°°°°°°°y°x')]
'Epoch 95, train_loss=4.121957859190384, valid_loss=4.181927650789671'
[('VwwU6',
  '°°°°°°°°°°°°°°°°°°°°°°°°°°°°°°°°°°°°°°°°°°°°°°°°°°°°°°°°°°°°°°°°°°°°°°°°°°°'),
 ('MOCTF',
  '°°°°°°°°°°°°°°°°°°°°°°°°°°°°°°°°°°°°°°°°°°°°°°°°°°°°°°°°°°°°°°°°°°°°°°°°°°°'),
 ('GFCQy',
  '°°°°°°°°°°°°°°°°°°°°°°°°°°°°°°°°°°°°°°°°°°°°°°°°°°°°°°°°°°°°°°°°°°°°°°°°°°°'),
 ('RjjZI',
  '°°°°°°°°°°°°°°°°°°°°°°°°°°°°°°°°°°°°°°°°°°°°°°°°°°°°°°°°°°°°°°°°°°°°°°°°°°°'),
 ('4sfvL',
  '°°°°°°°°°°°°°°°°°°°°°°°°°°°°°°°°°°°°°°°°°°°°°°°°°°°°°°°°°°°°°°°°°°°°°°°°°°°')]
'Epoch 2, train_loss=4.4476692877587585, valid_loss=4.45145276363266'
[('RXubG',
  'x5f°°°°°°°°°°°°°°°°°°°°°°°°°°°°°°°°°°°°°°°°°°°°°°°°°°°°°°°°°°°°°°°°°°°°°Q°x'),
 ('dRVpu',
  'xa6°°°°°°°°°°°°°°°°°°°°°°°°°°°°°°°°°°°°°°°°°°°°°°°°°°°°°°°°°°°°°°°°°°°°°Y°x'),
 ('JQA4W',
  'x5f°°°°°°°°°°°°°°°°°°°°°°°°°°°°°°°°°°°°°°°°°°°°°°°°°°°°°°°°°°°°°°°°°°°°°y°x'),
 ('cyfDO',
  'x5v°°°°°°°°°°°°°°°°°°°°°°°°°°°°°°°°°°°°°°°°°°°°°°°°°°°°°°°°°°°°°°°°°°°°°Q°x'),
 ('xMzaw',
  'xaf°°°°°°°°°°°°°°°°°°°°°°°°°°°°°°°°°°°°°°°°°°°°°°°°°°°°°°°°°°°°°°°°°°°°°y°x')]
'Epoch 96, train_loss=4.122133093810992, valid_loss=4.1821251881273485'
[('X8Bnn',
  'x5f°°°°°°°°°°°°°°°°°°°°°°°°°°°°°°°°°°°°°°°°°°°°°°°°°°°°°°°°°°°°°°°°°°°°°Q°x'),
 ('mM9Qa',
  'x5f°°°°°°°°°°°°°°°°°°°°°°°°°°°°°°°°°°°°°°°°°°°°°°°°°°°°°°°°°°°°°°°°°°°°°Q°x'),
 ('TCu9h',
  'x5G°°°°°°°°°°°°°°°°°°°°°°°°°°°°°°°°°°°°°°°°°°°°°°°°°°°°°°°°°°°°°°°°°°°°°Q°x'),
 ('8CgkI',
  'x5f°°°°°°°°°°°°°°°°°°°°°°°°°°°°°°°°°°°°°°°°°°°°°°°°°°°°°°°°°°°°°°°°°°°°°Q°x'),
 ('MnX82',
  'xa6°°°°°°°°°°°°°°°°°°°°°°°°°°°°°°°°°°°°°°°°°°°°°°°°°°°°°°°°°°°°°°°°°°°°°Y°x')]
'Epoch 97, train_loss=4.121431073508472, valid_loss=4.182066344007661'
[('YirKK',
  'x5f°°°°°°°°°°°°°°°°°°°°°°°°°°°°°°°°°°°°°°°°°°°°°°°°°°°°°°°°°°°°°°°°°°°°°Q°x'),
 ('x7hER',
  'xaf°°°°°°°°°°°°°°°°°°°°°°°°°°°°°°°°°°°°°°°°°°°°°°°°°°°°°°°°°°°°°°°°°°°°°y°x'),
 ('dl68O',
  'xaf°°°°°°°°°°°°°°°°°°°°°°°°°°°°°°°°°°°°°°°°°°°°°°°°°°°°°°°°°°°°°°°°°°°°°6°x'),
 ('XBF5G',
  'x5s°°°°°°°°°°°°°°°°°°°°°°°°°°°°°°°°°°°°°°°°°°°°°°°°°°°°°°°°°°°°°°°°°°°°°Q°x'),
 ('fGAiU',
  'x5f°°°°°°°°°°°°°°°°°°°°°°°°°°°°°°°°°°°°°°°°°°°°°°°°°°°°°°°°°°°°°°°°°°°°°Q°x')]
'Epoch 98, train_loss=4.122016761731224, valid_loss=4.181944436664823'
[('xZAXw',
  'x5f°°°°°°°°°°°°°°°°°°°°°°°°°°°°°°°°°°°°°°°°°°°°°°°°°°°°°°°°°°°°°°°°°°°°°Q°x'),
 ('rbHag',
  'x5f°°°°°°°°°°°°°°°°°°°°°°°°°°°°°°°°°°°°°°°°°°°°°°°°°°°°°°°°°°°°°°°°°°°°°Q°x'),
 ('j3f2c',
  'x°W°°°°°°°°°°°°°°°°°°°°°°°°°°°°°°°°°°°°°°°°°°°°°°°°°°°°°°°°°°°°°°°°°°°°°Y°x'),
 ('EUzed',
  'x5f°°°°°°°°°°°°°°°°°°°°°°°°°°°°°°°°°°°°°°°°°°°°°°°°°°°°°°°°°°°°°°°°°°°°°Q°x'),
 ('giD64',
  'x5f°°°°°°°°°°°°°°°°°°°°°°°°°°°°°°°°°°°°°°°°°°°°°°°°°°°°°°°°°°°°°°°°°°°°°y°x')]
'Epoch 99, train_loss=4.122175503316661, valid_loss=4.181756997410255'
[('qKD5t',
  'x5f°°°°°°°°°°°°°°°°°°°°°°°°°°°°°°°°°°°°°°°°°°°°°°°°°°°°°°°°°°°°°°°°°°°°°Q°x'),
 ('iUjL3',
  'x5f°°°°°°°°°°°°°°°°°°°°°°°°°°°°°°°°°°°°°°°°°°°°°°°°°°°°°°°°°°°°°°°°°°°°°Q°x'),
 ('K8xKN',
  'x5f°°°°°°°°°°°°°°°°°°°°°°°°°°°°°°°°°°°°°°°°°°°°°°°°°°°°°°°°°°°°°°°°°°°°°y°x'),
 ('t44vT',
  'x5v°°°°°°°°°°°°°°°°°°°°°°°°°°°°°°°°°°°°°°°°°°°°°°°°°°°°°°°°°°°°°°°°°°°°°Q°x'),
 ('mpVY9',
  'x5s°°°°°°°°°°°°°°°°°°°°°°°°°°°°°°°°°°°°°°°°°°°°°°°°°°°°°°°°°°°°°°°°°°°°°Q°x')]
'Epoch 100, train_loss=4.12226886965092, valid_loss=4.181874939157993'
[('15Kqm',
  '°°°°°°°°°°°°°°°°°°°°°°°°°°°°°°°°°°°°°°°°°°°°°°°°°°°°°°°°°°°°°°°°°°°°°°°°°°°'),
 ('qCnvl',
  '°°°°°°°°°°°°°°°°°°°°°°°°°°°°°°°°°°°°°°°°°°°°°°°°°°°°°°°°°°°°°°°°°°°°°°°°°°°'),
 ('b64FU',
  '°°°°°°°°°°°°°°°°°°°°°°°°°°°°°°°°°°°°°°°°°°°°°°°°°°°°°°°°°°°°°°°°°°°°°°°°°°°'),
 ('hkkzO',
  '°°°°°°°°°°°°°°°°°°°°°°°°°°°°°°°°°°°°°°°°°°°°°°°°°°°°°°°°°°°°°°°°°°°°°°°°°°°'),
 ('Tqi3s',
  '°°°°°°°°°°°°°°°°°°°°°°°°°°°°°°°°°°°°°°°°°°°°°°°°°°°°°°°°°°°°°°°°°°°°°°°°°°°')]
'Epoch 3, train_loss=4.446031899390142, valid_loss=4.445467036492345'
[('hlMAc',
  'x5s°°°°°°°°°°°°°°°°°°°°°°°°°°°°°°°°°°°°°°°°°°°°°°°°°°°°°°°°°°°°°°°°°°°°°Q°x'),
 ('llAQt',
  'xaf°°°°°°°°°°°°°°°°°°°°°°°°°°°°°°°°°°°°°°°°°°°°°°°°°°°°°°°°°°°°°°°°°°°°°y°x'),
 ('aDeE6',
  'x5f°°°°°°°°°°°°°°°°°°°°°°°°°°°°°°°°°°°°°°°°°°°°°°°°°°°°°°°°°°°°°°°°°°°°°Q°x'),
 ('fvHQZ',
  'x5f°°°°°°°°°°°°°°°°°°°°°°°°°°°°°°°°°°°°°°°°°°°°°°°°°°°°°°°°°°°°°°°°°°°°°y°x'),
 ('huKUy',
  'xa6°°°°°°°°°°°°°°°°°°°°°°°°°°°°°°°°°°°°°°°°°°°°°°°°°°°°°°°°°°°°°°°°°°°°°6°x')]
'Epoch 101, train_loss=4.121850686160982, valid_loss=4.181942589675324'
[('SAO3k',
  'x5f°°°°°°°°°°°°°°°°°°°°°°°°°°°°°°°°°°°°°°°°°°°°°°°°°°°°°°°°°°°°°°°°°°°°°Q°x'),
 ('QutTG',
  'xaf°°°°°°°°°°°°°°°°°°°°°°°°°°°°°°°°°°°°°°°°°°°°°°°°°°°°°°°°°°°°°°°°°°°°°6°x'),
 ('s2Td9',
  'x5f°°°°°°°°°°°°°°°°°°°°°°°°°°°°°°°°°°°°°°°°°°°°°°°°°°°°°°°°°°°°°°°°°°°°°y°x'),
 ('27JUJ',
  'x5f°°°°°°°°°°°°°°°°°°°°°°°°°°°°°°°°°°°°°°°°°°°°°°°°°°°°°°°°°°°°°°°°°°°°°y°x'),
 ('wHzMG',
  'x5v°°°°°°°°°°°°°°°°°°°°°°°°°°°°°°°°°°°°°°°°°°°°°°°°°°°°°°°°°°°°°°°°°°°°°Q°x')]
'Epoch 102, train_loss=4.121536007359139, valid_loss=4.181800172298769'
[('CxlQ1',
  'x5f°°°°°°°°°°°°°°°°°°°°°°°°°°°°°°°°°°°°°°°°°°°°°°°°°°°°°°°°°°°°°°°°°°°°°Q°x'),
 ('bDUWe',
  'x5s°°°°°°°°°°°°°°°°°°°°°°°°°°°°°°°°°°°°°°°°°°°°°°°°°°°°°°°°°°°°°°°°°°°°°Q°x'),
 ('LzkUH',
  'x5f°°°°°°°°°°°°°°°°°°°°°°°°°°°°°°°°°°°°°°°°°°°°°°°°°°°°°°°°°°°°°°°°°°°°°6°x'),
 ('34LUj',
  'x5f°°°°°°°°°°°°°°°°°°°°°°°°°°°°°°°°°°°°°°°°°°°°°°°°°°°°°°°°°°°°°°°°°°°°°Q°x'),
 ('YScTF',
  'x°W°°°°°°°°°°°°°°°°°°°°°°°°°°°°°°°°°°°°°°°°°°°°°°°°°°°°°°°°°°°°°°°°°°°°°Y°x')]
'Epoch 103, train_loss=4.121624139275881, valid_loss=4.182078210613396'
[('bvD2k',
  'x°W°°°°°°°°°°°°°°°°°°°°°°°°°°°°°°°°°°°°°°°°°°°°°°°°°°°°°°°°°°°°°°°°°°°°°Y°x'),
 ('dPuCl',
  'x5f°°°°°°°°°°°°°°°°°°°°°°°°°°°°°°°°°°°°°°°°°°°°°°°°°°°°°°°°°°°°°°°°°°°°°y°x'),
 ('3g4nF',
  'x5f°°°°°°°°°°°°°°°°°°°°°°°°°°°°°°°°°°°°°°°°°°°°°°°°°°°°°°°°°°°°°°°°°°°°°Q°x'),
 ('MBTNp',
  'x5s°°°°°°°°°°°°°°°°°°°°°°°°°°°°°°°°°°°°°°°°°°°°°°°°°°°°°°°°°°°°°°°°°°°°°Q°x'),
 ('8ZRxx',
  'x5v°°°°°°°°°°°°°°°°°°°°°°°°°°°°°°°°°°°°°°°°°°°°°°°°°°°°°°°°°°°°°°°°°°°°°Q°x')]
'Epoch 104, train_loss=4.121519366619105, valid_loss=4.181817157359063'
[('ckzvi',
  'x5f°°°°°°°°°°°°°°°°°°°°°°°°°°°°°°°°°°°°°°°°°°°°°°°°°°°°°°°°°°°°°°°°°°°°°Q°x'),
 ('AKPBI',
  'x°W°°°°°°°°°°°°°°°°°°°°°°°°°°°°°°°°°°°°°°°°°°°°°°°°°°°°°°°°°°°°°°°°°°°°°Y°x'),
 ('BWBDY',
  'x5f°°°°°°°°°°°°°°°°°°°°°°°°°°°°°°°°°°°°°°°°°°°°°°°°°°°°°°°°°°°°°°°°°°°°°6°x'),
 ('1VWYr',
  'x5f°°°°°°°°°°°°°°°°°°°°°°°°°°°°°°°°°°°°°°°°°°°°°°°°°°°°°°°°°°°°°°°°°°°°°Q°x'),
 ('eiD1m',
  'x5f°°°°°°°°°°°°°°°°°°°°°°°°°°°°°°°°°°°°°°°°°°°°°°°°°°°°°°°°°°°°°°°°°°°°°Q°x')]
'Epoch 105, train_loss=4.121419687419498, valid_loss=4.181822197346747'
[('xqXDB',
  '°°°°°°°°°°°°°°°°°°°°°°°°°°°°°°°°°°°°°°°°°°°°°°°°°°°°°°°°°°°°°°°°°°°°°°°°°°°'),
 ('ASkni',
  '°°°°°°°°°°°°°°°°°°°°°°°°°°°°°°°°°°°°°°°°°°°°°°°°°°°°°°°°°°°°°°°°°°°°°°°°°°°'),
 ('aELPP',
  '°°°°°°°°°°°°°°°°°°°°°°°°°°°°°°°°°°°°°°°°°°°°°°°°°°°°°°°°°°°°°°°°°°°°°°°°°°°'),
 ('Ssi8N',
  '°°°°°°°°°°°°°°°°°°°°°°°°°°°°°°°°°°°°°°°°°°°°°°°°°°°°°°°°°°°°°°°°°°°°°°°°°°°'),
 ('81Lis',
  '°°°°°°°°°°°°°°°°°°°°°°°°°°°°°°°°°°°°°°°°°°°°°°°°°°°°°°°°°°°°°°°°°°°°°°°°°°°')]
'Epoch 4, train_loss=4.414014644655186, valid_loss=4.308778703364403'
[('K8xKN',
  'x5f°°°°°°°°°°°°°°°°°°°°°°°°°°°°°°°°°°°°°°°°°°°°°°°°°°°°°°°°°°°°°°°°°°°°°y°x'),
 ('gzudM',
  'x5v°°°°°°°°°°°°°°°°°°°°°°°°°°°°°°°°°°°°°°°°°°°°°°°°°°°°°°°°°°°°°°°°°°°°°Q°x'),
 ('Wuvg4',
  'x5v°°°°°°°°°°°°°°°°°°°°°°°°°°°°°°°°°°°°°°°°°°°°°°°°°°°°°°°°°°°°°°°°°°°°°Q°x'),
 ('HdnaW',
  'x5f°°°°°°°°°°°°°°°°°°°°°°°°°°°°°°°°°°°°°°°°°°°°°°°°°°°°°°°°°°°°°°°°°°°°°Q°x'),
 ('QWWiD',
  'x5s°°°°°°°°°°°°°°°°°°°°°°°°°°°°°°°°°°°°°°°°°°°°°°°°°°°°°°°°°°°°°°°°°°°°°Q°x')]
'Epoch 106, train_loss=4.122673557367824, valid_loss=4.181761500201648'
[('vtBn1',
  'xaf°°°°°°°°°°°°°°°°°°°°°°°°°°°°°°°°°°°°°°°°°°°°°°°°°°°°°°°°°°°°°°°°°°°°°6°x'),
 ('NPXmz',
  'x5f°°°°°°°°°°°°°°°°°°°°°°°°°°°°°°°°°°°°°°°°°°°°°°°°°°°°°°°°°°°°°°°°°°°°°6°x'),
 ('kaZJb',
  'x5f°°°°°°°°°°°°°°°°°°°°°°°°°°°°°°°°°°°°°°°°°°°°°°°°°°°°°°°°°°°°°°°°°°°°°Q°x'),
 ('wjhSB',
  'x5f°°°°°°°°°°°°°°°°°°°°°°°°°°°°°°°°°°°°°°°°°°°°°°°°°°°°°°°°°°°°°°°°°°°°°Q°x'),
 ('lwepH',
  'x5f°°°°°°°°°°°°°°°°°°°°°°°°°°°°°°°°°°°°°°°°°°°°°°°°°°°°°°°°°°°°°°°°°°°°°Q°x')]
'Epoch 107, train_loss=4.121008694930663, valid_loss=4.181952615327473'
[('cyfDO',
  'x5v°°°°°°°°°°°°°°°°°°°°°°°°°°°°°°°°°°°°°°°°°°°°°°°°°°°°°°°°°°°°°°°°°°°°°Q°x'),
 ('fGAiU',
  'x5f°°°°°°°°°°°°°°°°°°°°°°°°°°°°°°°°°°°°°°°°°°°°°°°°°°°°°°°°°°°°°°°°°°°°°Q°x'),
 ('MCW9B',
  'x5f°°°°°°°°°°°°°°°°°°°°°°°°°°°°°°°°°°°°°°°°°°°°°°°°°°°°°°°°°°°°°°°°°°°°°y°x'),
 ('2LEi3',
  'x5f°°°°°°°°°°°°°°°°°°°°°°°°°°°°°°°°°°°°°°°°°°°°°°°°°°°°°°°°°°°°°°°°°°°°°Q°x'),
 ('tw8aI',
  'xa6°°°°°°°°°°°°°°°°°°°°°°°°°°°°°°°°°°°°°°°°°°°°°°°°°°°°°°°°°°°°°°°°°°°°°Y°x')]
'Epoch 108, train_loss=4.122129935354964, valid_loss=4.181969835788389'
[('QVD4H',
  'x5f°°°°°°°°°°°°°°°°°°°°°°°°°°°°°°°°°°°°°°°°°°°°°°°°°°°°°°°°°°°°°°°°°°°°°Q°x'),
 ('pxNOL',
  'x5v°°°°°°°°°°°°°°°°°°°°°°°°°°°°°°°°°°°°°°°°°°°°°°°°°°°°°°°°°°°°°°°°°°°°°Q°x'),
 ('czVpN',
  'x5f°°°°°°°°°°°°°°°°°°°°°°°°°°°°°°°°°°°°°°°°°°°°°°°°°°°°°°°°°°°°°°°°°°°°°Q°x'),
 ('hELlz',
  'x5f°°°°°°°°°°°°°°°°°°°°°°°°°°°°°°°°°°°°°°°°°°°°°°°°°°°°°°°°°°°°°°°°°°°°°Q°x'),
 ('Nt8ic',
  'x°W°°°°°°°°°°°°°°°°°°°°°°°°°°°°°°°°°°°°°°°°°°°°°°°°°°°°°°°°°°°°°°°°°°°°°Y°x')]
'Epoch 109, train_loss=4.122058391571045, valid_loss=4.181851966471612'
[('MlvxE',
  'x5f°°°°°°°°°°°°°°°°°°°°°°°°°°°°°°°°°°°°°°°°°°°°°°°°°°°°°°°°°°°°°°°°°°°°°y°x'),
 ('K76vW',
  'x5f°°°°°°°°°°°°°°°°°°°°°°°°°°°°°°°°°°°°°°°°°°°°°°°°°°°°°°°°°°°°°°°°°°°°°y°x'),
 ('t6S7d',
  'x5f°°°°°°°°°°°°°°°°°°°°°°°°°°°°°°°°°°°°°°°°°°°°°°°°°°°°°°°°°°°°°°°°°°°°°Q°x'),
 ('Qy5rL',
  'x5f°°°°°°°°°°°°°°°°°°°°°°°°°°°°°°°°°°°°°°°°°°°°°°°°°°°°°°°°°°°°°°°°°°°°°Q°x'),
 ('OnN3B',
  'xaf°°°°°°°°°°°°°°°°°°°°°°°°°°°°°°°°°°°°°°°°°°°°°°°°°°°°°°°°°°°°°°°°°°°°°y°x')]
'Epoch 110, train_loss=4.122094435604155, valid_loss=4.181840818139571'
[('zZtFJ',
  '°°°°°°°°°°°°°°°°°°°°°°z°°°°°°Z°°°°°°°b°°°°F°°°°°°°°°°°°°°°°°°°°°°°°°°°°°°°°'),
 ('arDkM',
  '°°°°°°°°°°°a°°°°°°°°r°°°°°°°°°°°°°°°°L°°a°°°°°°°°°°°°°°°°°°°°f°°°°°°°°°°°°°'),
 ('IlPDI',
  '°°°°°°°°°°°°°°°°°°°°°°°°°°°°F°°°°°°°°°E°°°°°°°°H°°°°°°°°°°°°°°°°°°°°°°°°°°°'),
 ('JvH5i',
  '°°°°°°°°°°°°°°°°°°°°°°°°°°°°°°°°°°p°°°°°°°p°°°5°°°°°°t°°°°°°°°°°°°°°°°°°°°°'),
 ('TcLWp',
  '°°°°°°°°°°°°°°b°°°°°°9°°°°°°°°°°°°°°°°°°°°°°°°°°°°°°°°°°°°°°°°°°°°°°°°°°°°°')]
'Epoch 5, train_loss=3.5416332536588366, valid_loss=2.736112034654496'
[('Nx9uZ',
  'x5f°°°°°°°°°°°°°°°°°°°°°°°°°°°°°°°°°°°°°°°°°°°°°°°°°°°°°°°°°°°°°°°°°°°°°Q°x'),
 ('Xbwtg',
  'x5v°°°°°°°°°°°°°°°°°°°°°°°°°°°°°°°°°°°°°°°°°°°°°°°°°°°°°°°°°°°°°°°°°°°°°Q°x'),
 ('dmNzD',
  'x5s°°°°°°°°°°°°°°°°°°°°°°°°°°°°°°°°°°°°°°°°°°°°°°°°°°°°°°°°°°°°°°°°°°°°°Q°x'),
 ('hW7hK',
  'x°W°°°°°°°°°°°°°°°°°°°°°°°°°°°°°°°°°°°°°°°°°°°°°°°°°°°°°°°°°°°°°°°°°°°°°Y°x'),
 ('ckzvi',
  'x5f°°°°°°°°°°°°°°°°°°°°°°°°°°°°°°°°°°°°°°°°°°°°°°°°°°°°°°°°°°°°°°°°°°°°°Q°x')]
'Epoch 111, train_loss=4.121684301017535, valid_loss=4.182052467442766'
[('EXUDl',
  'xa6°°°°°°°°°°°°°°°°°°°°°°°°°°°°°°°°°°°°°°°°°°°°°°°°°°°°°°°°°°°°°°°°°°°°°Y°x'),
 ('MCW9B',
  'x5f°°°°°°°°°°°°°°°°°°°°°°°°°°°°°°°°°°°°°°°°°°°°°°°°°°°°°°°°°°°°°°°°°°°°°y°x'),
 ('h98PH',
  'x5f°°°°°°°°°°°°°°°°°°°°°°°°°°°°°°°°°°°°°°°°°°°°°°°°°°°°°°°°°°°°°°°°°°°°°y°x'),
 ('YYNWe',
  'x5f°°°°°°°°°°°°°°°°°°°°°°°°°°°°°°°°°°°°°°°°°°°°°°°°°°°°°°°°°°°°°°°°°°°°°Q°x'),
 ('CG74P',
  'x5f°°°°°°°°°°°°°°°°°°°°°°°°°°°°°°°°°°°°°°°°°°°°°°°°°°°°°°°°°°°°°°°°°°°°°6°x')]
'Epoch 112, train_loss=4.121913662388436, valid_loss=4.181848918335347'
[('JBWr6',
  'x5f°°°°°°°°°°°°°°°°°°°°°°°°°°°°°°°°°°°°°°°°°°°°°°°°°°°°°°°°°°°°°°°°°°°°°Q°x'),
 ('XmDPi',
  'x5f°°°°°°°°°°°°°°°°°°°°°°°°°°°°°°°°°°°°°°°°°°°°°°°°°°°°°°°°°°°°°°°°°°°°°y°x'),
 ('A4lca',
  'x5f°°°°°°°°°°°°°°°°°°°°°°°°°°°°°°°°°°°°°°°°°°°°°°°°°°°°°°°°°°°°°°°°°°°°°Q°x'),
 ('GncxO',
  'x5f°°°°°°°°°°°°°°°°°°°°°°°°°°°°°°°°°°°°°°°°°°°°°°°°°°°°°°°°°°°°°°°°°°°°°y°x'),
 ('FRzu1',
  'x5f°°°°°°°°°°°°°°°°°°°°°°°°°°°°°°°°°°°°°°°°°°°°°°°°°°°°°°°°°°°°°°°°°°°°°Q°x')]
'Epoch 113, train_loss=4.121149630324001, valid_loss=4.182089413268657'
[('27JUJ',
  'x5f°°°°°°°°°°°°°°°°°°°°°°°°°°°°°°°°°°°°°°°°°°°°°°°°°°°°°°°°°°°°°°°°°°°°°y°x'),
 ('8bw3r',
  'x5f°°°°°°°°°°°°°°°°°°°°°°°°°°°°°°°°°°°°°°°°°°°°°°°°°°°°°°°°°°°°°°°°°°°°°Q°x'),
 ('YirKK',
  'x5f°°°°°°°°°°°°°°°°°°°°°°°°°°°°°°°°°°°°°°°°°°°°°°°°°°°°°°°°°°°°°°°°°°°°°Q°x'),
 ('KiVMa',
  'x5s°°°°°°°°°°°°°°°°°°°°°°°°°°°°°°°°°°°°°°°°°°°°°°°°°°°°°°°°°°°°°°°°°°°°°Q°x'),
 ('K3AKT',
  'x°W°°°°°°°°°°°°°°°°°°°°°°°°°°°°°°°°°°°°°°°°°°°°°°°°°°°°°°°°°°°°°°°°°°°°°6°x')]
'Epoch 114, train_loss=4.121672195288888, valid_loss=4.181832929200764'
[('dIliP',
  'x5f°°°°°°°°°°°°°°°°°°°°°°°°°°°°°°°°°°°°°°°°°°°°°°°°°°°°°°°°°°°°°°°°°°°°°y°x'),
 ('dCBBJ',
  'x5f°°°°°°°°°°°°°°°°°°°°°°°°°°°°°°°°°°°°°°°°°°°°°°°°°°°°°°°°°°°°°°°°°°°°°Q°x'),
 ('7PI2I',
  'x5v°°°°°°°°°°°°°°°°°°°°°°°°°°°°°°°°°°°°°°°°°°°°°°°°°°°°°°°°°°°°°°°°°°°°°Q°x'),
 ('MmQ8V',
  'x5s°°°°°°°°°°°°°°°°°°°°°°°°°°°°°°°°°°°°°°°°°°°°°°°°°°°°°°°°°°°°°°°°°°°°°Q°x'),
 ('iwFlB',
  'x5f°°°°°°°°°°°°°°°°°°°°°°°°°°°°°°°°°°°°°°°°°°°°°°°°°°°°°°°°°°°°°°°°°°°°°y°x')]
'Epoch 115, train_loss=4.122143308377839, valid_loss=4.181846890268447'
[('h3Zqm',
  '°°°°°°°°°°°°°°°°°°b°°°°°°°°°°°°°°Z°°°°°°c°°°°°°°°°°°°°°°°°°°°°°°°°°°°°°°°°°'),
 ('xcb7M',
  '°°°°°°°°°°°°°Xx°°°°°°°°°°°°°°°°°LL°°°°°°°°°77°°°°°°°°°°°°°°°°°°°°°°°°°°°°°°'),
 ('n9ePP',
  '°°°°°°°°°°°°°°°°°°°°°9°°°°°°°°°°°ce°°°°°°°°°°°T°°°°°°°°°°P°°°°°°°°°°°°°°°°°'),
 ('Un3pE',
  '°°°°°°°°°°°°°°U°°°°°°°°r°°°°°°°°°°°°°°p°°°°°°E°°3°°°°°°°°°°°°°°°°°°°°°°°°°°'),
 ('iAAdC',
  '°°°°°°°°°°°°°°°°°°°°°°°°A°°°°°°°°AA°°°°°°°°°q°°°°°°Q°°°°°°°°°°°°°°°°°°°°°°°')]
'Epoch 6, train_loss=2.2637093670974022, valid_loss=1.8663861633257102'
[('mg6ZU',
  'x5f°°°°°°°°°°°°°°°°°°°°°°°°°°°°°°°°°°°°°°°°°°°°°°°°°°°°°°°°°°°°°°°°°°°°°Q°x'),
 ('JUpsM',
  'x5f°°°°°°°°°°°°°°°°°°°°°°°°°°°°°°°°°°°°°°°°°°°°°°°°°°°°°°°°°°°°°°°°°°°°°y°x'),
 ('lySWq',
  'xa6°°°°°°°°°°°°°°°°°°°°°°°°°°°°°°°°°°°°°°°°°°°°°°°°°°°°°°°°°°°°°°°°°°°°°Y°x'),
 ('hFKiy',
  'xXf°°°°°°°°°°°°°°°°°°°°°°°°°°°°°°°°°°°°°°°°°°°°°°°°°°°°°°°°°°°°°°°°°°°°°6°x'),
 ('c8M9U',
  'x5f°°°°°°°°°°°°°°°°°°°°°°°°°°°°°°°°°°°°°°°°°°°°°°°°°°°°°°°°°°°°°°°°°°°°°6°x')]
'Epoch 116, train_loss=4.121546497102168, valid_loss=4.181812189802339'
[('2LEi3',
  'x5f°°°°°°°°°°°°°°°°°°°°°°°°°°°°°°°°°°°°°°°°°°°°°°°°°°°°°°°°°°°°°°°°°°°°°Q°x'),
 ('iyaez',
  'x°6°°°°°°°°°°°°°°°°°°°°°°°°°°°°°°°°°°°°°°°°°°°°°°°°°°°°°°°°°°°°°°°°°°°°°Y°x'),
 ('pn7S5',
  'x5f°°°°°°°°°°°°°°°°°°°°°°°°°°°°°°°°°°°°°°°°°°°°°°°°°°°°°°°°°°°°°°°°°°°°°y°x'),
 ('4hrGa',
  'x°W°°°°°°°°°°°°°°°°°°°°°°°°°°°°°°°°°°°°°°°°°°°°°°°°°°°°°°°°°°°°°°°°°°°°°Y°x'),
 ('StI6D',
  'x°W°°°°°°°°°°°°°°°°°°°°°°°°°°°°°°°°°°°°°°°°°°°°°°°°°°°°°°°°°°°°°°°°°°°°°Y°x')]
'Epoch 117, train_loss=4.121268309494731, valid_loss=4.181960250757918'
[('7WjUQ',
  'x5f°°°°°°°°°°°°°°°°°°°°°°°°°°°°°°°°°°°°°°°°°°°°°°°°°°°°°°°°°°°°°°°°°°°°°Q°x'),
 ('QVD4H',
  'x5f°°°°°°°°°°°°°°°°°°°°°°°°°°°°°°°°°°°°°°°°°°°°°°°°°°°°°°°°°°°°°°°°°°°°°Q°x'),
 ('K76vW',
  'x5f°°°°°°°°°°°°°°°°°°°°°°°°°°°°°°°°°°°°°°°°°°°°°°°°°°°°°°°°°°°°°°°°°°°°°y°x'),
 ('KcejY',
  'x°W°°°°°°°°°°°°°°°°°°°°°°°°°°°°°°°°°°°°°°°°°°°°°°°°°°°°°°°°°°°°°°°°°°°°°Y°x'),
 ('Oxe8T',
  'xa6°°°°°°°°°°°°°°°°°°°°°°°°°°°°°°°°°°°°°°°°°°°°°°°°°°°°°°°°°°°°°°°°°°°°°Y°x')]
'Epoch 118, train_loss=4.12205601480422, valid_loss=4.181778986242753'
[('zgrvp',
  'x5f°°°°°°°°°°°°°°°°°°°°°°°°°°°°°°°°°°°°°°°°°°°°°°°°°°°°°°°°°°°°°°°°°°°°°y°x'),
 ('VfdeQ',
  'x5f°°°°°°°°°°°°°°°°°°°°°°°°°°°°°°°°°°°°°°°°°°°°°°°°°°°°°°°°°°°°°°°°°°°°°Q°x'),
 ('ySrBj',
  'xaW°°°°°°°°°°°°°°°°°°°°°°°°°°°°°°°°°°°°°°°°°°°°°°°°°°°°°°°°°°°°°°°°°°°°°Y°x'),
 ('t44vT',
  'x5v°°°°°°°°°°°°°°°°°°°°°°°°°°°°°°°°°°°°°°°°°°°°°°°°°°°°°°°°°°°°°°°°°°°°°Q°x'),
 ('rePVN',
  'x5f°°°°°°°°°°°°°°°°°°°°°°°°°°°°°°°°°°°°°°°°°°°°°°°°°°°°°°°°°°°°°°°°°°°°°y°x')]
'Epoch 119, train_loss=4.122198411059346, valid_loss=4.182007324846485'
[('OJFhn',
  'x5f°°°°°°°°°°°°°°°°°°°°°°°°°°°°°°°°°°°°°°°°°°°°°°°°°°°°°°°°°°°°°°°°°°°°°Q°x'),
 ('3x2YG',
  'x5s°°°°°°°°°°°°°°°°°°°°°°°°°°°°°°°°°°°°°°°°°°°°°°°°°°°°°°°°°°°°°°°°°°°°°Q°x'),
 ('3AOdQ',
  'x5f°°°°°°°°°°°°°°°°°°°°°°°°°°°°°°°°°°°°°°°°°°°°°°°°°°°°°°°°°°°°°°°°°°°°°Q°x'),
 ('MFJ3q',
  'x5v°°°°°°°°°°°°°°°°°°°°°°°°°°°°°°°°°°°°°°°°°°°°°°°°°°°°°°°°°°°°°°°°°°°°°Q°x'),
 ('Sy7tG',
  'x5f°°°°°°°°°°°°°°°°°°°°°°°°°°°°°°°°°°°°°°°°°°°°°°°°°°°°°°°°°°°°°°°°°°°°°Q°x')]
'Epoch 120, train_loss=4.121023590190407, valid_loss=4.181692479531976'
[('hEac6',
  '°°°°°°°°°°°°°°°°h°°°°°°°°°P°°°°°°°°°°°°°°°d°°°°°°6°°°°°°°°°°°°°°°°°°°°°°°°°'),
 ('8gWwl',
  '°°°°°°°°°°°°°8°°°°°°°°q°°°°°°°°°°°°°A°°°°°°°°°W°°°°°°°°°°U°°°°°°°°°°°°°°°°°'),
 ('UYGiE',
  '°°°°°°°°°°°°°U°°°°°°°°°°°°°Y°°°°°°6°°°°°°°°°°°°°°°°°°°°°°°°°°°°°°°°°°°°°°°°'),
 ('sqR9Y',
  '°°°°°°°°°°°°°°°°°°s°°°°°q°°°°°°°°f°°°°°°°°9°°°°°°°°Y°°°°°°°°°°°°°°°°°°°°°°°'),
 ('XFwbq',
  '°°°°°°°°°°°°°°°°°°°X°°°°R°°°°°°°°°°°°°°°°°bb°°°°°°°6°°°°°°°°°°°°°°°°°°°°°°°')]
'Epoch 7, train_loss=1.676506320686076, valid_loss=1.5305951026863118'
[('hmgHc',
  'x5f°°°°°°°°°°°°°°°°°°°°°°°°°°°°°°°°°°°°°°°°°°°°°°°°°°°°°°°°°°°°°°°°°°°°°y°x'),
 ('JCdsC',
  'xa6°°°°°°°°°°°°°°°°°°°°°°°°°°°°°°°°°°°°°°°°°°°°°°°°°°°°°°°°°°°°°°°°°°°°°Y°x'),
 ('dRVpu',
  'xa6°°°°°°°°°°°°°°°°°°°°°°°°°°°°°°°°°°°°°°°°°°°°°°°°°°°°°°°°°°°°°°°°°°°°°Y°x'),
 ('q29Ug',
  'xa6°°°°°°°°°°°°°°°°°°°°°°°°°°°°°°°°°°°°°°°°°°°°°°°°°°°°°°°°°°°°°°°°°°°°°Y°x'),
 ('xKpJe',
  'x5f°°°°°°°°°°°°°°°°°°°°°°°°°°°°°°°°°°°°°°°°°°°°°°°°°°°°°°°°°°°°°°°°°°°°°y°x')]
'Epoch 121, train_loss=4.121362724600957, valid_loss=4.181844512118569'
[('PJ3sX',
  'x5f°°°°°°°°°°°°°°°°°°°°°°°°°°°°°°°°°°°°°°°°°°°°°°°°°°°°°°°°°°°°°°°°°°°°°Q°x'),
 ('6Gkg4',
  'x°W°°°°°°°°°°°°°°°°°°°°°°°°°°°°°°°°°°°°°°°°°°°°°°°°°°°°°°°°°°°°°°°°°°°°°Y°x'),
 ('5jfXR',
  'x5f°°°°°°°°°°°°°°°°°°°°°°°°°°°°°°°°°°°°°°°°°°°°°°°°°°°°°°°°°°°°°°°°°°°°°y°x'),
 ('7D12p',
  'x5f°°°°°°°°°°°°°°°°°°°°°°°°°°°°°°°°°°°°°°°°°°°°°°°°°°°°°°°°°°°°°°°°°°°°°Q°x'),
 ('dD5PL',
  'x5f°°°°°°°°°°°°°°°°°°°°°°°°°°°°°°°°°°°°°°°°°°°°°°°°°°°°°°°°°°°°°°°°°°°°°Q°x')]
'Epoch 122, train_loss=4.121457585519577, valid_loss=4.181986615627626'
[('xSKqL',
  'x5v°°°°°°°°°°°°°°°°°°°°°°°°°°°°°°°°°°°°°°°°°°°°°°°°°°°°°°°°°°°°°°°°°°°°°Q°x'),
 ('WOxvk',
  'x5f°°°°°°°°°°°°°°°°°°°°°°°°°°°°°°°°°°°°°°°°°°°°°°°°°°°°°°°°°°°°°°°°°°°°°y°x'),
 ('InsKn',
  'x5f°°°°°°°°°°°°°°°°°°°°°°°°°°°°°°°°°°°°°°°°°°°°°°°°°°°°°°°°°°°°°°°°°°°°°Q°x'),
 ('GyGVP',
  'x°6°°°°°°°°°°°°°°°°°°°°°°°°°°°°°°°°°°°°°°°°°°°°°°°°°°°°°°°°°°°°°°°°°°°°°Y°x'),
 ('QPq5g',
  'x°W°°°°°°°°°°°°°°°°°°°°°°°°°°°°°°°°°°°°°°°°°°°°°°°°°°°°°°°°°°°°°°°°°°°°°Y°x')]
'Epoch 123, train_loss=4.121805934959962, valid_loss=4.181934869742092'
[('hBURE',
  'x5f°°°°°°°°°°°°°°°°°°°°°°°°°°°°°°°°°°°°°°°°°°°°°°°°°°°°°°°°°°°°°°°°°°°°°y°x'),
 ('ghRnH',
  'x5f°°°°°°°°°°°°°°°°°°°°°°°°°°°°°°°°°°°°°°°°°°°°°°°°°°°°°°°°°°°°°°°°°°°°°Q°x'),
 ('IKvpq',
  'x5f°°°°°°°°°°°°°°°°°°°°°°°°°°°°°°°°°°°°°°°°°°°°°°°°°°°°°°°°°°°°°°°°°°°°°y°x'),
 ('GyGVP',
  'x°6°°°°°°°°°°°°°°°°°°°°°°°°°°°°°°°°°°°°°°°°°°°°°°°°°°°°°°°°°°°°°°°°°°°°°Y°x'),
 ('jKnBK',
  'xa6°°°°°°°°°°°°°°°°°°°°°°°°°°°°°°°°°°°°°°°°°°°°°°°°°°°°°°°°°°°°°°°°°°°°°Y°x')]
'Epoch 124, train_loss=4.121253994937665, valid_loss=4.181819342359712'
[('rAMFe',
  'xaG°°°°°°°°°°°°°°°°°°°°°°°°°°°°°°°°°°°°°°°°°°°°°°°°°°°°°°°°°°°°°°°°°°°°°Q°x'),
 ('qgfbO',
  'x5f°°°°°°°°°°°°°°°°°°°°°°°°°°°°°°°°°°°°°°°°°°°°°°°°°°°°°°°°°°°°°°°°°°°°°Q°x'),
 ('bzEQM',
  'x5f°°°°°°°°°°°°°°°°°°°°°°°°°°°°°°°°°°°°°°°°°°°°°°°°°°°°°°°°°°°°°°°°°°°°°Q°x'),
 ('5wIh3',
  'x5v°°°°°°°°°°°°°°°°°°°°°°°°°°°°°°°°°°°°°°°°°°°°°°°°°°°°°°°°°°°°°°°°°°°°°Q°x'),
 ('YmcDl',
  'xa6°°°°°°°°°°°°°°°°°°°°°°°°°°°°°°°°°°°°°°°°°°°°°°°°°°°°°°°°°°°°°°°°°°°°°Q°x')]
'Epoch 125, train_loss=4.122061694359679, valid_loss=4.18197126026395'
[('49XAO',
  '°°°°°°°°°°°°°°°°4°°°°°°°°°°°°°°°°°°X°°°°A°°°°°°°°Q°°°°°°°°°°°°°°°°°°°°°°°°°'),
 ('1GuFr',
  '°°°°°°°°°°°°°°°°°°°1°°Q°°°°°°°°u°°°°°F°°°°°°°°°n°°°°°°°°°°°°°°°°°°°°°°°°°°°'),
 ('cSuBY',
  '°°°°°°°°°°°°°°°d°°°°°°°S°°°°°°°°°u°°°°°°°B°°°°°°°°°°°Y°°°°°°°°°°°°°°°°°°°°°'),
 ('QvWmu',
  '°°°°°°O°°°°°°°°°°°°°°V°°°°°°°°°°°°°°°°°w°°°°°°°°°NM°°°°°°°°°°°°°°U°°°°°°°J°'),
 ('zZtFJ',
  '°°°°°°°°°°°°°°°°°°°°°°zz°°°°°°Z°°°°°°°t°°°°F°°°°°°°°°°°°°°°°°°°°°°°°°°°°°°°')]
'Epoch 8, train_loss=1.3777368545835815, valid_loss=1.282827594049711'
[('YwqnU',
  'x5f°°°°°°°°°°°°°°°°°°°°°°°°°°°°°°°°°°°°°°°°°°°°°°°°°°°°°°°°°°°°°°°°°°°°°Q°x'),
 ('yIcsY',
  'x5f°°°°°°°°°°°°°°°°°°°°°°°°°°°°°°°°°°°°°°°°°°°°°°°°°°°°°°°°°°°°°°°°°°°°°Q°x'),
 ('7WjUQ',
  'x5f°°°°°°°°°°°°°°°°°°°°°°°°°°°°°°°°°°°°°°°°°°°°°°°°°°°°°°°°°°°°°°°°°°°°°Q°x'),
 ('6Krj8',
  'x5f°°°°°°°°°°°°°°°°°°°°°°°°°°°°°°°°°°°°°°°°°°°°°°°°°°°°°°°°°°°°°°°°°°°°°y°x'),
 ('k9WXt',
  'xa6°°°°°°°°°°°°°°°°°°°°°°°°°°°°°°°°°°°°°°°°°°°°°°°°°°°°°°°°°°°°°°°°°°°°°Y°x')]
'Epoch 126, train_loss=4.121220571148345, valid_loss=4.181746271592152'
[('VVrJr',
  'x°W°°°°°°°°°°°°°°°°°°°°°°°°°°°°°°°°°°°°°°°°°°°°°°°°°°°°°°°°°°°°°°°°°°°°°Y°x'),
 ('QR2EH',
  'x5f°°°°°°°°°°°°°°°°°°°°°°°°°°°°°°°°°°°°°°°°°°°°°°°°°°°°°°°°°°°°°°°°°°°°°Q°x'),
 ('DUuFi',
  'x5f°°°°°°°°°°°°°°°°°°°°°°°°°°°°°°°°°°°°°°°°°°°°°°°°°°°°°°°°°°°°°°°°°°°°°Q°x'),
 ('VM3db',
  'x5f°°°°°°°°°°°°°°°°°°°°°°°°°°°°°°°°°°°°°°°°°°°°°°°°°°°°°°°°°°°°°°°°°°°°°Q°x'),
 ('A9Qv8',
  'x5s°°°°°°°°°°°°°°°°°°°°°°°°°°°°°°°°°°°°°°°°°°°°°°°°°°°°°°°°°°°°°°°°°°°°°Q°x')]
'Epoch 127, train_loss=4.121482397238639, valid_loss=4.181833418109749'
[('pQagN',
  'x5f°°°°°°°°°°°°°°°°°°°°°°°°°°°°°°°°°°°°°°°°°°°°°°°°°°°°°°°°°°°°°°°°°°°°°y°x'),
 ('7PI2I',
  'x5v°°°°°°°°°°°°°°°°°°°°°°°°°°°°°°°°°°°°°°°°°°°°°°°°°°°°°°°°°°°°°°°°°°°°°Q°x'),
 ('4ml9G',
  'x5f°°°°°°°°°°°°°°°°°°°°°°°°°°°°°°°°°°°°°°°°°°°°°°°°°°°°°°°°°°°°°°°°°°°°°Q°x'),
 ('rNu7g',
  'x5s°°°°°°°°°°°°°°°°°°°°°°°°°°°°°°°°°°°°°°°°°°°°°°°°°°°°°°°°°°°°°°°°°°°°°Q°x'),
 ('ysu6N',
  'x5f°°°°°°°°°°°°°°°°°°°°°°°°°°°°°°°°°°°°°°°°°°°°°°°°°°°°°°°°°°°°°°°°°°°°°Q°x')]
'Epoch 128, train_loss=4.122301547496963, valid_loss=4.181671697882157'
[('x6QbC',
  'x5f°°°°°°°°°°°°°°°°°°°°°°°°°°°°°°°°°°°°°°°°°°°°°°°°°°°°°°°°°°°°°°°°°°°°°Q°x'),
 ('fqQBd',
  'xa6°°°°°°°°°°°°°°°°°°°°°°°°°°°°°°°°°°°°°°°°°°°°°°°°°°°°°°°°°°°°°°°°°°°°°Y°x'),
 ('hHNEu',
  'x5s°°°°°°°°°°°°°°°°°°°°°°°°°°°°°°°°°°°°°°°°°°°°°°°°°°°°°°°°°°°°°°°°°°°°°Q°x'),
 ('UKEE8',
  'x5f°°°°°°°°°°°°°°°°°°°°°°°°°°°°°°°°°°°°°°°°°°°°°°°°°°°°°°°°°°°°°°°°°°°°°Q°x'),
 ('2LEi3',
  'x5f°°°°°°°°°°°°°°°°°°°°°°°°°°°°°°°°°°°°°°°°°°°°°°°°°°°°°°°°°°°°°°°°°°°°°Q°x')]
'Epoch 129, train_loss=4.122382219980933, valid_loss=4.181816095038306'
[('LWW2h',
  'x5f°°°°°°°°°°°°°°°°°°°°°°°°°°°°°°°°°°°°°°°°°°°°°°°°°°°°°°°°°°°°°°°°°°°°°Q°x'),
 ('Jy6gn',
  'x5f°°°°°°°°°°°°°°°°°°°°°°°°°°°°°°°°°°°°°°°°°°°°°°°°°°°°°°°°°°°°°°°°°°°°°6°x'),
 ('YYNWe',
  'x5f°°°°°°°°°°°°°°°°°°°°°°°°°°°°°°°°°°°°°°°°°°°°°°°°°°°°°°°°°°°°°°°°°°°°°Q°x'),
 ('3g4nF',
  'x5f°°°°°°°°°°°°°°°°°°°°°°°°°°°°°°°°°°°°°°°°°°°°°°°°°°°°°°°°°°°°°°°°°°°°°Q°x'),
 ('KCnKr',
  'x5f°°°°°°°°°°°°°°°°°°°°°°°°°°°°°°°°°°°°°°°°°°°°°°°°°°°°°°°°°°°°°°°°°°°°°Q°x')]
'Epoch 130, train_loss=4.122343158452143, valid_loss=4.181939052630074'
[('CHTxR',
  '°°°°°°°°°°°°°C°°°°°°°°°°°H°°°°°°H°°°°°T°°°°°°°°°xx°°°°°R°°°°°°°°°°°°°°°°°°°'),
 ('CnJpD',
  '°°°°°°°°°°°C°°°°°°°°°°°r°°°°°°°°°°°°°°°°°°°°°°°°°°°°°°D°°°°°°°°°°°°°°°°°°°°'),
 ('y4eON',
  '°°°°°°°°°°°°°y°°°°°°°°44°°°°°°°°°°ee°°°°°°°°°C°°°°°°°°°°°N°°°°°°°°°°°°°°°°°'),
 ('wBCxC',
  '°°°°°°°°°°°°°°°°w°°°°w°°°°°°B°°°°°°°Q°°°°°°°°°°°x°°°C°°°°°°°°°°°°°°°°°°°°°°'),
 ('BuMRs',
  '°°°°°°°°°°°°°°E°°°°°°°°U°°°°°j°°N°°°°°°°°°°R°°°°°°°°°S°°°°°°°°°°°°°°°°°°°°°')]
'Epoch 9, train_loss=1.1921000429716364, valid_loss=1.1582717751425338'
[('Shebg',
  'x5f°°°°°°°°°°°°°°°°°°°°°°°°°°°°°°°°°°°°°°°°°°°°°°°°°°°°°°°°°°°°°°°°°°°°°Q°x'),
 ('LDjJl',
  'x5f°°°°°°°°°°°°°°°°°°°°°°°°°°°°°°°°°°°°°°°°°°°°°°°°°°°°°°°°°°°°°°°°°°°°°Q°x'),
 ('vd9iV',
  'x5f°°°°°°°°°°°°°°°°°°°°°°°°°°°°°°°°°°°°°°°°°°°°°°°°°°°°°°°°°°°°°°°°°°°°°Q°x'),
 ('hyHx9',
  'xa6°°°°°°°°°°°°°°°°°°°°°°°°°°°°°°°°°°°°°°°°°°°°°°°°°°°°°°°°°°°°°°°°°°°°°6°x'),
 ('QlvxW',
  'x5s°°°°°°°°°°°°°°°°°°°°°°°°°°°°°°°°°°°°°°°°°°°°°°°°°°°°°°°°°°°°°°°°°°°°°Q°x')]
'Epoch 131, train_loss=4.121215193747125, valid_loss=4.181742909588391'
[('Bx8eh',
  'x5f°°°°°°°°°°°°°°°°°°°°°°°°°°°°°°°°°°°°°°°°°°°°°°°°°°°°°°°°°°°°°°°°°°°°°Q°x'),
 ('OLln8',
  'x5s°°°°°°°°°°°°°°°°°°°°°°°°°°°°°°°°°°°°°°°°°°°°°°°°°°°°°°°°°°°°°°°°°°°°°Q°x'),
 ('pn7S5',
  'x5f°°°°°°°°°°°°°°°°°°°°°°°°°°°°°°°°°°°°°°°°°°°°°°°°°°°°°°°°°°°°°°°°°°°°°y°x'),
 ('HpFiA',
  'x5f°°°°°°°°°°°°°°°°°°°°°°°°°°°°°°°°°°°°°°°°°°°°°°°°°°°°°°°°°°°°°°°°°°°°°y°x'),
 ('u9At7',
  'x5f°°°°°°°°°°°°°°°°°°°°°°°°°°°°°°°°°°°°°°°°°°°°°°°°°°°°°°°°°°°°°°°°°°°°°Q°x')]
'Epoch 132, train_loss=4.122325211974148, valid_loss=4.181719079802308'
[('llAQt',
  'xaf°°°°°°°°°°°°°°°°°°°°°°°°°°°°°°°°°°°°°°°°°°°°°°°°°°°°°°°°°°°°°°°°°°°°°y°x'),
 ('fQFgr',
  'x5f°°°°°°°°°°°°°°°°°°°°°°°°°°°°°°°°°°°°°°°°°°°°°°°°°°°°°°°°°°°°°°°°°°°°°y°x'),
 ('a6e7R',
  'x°W°°°°°°°°°°°°°°°°°°°°°°°°°°°°°°°°°°°°°°°°°°°°°°°°°°°°°°°°°°°°°°°°°°°°°6°x'),
 ('KA87M',
  'x5f°°°°°°°°°°°°°°°°°°°°°°°°°°°°°°°°°°°°°°°°°°°°°°°°°°°°°°°°°°°°°°°°°°°°°Q°x'),
 ('kOrVp',
  'x°W°°°°°°°°°°°°°°°°°°°°°°°°°°°°°°°°°°°°°°°°°°°°°°°°°°°°°°°°°°°°°°°°°°°°°Y°x')]
'Epoch 133, train_loss=4.122077962802526, valid_loss=4.181746875183491'
[('JUpsM',
  'x5f°°°°°°°°°°°°°°°°°°°°°°°°°°°°°°°°°°°°°°°°°°°°°°°°°°°°°°°°°°°°°°°°°°°°°y°x'),
 ('21TfA',
  'x°W°°°°°°°°°°°°°°°°°°°°°°°°°°°°°°°°°°°°°°°°°°°°°°°°°°°°°°°°°°°°°°°°°°°°°Y°x'),
 ('GRpqT',
  'x5f°°°°°°°°°°°°°°°°°°°°°°°°°°°°°°°°°°°°°°°°°°°°°°°°°°°°°°°°°°°°°°°°°°°°°Q°x'),
 ('1jZmk',
  'xaf°°°°°°°°°°°°°°°°°°°°°°°°°°°°°°°°°°°°°°°°°°°°°°°°°°°°°°°°°°°°°°°°°°°°°y°x'),
 ('JBWr6',
  'x5f°°°°°°°°°°°°°°°°°°°°°°°°°°°°°°°°°°°°°°°°°°°°°°°°°°°°°°°°°°°°°°°°°°°°°Q°x')]
'Epoch 134, train_loss=4.121872939685784, valid_loss=4.1818814760522'
[('tbEth',
  'xaf°°°°°°°°°°°°°°°°°°°°°°°°°°°°°°°°°°°°°°°°°°°°°°°°°°°°°°°°°°°°°°°°°°°°°y°x'),
 ('lD1pU',
  'x5f°°°°°°°°°°°°°°°°°°°°°°°°°°°°°°°°°°°°°°°°°°°°°°°°°°°°°°°°°°°°°°°°°°°°°Q°x'),
 ('UbEpJ',
  'xa6°°°°°°°°°°°°°°°°°°°°°°°°°°°°°°°°°°°°°°°°°°°°°°°°°°°°°°°°°°°°°°°°°°°°°Y°x'),
 ('iqPNW',
  'xa6°°°°°°°°°°°°°°°°°°°°°°°°°°°°°°°°°°°°°°°°°°°°°°°°°°°°°°°°°°°°°°°°°°°°°Y°x'),
 ('3KB4N',
  'x5f°°°°°°°°°°°°°°°°°°°°°°°°°°°°°°°°°°°°°°°°°°°°°°°°°°°°°°°°°°°°°°°°°°°°°y°x')]
'Epoch 135, train_loss=4.121907396060236, valid_loss=4.181802924675278'
[('WOZEY',
  '°°°°°°°°°°°°°°°°°°°°°°°°°°G°°°°°°°°°°°Z°°°°°°°°°°°B°°°°°°°°°°°°°Y°°°°°°°°°°'),
 ('bciID',
  '°°°°°°°°°°°°°°B°°°°°°°°°Q°°°°°°°°°°°°°°°°i°°°°°°I°°°°°D°°°°°°°°°°°°°°°°°°°°'),
 ('9Pnl2',
  '°°°°°°°°°°°°°°°°°°°°°a°°°°°p°°°°°°n°°°°°°°°°°°°R°°°°°°°°°°°°°°°°°°°°°°°°°°°'),
 ('JXR2T',
  '°°°°°°°°°°°°°°°°°°°°°°X°°°°°°°°°R°°°°°°°°°°°°22°°°°°°°°°°°°°T°°°°°°°°°°°°°°'),
 ('pzyS6',
  '°°°°°°°°°°°°°°°°°°°p°°°°°°°°°z°°°°°°°°°v°°°°°°S°°°°°°°A°°°°°°°°°°°°°°°°°°°°')]
'Epoch 10, train_loss=1.0598331618744166, valid_loss=1.097775605495346'
[('GePlm',
  'x5f°°°°°°°°°°°°°°°°°°°°°°°°°°°°°°°°°°°°°°°°°°°°°°°°°°°°°°°°°°°°°°°°°°°°°Q°x'),
 ('sE1FO',
  'x°W°°°°°°°°°°°°°°°°°°°°°°°°°°°°°°°°°°°°°°°°°°°°°°°°°°°°°°°°°°°°°°°°°°°°°B°x'),
 ('xctag',
  'x5v°°°°°°°°°°°°°°°°°°°°°°°°°°°°°°°°°°°°°°°°°°°°°°°°°°°°°°°°°°°°°°°°°°°°°Q°x'),
 ('hQCMw',
  'x5f°°°°°°°°°°°°°°°°°°°°°°°°°°°°°°°°°°°°°°°°°°°°°°°°°°°°°°°°°°°°°°°°°°°°°Q°x'),
 ('ckzvi',
  'x5f°°°°°°°°°°°°°°°°°°°°°°°°°°°°°°°°°°°°°°°°°°°°°°°°°°°°°°°°°°°°°°°°°°°°°Q°x')]
'Epoch 136, train_loss=4.1214531975385995, valid_loss=4.181844234466553'
[('YYNWe',
  'x5f°°°°°°°°°°°°°°°°°°°°°°°°°°°°°°°°°°°°°°°°°°°°°°°°°°°°°°°°°°°°°°°°°°°°°Q°x'),
 ('h26QT',
  'x°W°°°°°°°°°°°°°°°°°°°°°°°°°°°°°°°°°°°°°°°°°°°°°°°°°°°°°°°°°°°°°°°°°°°°°Y°x'),
 ('4Uu1T',
  'x5f°°°°°°°°°°°°°°°°°°°°°°°°°°°°°°°°°°°°°°°°°°°°°°°°°°°°°°°°°°°°°°°°°°°°°y°x'),
 ('MHEab',
  'x5f°°°°°°°°°°°°°°°°°°°°°°°°°°°°°°°°°°°°°°°°°°°°°°°°°°°°°°°°°°°°°°°°°°°°°y°x'),
 ('gzudM',
  'x5v°°°°°°°°°°°°°°°°°°°°°°°°°°°°°°°°°°°°°°°°°°°°°°°°°°°°°°°°°°°°°°°°°°°°°Q°x')]
'Epoch 137, train_loss=4.121724489554658, valid_loss=4.181827291657653'
[('6Krj8',
  'x5f°°°°°°°°°°°°°°°°°°°°°°°°°°°°°°°°°°°°°°°°°°°°°°°°°°°°°°°°°°°°°°°°°°°°°y°x'),
 ('39Rni',
  'xa6°°°°°°°°°°°°°°°°°°°°°°°°°°°°°°°°°°°°°°°°°°°°°°°°°°°°°°°°°°°°°°°°°°°°°Y°x'),
 ('WPQau',
  'x°W°°°°°°°°°°°°°°°°°°°°°°°°°°°°°°°°°°°°°°°°°°°°°°°°°°°°°°°°°°°°°°°°°°°°°Y°x'),
 ('WOxvk',
  'x5f°°°°°°°°°°°°°°°°°°°°°°°°°°°°°°°°°°°°°°°°°°°°°°°°°°°°°°°°°°°°°°°°°°°°°y°x'),
 ('Qy5rL',
  'x5f°°°°°°°°°°°°°°°°°°°°°°°°°°°°°°°°°°°°°°°°°°°°°°°°°°°°°°°°°°°°°°°°°°°°°Q°x')]
'Epoch 138, train_loss=4.121966104359067, valid_loss=4.181935050819494'
[('d7Uy2',
  'x5f°°°°°°°°°°°°°°°°°°°°°°°°°°°°°°°°°°°°°°°°°°°°°°°°°°°°°°°°°°°°°°°°°°°°°Q°x'),
 ('Vghbh',
  'xa6°°°°°°°°°°°°°°°°°°°°°°°°°°°°°°°°°°°°°°°°°°°°°°°°°°°°°°°°°°°°°°°°°°°°°Y°x'),
 ('7yYGh',
  'x5f°°°°°°°°°°°°°°°°°°°°°°°°°°°°°°°°°°°°°°°°°°°°°°°°°°°°°°°°°°°°°°°°°°°°°Q°x'),
 ('vd9iV',
  'x5f°°°°°°°°°°°°°°°°°°°°°°°°°°°°°°°°°°°°°°°°°°°°°°°°°°°°°°°°°°°°°°°°°°°°°Q°x'),
 ('C9cip',
  'xaf°°°°°°°°°°°°°°°°°°°°°°°°°°°°°°°°°°°°°°°°°°°°°°°°°°°°°°°°°°°°°°°°°°°°°y°x')]
'Epoch 139, train_loss=4.122181633405672, valid_loss=4.181769214098966'
[('HpFiA',
  'x5f°°°°°°°°°°°°°°°°°°°°°°°°°°°°°°°°°°°°°°°°°°°°°°°°°°°°°°°°°°°°°°°°°°°°°y°x'),
 ('Wnzir',
  'x5f°°°°°°°°°°°°°°°°°°°°°°°°°°°°°°°°°°°°°°°°°°°°°°°°°°°°°°°°°°°°°°°°°°°°°Q°x'),
 ('8i2LJ',
  'x°6°°°°°°°°°°°°°°°°°°°°°°°°°°°°°°°°°°°°°°°°°°°°°°°°°°°°°°°°°°°°°°°°°°°°°Y°x'),
 ('3g4nF',
  'x5f°°°°°°°°°°°°°°°°°°°°°°°°°°°°°°°°°°°°°°°°°°°°°°°°°°°°°°°°°°°°°°°°°°°°°Q°x'),
 ('93EdA',
  'x5f°°°°°°°°°°°°°°°°°°°°°°°°°°°°°°°°°°°°°°°°°°°°°°°°°°°°°°°°°°°°°°°°°°°°°6°x')]
'Epoch 140, train_loss=4.121945449958596, valid_loss=4.181821322139306'
[('urcRF',
  '°°°°°°°°°°°°°°°u°°°°°°°°°°°r°°°°°°°°e°°°°°°°°°RR°°°°°°°°°°°F°°°°°°°°°°°°°°°'),
 ('wLl1a',
  '°°°°°°°°°°°°°°°°°°°°w°°°°°°°°H°°°°°°°°D°°°°°°°L°a°°°°°°°°°°°°°°°°°°°°°°°°°°'),
 ('qHyVh',
  '°°°°°°°°°°°°°°°d°°°°°°°°°°°°°°°°°°°yy°°°°°°°°V°°°°°°h°°°°°°°°°°°°°°°°°°°°°°'),
 ('pjpnU',
  '°°°°°°°°°°°°°°°°°°°p°°°°°°°j°°°°p°°°°°°°°m°°°°°°°U°°°°°°°J°°°°°°°°°°°°°°°°°'),
 ('PyDSr',
  '°°°°°°°°°°°°°°°PP°°°°°°°yy°°°°°°°°°°°°°°°°°°°°°°°°°°°°°°°°°°°°°°°°°°°°°°°°°')]
'Epoch 11, train_loss=0.9591000926194383, valid_loss=1.0019159748505697'
[('BSZmt',
  'x5J°°°°°°°°°°°°°°°°°°°°°°°°°°°°°°°°°°°°°°°°°°°°°°°°°°°°°°°°°°°°°°°°°°°°°Q°x'),
 ('EC4q6',
  'x56°°°°°°°°°°°°°°°°°°°°°°°°°°°°°°°°°°°°°°°°°°°°°°°°°°°°°°°°°°°°°°°°°°°°°Q°x'),
 ('u9At7',
  'x5f°°°°°°°°°°°°°°°°°°°°°°°°°°°°°°°°°°°°°°°°°°°°°°°°°°°°°°°°°°°°°°°°°°°°°Q°x'),
 ('MfOmY',
  'x°W°°°°°°°°°°°°°°°°°°°°°°°°°°°°°°°°°°°°°°°°°°°°°°°°°°°°°°°°°°°°°°°°°°°°°Y°x'),
 ('pn7S5',
  'x5f°°°°°°°°°°°°°°°°°°°°°°°°°°°°°°°°°°°°°°°°°°°°°°°°°°°°°°°°°°°°°°°°°°°°°Q°x')]
'Epoch 141, train_loss=4.12078081330619, valid_loss=4.182088012936749'
[('hwdQQ',
  'x5f°°°°°°°°°°°°°°°°°°°°°°°°°°°°°°°°°°°°°°°°°°°°°°°°°°°°°°°°°°°°°°°°°°°°°y°x'),
 ('Ksbnu',
  'x5f°°°°°°°°°°°°°°°°°°°°°°°°°°°°°°°°°°°°°°°°°°°°°°°°°°°°°°°°°°°°°°°°°°°°°Q°x'),
 ('3LBZT',
  'x5f°°°°°°°°°°°°°°°°°°°°°°°°°°°°°°°°°°°°°°°°°°°°°°°°°°°°°°°°°°°°°°°°°°°°°Q°x'),
 ('QPq5g',
  'x°W°°°°°°°°°°°°°°°°°°°°°°°°°°°°°°°°°°°°°°°°°°°°°°°°°°°°°°°°°°°°°°°°°°°°°Y°x'),
 ('NGIML',
  'xaf°°°°°°°°°°°°°°°°°°°°°°°°°°°°°°°°°°°°°°°°°°°°°°°°°°°°°°°°°°°°°°°°°°°°°y°x')]
'Epoch 142, train_loss=4.121313823500314, valid_loss=4.18176559255093'
[('1hLWI',
  'xa6°°°°°°°°°°°°°°°°°°°°°°°°°°°°°°°°°°°°°°°°°°°°°°°°°°°°°°°°°°°°°°°°°°°°°Y°x'),
 ('rAMFe',
  'xaG°°°°°°°°°°°°°°°°°°°°°°°°°°°°°°°°°°°°°°°°°°°°°°°°°°°°°°°°°°°°°°°°°°°°°Q°x'),
 ('dQQNG',
  'xa6°°°°°°°°°°°°°°°°°°°°°°°°°°°°°°°°°°°°°°°°°°°°°°°°°°°°°°°°°°°°°°°°°°°°°Y°x'),
 ('MCW9B',
  'x5f°°°°°°°°°°°°°°°°°°°°°°°°°°°°°°°°°°°°°°°°°°°°°°°°°°°°°°°°°°°°°°°°°°°°°y°x'),
 ('X8Bnn',
  'x5f°°°°°°°°°°°°°°°°°°°°°°°°°°°°°°°°°°°°°°°°°°°°°°°°°°°°°°°°°°°°°°°°°°°°°Q°x')]
'Epoch 143, train_loss=4.121255159715277, valid_loss=4.181954263131829'
[('lD1pU',
  'x5f°°°°°°°°°°°°°°°°°°°°°°°°°°°°°°°°°°°°°°°°°°°°°°°°°°°°°°°°°°°°°°°°°°°°°Q°x'),
 ('3bzJb',
  'x5v°°°°°°°°°°°°°°°°°°°°°°°°°°°°°°°°°°°°°°°°°°°°°°°°°°°°°°°°°°°°°°°°°°°°°Q°x'),
 ('tpQGH',
  'xa6°°°°°°°°°°°°°°°°°°°°°°°°°°°°°°°°°°°°°°°°°°°°°°°°°°°°°°°°°°°°°°°°°°°°°Y°x'),
 ('WsZMP',
  'x5v°°°°°°°°°°°°°°°°°°°°°°°°°°°°°°°°°°°°°°°°°°°°°°°°°°°°°°°°°°°°°°°°°°°°°Q°x'),
 ('zx6ww',
  'x°6°°°°°°°°°°°°°°°°°°°°°°°°°°°°°°°°°°°°°°°°°°°°°°°°°°°°°°°°°°°°°°°°°°°°°Y°x')]
'Epoch 144, train_loss=4.121394386723153, valid_loss=4.181974857668333'
[('bYDCC',
  '°°°°°°°°°B°°°°°°°°°°°°°°Y°°°°°°°°°°°P°°°°°°°°Q°°°°°°°°°°°O°°°°°°°°°°°°°°°°°'),
 ('tnInv',
  '°°°°°°°°°°°°°°°°°t°°°°°°°°°°°°°°t°°r°°°°M°°v°°°°°°°°°°°°°°°°°°°°°°°°°°°°°°°'),
 ('VQHvE',
  '°°°°°°°°°°°°°°°°°°°°°°Q°°°°°°°°°°°H°°°°°°°°°°°°°°w°°°°°°°°H°°°°°°°°°°°°°°°°'),
 ('iaKGL',
  '°°°°°°°°°°°°°°°°i°°aa°°°°°°°°°°°°K°°°°°°°°C°°°°°°°°°°°L°°°°°°°°°°°°°°°°°°°°'),
 ('Vr4QK',
  '°°°°°°°°°°°°°°°°°°°°°°°°°r°°°°44°°°°°°°C°°°°°°°R°°K°°°°°°°°°°°°°°°°°°°°°°°°')]
'Epoch 12, train_loss=0.8743097495327714, valid_loss=0.9651696942083101'
[('fqQBd',
  'xa6°°°°°°°°°°°°°°°°°°°°°°°°°°°°°°°°°°°°°°°°°°°°°°°°°°°°°°°°°°°°°°°°°°°°°Y°x'),
 ('Wuvg4',
  'x5v°°°°°°°°°°°°°°°°°°°°°°°°°°°°°°°°°°°°°°°°°°°°°°°°°°°°°°°°°°°°°°°°°°°°°Q°x'),
 ('VM3db',
  'x5f°°°°°°°°°°°°°°°°°°°°°°°°°°°°°°°°°°°°°°°°°°°°°°°°°°°°°°°°°°°°°°°°°°°°°6°x'),
 ('OCAu7',
  'x°W°°°°°°°°°°°°°°°°°°°°°°°°°°°°°°°°°°°°°°°°°°°°°°°°°°°°°°°°°°°°°°°°°°°°°Y°x'),
 ('BeQ3D',
  '65v°°°°°°°°°°°°°°°°°°°°°°°°°°°°°°°°°°°°°°°°°°°°°°°°°°°°°°°°°°°°°°°°°°°°°Q°x')]
'Epoch 145, train_loss=4.121701045623088, valid_loss=4.182057362568529'
[('1KM7w',
  'x5f°°°°°°°°°°°°°°°°°°°°°°°°°°°°°°°°°°°°°°°°°°°°°°°°°°°°°°°°°°°°°°°°°°°°°Q°x'),
 ('uXaMx',
  'x5f°°°°°°°°°°°°°°°°°°°°°°°°°°°°°°°°°°°°°°°°°°°°°°°°°°°°°°°°°°°°°°°°°°°°°Q°x'),
 ('yIcsY',
  'x5f°°°°°°°°°°°°°°°°°°°°°°°°°°°°°°°°°°°°°°°°°°°°°°°°°°°°°°°°°°°°°°°°°°°°°Q°x'),
 ('z3K8z',
  'x5v°°°°°°°°°°°°°°°°°°°°°°°°°°°°°°°°°°°°°°°°°°°°°°°°°°°°°°°°°°°°°°°°°°°°°Q°x'),
 ('4jlk3',
  'x5s°°°°°°°°°°°°°°°°°°°°°°°°°°°°°°°°°°°°°°°°°°°°°°°°°°°°°°°°°°°°°°°°°°°°°Q°x')]
'Epoch 146, train_loss=4.121568076849996, valid_loss=4.181786325913441'
[('NNrGM',
  'x5f°°°°°°°°°°°°°°°°°°°°°°°°°°°°°°°°°°°°°°°°°°°°°°°°°°°°°°°°°°°°°°°°°°°°°Q°x'),
 ('NNOfW',
  'x5f°°°°°°°°°°°°°°°°°°°°°°°°°°°°°°°°°°°°°°°°°°°°°°°°°°°°°°°°°°°°°°°°°°°°°Q°x'),
 ('M2ird',
  'x5f°°°°°°°°°°°°°°°°°°°°°°°°°°°°°°°°°°°°°°°°°°°°°°°°°°°°°°°°°°°°°°°°°°°°°Q°x'),
 ('kGFtR',
  'x°W°°°°°°°°°°°°°°°°°°°°°°°°°°°°°°°°°°°°°°°°°°°°°°°°°°°°°°°°°°°°°°°°°°°°°Y°x'),
 ('9kvyS',
  'x5f°°°°°°°°°°°°°°°°°°°°°°°°°°°°°°°°°°°°°°°°°°°°°°°°°°°°°°°°°°°°°°°°°°°°°Q°x')]
'Epoch 147, train_loss=4.12223589504625, valid_loss=4.181898304178745'
[('x6QbC',
  'x5f°°°°°°°°°°°°°°°°°°°°°°°°°°°°°°°°°°°°°°°°°°°°°°°°°°°°°°°°°°°°°°°°°°°°°Q°x'),
 ('iMET2',
  'x5f°°°°°°°°°°°°°°°°°°°°°°°°°°°°°°°°°°°°°°°°°°°°°°°°°°°°°°°°°°°°°°°°°°°°°Q°x'),
 ('MIvWr',
  'x5f°°°°°°°°°°°°°°°°°°°°°°°°°°°°°°°°°°°°°°°°°°°°°°°°°°°°°°°°°°°°°°°°°°°°°y°x'),
 ('mM9Qa',
  'x5f°°°°°°°°°°°°°°°°°°°°°°°°°°°°°°°°°°°°°°°°°°°°°°°°°°°°°°°°°°°°°°°°°°°°°Q°x'),
 ('fQFgr',
  'x5f°°°°°°°°°°°°°°°°°°°°°°°°°°°°°°°°°°°°°°°°°°°°°°°°°°°°°°°°°°°°°°°°°°°°°y°x')]
'Epoch 148, train_loss=4.12196956294598, valid_loss=4.181835397889342'
[('Ss8Xr',
  'x5f°°°°°°°°°°°°°°°°°°°°°°°°°°°°°°°°°°°°°°°°°°°°°°°°°°°°°°°°°°°°°°°°°°°°°Q°x'),
 ('FAjWO',
  'xa6°°°°°°°°°°°°°°°°°°°°°°°°°°°°°°°°°°°°°°°°°°°°°°°°°°°°°°°°°°°°°°°°°°°°°Y°x'),
 ('WOxvk',
  'x5f°°°°°°°°°°°°°°°°°°°°°°°°°°°°°°°°°°°°°°°°°°°°°°°°°°°°°°°°°°°°°°°°°°°°°y°x'),
 ('S6VFn',
  'x°W°°°°°°°°°°°°°°°°°°°°°°°°°°°°°°°°°°°°°°°°°°°°°°°°°°°°°°°°°°°°°°°°°°°°°Y°x'),
 ('ISR32',
  'x5f°°°°°°°°°°°°°°°°°°°°°°°°°°°°°°°°°°°°°°°°°°°°°°°°°°°°°°°°°°°°°°°°°°°°°Q°x')]
'Epoch 149, train_loss=4.121413303062298, valid_loss=4.181889509852929'
[('5XmAf',
  '°°°°°°°°°°°°°°°°°5°°°°°°°°°°°XX°°°°n°°°°°°°°°A°°°°°°°°°°f°°°°°°°°°°°°°°°°°°'),
 ('f9dWz',
  '°°°°°°°°°°°°°°F°°°°°°9°°7°°°°°°D°°°°°°°°°°°°°°°°°w°°°°°°°Z°°°°°°°°°°°°°°°°°'),
 ('Tqi3s',
  '°°°°°°°°°°°°°°°°°°°°°°°°°T°°°°°q°°°°°ii°33°°°°°°s°°°°°°°°°°°°°°°°°°°°°°°°°°'),
 ('WvHcu',
  '°°°°°°°°°°°°°°°°°°°W°A°°°°°V°°°°F°°°°°°°°c°°°°°°°U°°°°°°°°°°°°°°°°°°°°°°°°°'),
 ('iscF3',
  '°°°°°°°°°°°°°°°°°°i°°s°°°°°°d°°°°°°°P°°°°°°°°°°°33°°°°°°°°°°°°°°°°°°°°°°°°°')]
'Epoch 13, train_loss=0.8057541756826939, valid_loss=0.9287342745384187'
[('AZBvC',
  'x5f°°°°°°°°°°°°°°°°°°°°°°°°°°°°°°°°°°°°°°°°°°°°°°°°°°°°°°°°°°°°°°°°°°°°°6°x'),
 ('GncxO',
  'x5f°°°°°°°°°°°°°°°°°°°°°°°°°°°°°°°°°°°°°°°°°°°°°°°°°°°°°°°°°°°°°°°°°°°°°y°x'),
 ('54h8U',
  'x5f°°°°°°°°°°°°°°°°°°°°°°°°°°°°°°°°°°°°°°°°°°°°°°°°°°°°°°°°°°°°°°°°°°°°°Q°x'),
 ('GhBrn',
  'x5f°°°°°°°°°°°°°°°°°°°°°°°°°°°°°°°°°°°°°°°°°°°°°°°°°°°°°°°°°°°°°°°°°°°°°Q°x'),
 ('nCiR7',
  'x5f°°°°°°°°°°°°°°°°°°°°°°°°°°°°°°°°°°°°°°°°°°°°°°°°°°°°°°°°°°°°°°°°°°°°°Q°x')]
'Epoch 150, train_loss=4.121763714975144, valid_loss=4.1817095008077505'
[('bylFy',
  'x5f°°°°°°°°°°°°°°°°°°°°°°°°°°°°°°°°°°°°°°°°°°°°°°°°°°°°°°°°°°°°°°°°°°°°°Q°x'),
 ('akA1s',
  'x5f°°°°°°°°°°°°°°°°°°°°°°°°°°°°°°°°°°°°°°°°°°°°°°°°°°°°°°°°°°°°°°°°°°°°°y°x'),
 ('ISR32',
  'x5f°°°°°°°°°°°°°°°°°°°°°°°°°°°°°°°°°°°°°°°°°°°°°°°°°°°°°°°°°°°°°°°°°°°°°Q°x'),
 ('Jy6gn',
  'x5f°°°°°°°°°°°°°°°°°°°°°°°°°°°°°°°°°°°°°°°°°°°°°°°°°°°°°°°°°°°°°°°°°°°°°6°x'),
 ('YA8hs',
  'x5f°°°°°°°°°°°°°°°°°°°°°°°°°°°°°°°°°°°°°°°°°°°°°°°°°°°°°°°°°°°°°°°°°°°°°Q°x')]
'Epoch 151, train_loss=4.123089106450492, valid_loss=4.181825396380847'
[('wsKW1',
  'x5f°°°°°°°°°°°°°°°°°°°°°°°°°°°°°°°°°°°°°°°°°°°°°°°°°°°°°°°°°°°°°°°°°°°°°6°x'),
 ('LjnGu',
  'x5f°°°°°°°°°°°°°°°°°°°°°°°°°°°°°°°°°°°°°°°°°°°°°°°°°°°°°°°°°°°°°°°°°°°°°y°x'),
 ('lY5nO',
  'x5f°°°°°°°°°°°°°°°°°°°°°°°°°°°°°°°°°°°°°°°°°°°°°°°°°°°°°°°°°°°°°°°°°°°°°y°x'),
 ('Mej3w',
  'x5f°°°°°°°°°°°°°°°°°°°°°°°°°°°°°°°°°°°°°°°°°°°°°°°°°°°°°°°°°°°°°°°°°°°°°y°x'),
 ('3AOdQ',
  'x5f°°°°°°°°°°°°°°°°°°°°°°°°°°°°°°°°°°°°°°°°°°°°°°°°°°°°°°°°°°°°°°°°°°°°°Q°x')]
'Epoch 152, train_loss=4.122317577184005, valid_loss=4.182120950916145'
[('p79c5',
  'x5f°°°°°°°°°°°°°°°°°°°°°°°°°°°°°°°°°°°°°°°°°°°°°°°°°°°°°°°°°°°°°°°°°°°°°6°x'),
 ('8xTKk',
  'x5f°°°°°°°°°°°°°°°°°°°°°°°°°°°°°°°°°°°°°°°°°°°°°°°°°°°°°°°°°°°°°°°°°°°°°6°x'),
 ('kaZJb',
  'x5f°°°°°°°°°°°°°°°°°°°°°°°°°°°°°°°°°°°°°°°°°°°°°°°°°°°°°°°°°°°°°°°°°°°°°Q°x'),
 ('PUpWe',
  'x5f°°°°°°°°°°°°°°°°°°°°°°°°°°°°°°°°°°°°°°°°°°°°°°°°°°°°°°°°°°°°°°°°°°°°°y°x'),
 ('2dJzP',
  'x°W°°°°°°°°°°°°°°°°°°°°°°°°°°°°°°°°°°°°°°°°°°°°°°°°°°°°°°°°°°°°°°°°°°°°°Y°x')]
'Epoch 153, train_loss=4.121659914877323, valid_loss=4.181952367855024'
[('xJAsJ',
  'x5s°°°°°°°°°°°°°°°°°°°°°°°°°°°°°°°°°°°°°°°°°°°°°°°°°°°°°°°°°°°°°°°°°°°°°Q°x'),
 ('A74wS',
  'x5f°°°°°°°°°°°°°°°°°°°°°°°°°°°°°°°°°°°°°°°°°°°°°°°°°°°°°°°°°°°°°°°°°°°°°y°x'),
 ('YA8hs',
  'x5f°°°°°°°°°°°°°°°°°°°°°°°°°°°°°°°°°°°°°°°°°°°°°°°°°°°°°°°°°°°°°°°°°°°°°Q°x'),
 ('tOz4O',
  'xaf°°°°°°°°°°°°°°°°°°°°°°°°°°°°°°°°°°°°°°°°°°°°°°°°°°°°°°°°°°°°°°°°°°°°°y°x'),
 ('j1GgD',
  'x5f°°°°°°°°°°°°°°°°°°°°°°°°°°°°°°°°°°°°°°°°°°°°°°°°°°°°°°°°°°°°°°°°°°°°°y°x')]
'Epoch 154, train_loss=4.1221243191979395, valid_loss=4.181802357299419'
[('AlMhE',
  '°°°°°°°°°°°°°A°°°°°°°°°°°1°°°M°°°V°°°°°°°°°°°h°°°°°°°°°°°E°°°°°°°°°°°°°°°°°'),
 ('cF6hy',
  '°°°°°°°°°°°°°°°°e°°°°°°°°°°F°°°°°°°6°°°°°°°°°°°°°°°°°°y°°°°°°°°°°°°°°°°°°°°'),
 ('QtLOr',
  '°°°°°°°°°°°°°°°°°°°°°°°°°°°°°°T°°°°°°°L°°°°°°C°°°°°°°°°°°rR°°°°°°°°°°°°°°°°'),
 ('2a66D',
  '°°°°°°°°°°°°°°°2°°°°°°°°°a°°°°°°°6°°°°°°°°°66°°°°°°D°°°°°°°°°°°°°°°°°°°°°°°'),
 ('Wx5eM',
  '°°°°°°°°°°°°°°°°°°°°W°°°°°°°°°xx°°5°°°°°°°e°°°°°°°°N°°°°°°°°°°°°°°°°°°°°°°°')]
'Epoch 14, train_loss=0.745582337045845, valid_loss=0.8732740182912987'
[('ZRtUl',
  'x5f°°°°°°°°°°°°°°°°°°°°°°°°°°°°°°°°°°°°°°°°°°°°°°°°°°°°°°°°°°°°°°°°°°°°°6°x'),
 ('ISR32',
  'x5f°°°°°°°°°°°°°°°°°°°°°°°°°°°°°°°°°°°°°°°°°°°°°°°°°°°°°°°°°°°°°°°°°°°°°Q°x'),
 ('AbHNd',
  'xaf°°°°°°°°°°°°°°°°°°°°°°°°°°°°°°°°°°°°°°°°°°°°°°°°°°°°°°°°°°°°°°°°°°°°°y°x'),
 ('XRRcc',
  'x5f°°°°°°°°°°°°°°°°°°°°°°°°°°°°°°°°°°°°°°°°°°°°°°°°°°°°°°°°°°°°°°°°°°°°°y°x'),
 ('EQl2s',
  'x°W°°°°°°°°°°°°°°°°°°°°°°°°°°°°°°°°°°°°°°°°°°°°°°°°°°°°°°°°°°°°°°°°°°°°°Y°x')]
'Epoch 155, train_loss=4.122085416165235, valid_loss=4.18203069590315'
[('xJAsJ',
  'x5s°°°°°°°°°°°°°°°°°°°°°°°°°°°°°°°°°°°°°°°°°°°°°°°°°°°°°°°°°°°°°°°°°°°°°Q°x'),
 ('1hLWI',
  'xa6°°°°°°°°°°°°°°°°°°°°°°°°°°°°°°°°°°°°°°°°°°°°°°°°°°°°°°°°°°°°°°°°°°°°°Y°x'),
 ('VPJAY',
  'x5f°°°°°°°°°°°°°°°°°°°°°°°°°°°°°°°°°°°°°°°°°°°°°°°°°°°°°°°°°°°°°°°°°°°°°Q°x'),
 ('h26QT',
  'x°W°°°°°°°°°°°°°°°°°°°°°°°°°°°°°°°°°°°°°°°°°°°°°°°°°°°°°°°°°°°°°°°°°°°°°Y°x'),
 ('DGqLn',
  'x5f°°°°°°°°°°°°°°°°°°°°°°°°°°°°°°°°°°°°°°°°°°°°°°°°°°°°°°°°°°°°°°°°°°°°°Q°x')]
'Epoch 156, train_loss=4.122163398262466, valid_loss=4.181922158108482'
