/home/panav/miniconda3/lib/python3.12/site-packages/albumentations/__init__.py:28: UserWarning: A new version of Albumentations is available: '2.0.6' (you have '2.0.5'). Upgrade using: pip install -U albumentations. To disable automatic update checks, set the environment variable NO_ALBUMENTATIONS_UPDATE to 1.
  check_for_updates()
/home/panav/coding_stuff/Final_Captcha/src/dataset.py:19: UserWarning: Argument(s) 'always' are not valid for transform Normalize
  albumentations.Normalize(always=True)
/home/panav/miniconda3/lib/python3.12/site-packages/torch/optim/lr_scheduler.py:62: UserWarning: The verbose parameter is deprecated. Please use get_last_lr() to access the learning rate.
  warnings.warn(
11538
[[ 7 37 37  7 37]
 [57 39 34  8 14]
 [27 50 59 17 15]
 ...
 [38 40 57 49 48]
 [46 24 51 53 28]
 [29 41 43 35 25]]
60
[('44YZB',
  '°°°°°°°°°°°°°°4z°°°°°°°4°°°°°°°°°°°°Y°°°°°°Z°°°°°°°B°°°°°°°°°°°°°°°°°°°°°°°'),
 ('O8qkH',
  '°°°°°°°°°°Q°°°°°°°°°°°°°8°°°°°°°°°Q°°°°°°°°°°°°°°°°K°°°°°H°°°°°°°°°°°°°°°°°'),
 ('1PUNB',
  '°°°°°°°°°°°°°°°°1°°F°°°°°°°°U°°°°°°°°°°N°°°°°°°°°°°°°B°°°°°°°°°°°°°°°°°°°°°'),
 ('8cCBQ',
  '°°°°°°°°°°°°°°°8°°°°°°°c°°°°°°°Q°°°°°°°°B°°°°°°°°°O°°°°°°°°°°°°°°°°°°°°°°°°'),
 ('KuNgC',
  '°°°°°°°°°°°°°°°°°K°°°°°°u°°°°°°N°°°°°°g°°°°°°°Q°°°°°°°°°°°°°°°°°°°°°°°°°°°°')]
'Epoch 0, train_loss=1.10310139228089, valid_loss=0.9286887927301999'
[('qwAZI',
  '°°°°°°°°°°°°°°°°°°q°°°°°°°w°°°°°°°°°A°°°°°°°°ZZ°°°°°°°°°°°°°°°°°°°°°°°°°°°°'),
 ('2F8VS',
  '°°°°°°°°°°°°°°°°°2°°°°°F°°°°°°°8°°°°°°°°°°°°°°°S°°°°°°°°°°°°°°°°°°°°°°°°°°°'),
 ('5MeU5',
  '°°°°°°°°°5°°°°°°°°°°M°°°°°°°°°°°°°°°e°°°°°°°°°°UU°°°°°°°°°°55°°°°°°°°°°°°°°'),
 ('98cCX',
  '°°°°°°°°°°°°°°°°°99°°°°°°°8°°°°°°°d°°°°°O°°°°°°°°°°°X°°°°°°°°°°°°°°°°°°°°°°'),
 ('uFsrb',
  '°°°°°°°°°°°°°°°°°°U°°°°°°R°°°°°s°°°°°°°°°r°°°°°°B°°°°°°°°°°°°°°°°°°°°°°°°°°')]
'Epoch 1, train_loss=1.0410384057069597, valid_loss=0.9261629338922172'
[('pvhvi',
  '°°°°°°°°°°°°°°°°°p°°°°°°°°°°°°°v°°°°°°°°°°°°°°°°°°°°°°°°°°°i°°°°°°°°°°°°°°°'),
 ('PgwKC',
  '°°°°°°°°°°°°°°R°°°°°°°g°°°°°°°°ww°°°°°°°°°°°°°K°°°°°°°°O°°°b°°°°°°°°°°°°°°°'),
 ('6NcrU',
  '°°°°°°°°°°°°°°°°6°°°°°°°N°°°°°°°°°c°°°°°°°r°°°°°°U°°°°°°°°°°°°°°°°°°°°°°°°°'),
 ('exycn',
  '°°°°°°°°°°°°°e°°°°°°°°°°x°°°°°°°yy°°°°°c°°°°°°°n°°°°°°°°°°°°°°°°°°°°°°°°°°°'),
 ('wmSmg',
  '°°°°°°°ww°°°°v°°°°°r°°°°°°°°°°°°°°S°°°°°°°°°°°°°°°°°°°°°°°°°g°°°°°°°°°°°°°°')]
'Epoch 2, train_loss=1.0081351332377946, valid_loss=0.9380463916679909'
[('wmSmg',
  '°°°°°°°ww°°°°°°°°°°r°°°°°°°°°°°°°°S°°°°°°°°°°°°°°°°°°°°°°°°°g°°°°°°°°°°°°°°'),
 ('lJyjJ',
  '°°°°°°°°°°°°°°°°°°°°°°°°°°l°°°°J°°°°°°°°yy°°°°°jj°°°°J°°°°°°°°°°°°°°°°°°°°°'),
 ('fUhly',
  '°°°°°°°°°°°°°°°°°°°°°°f°°°°U°°°°°°°bb°°°°°°°°°°yy°°°°°°°°°°°°°°°°°°°°°°°°°°'),
 ('6xeZy',
  '°°°°°°°°°°°°°°6°°°°°°°°°°x°°°°°°°e°°°°°°°°°Z°°°°°°°°°°°°°°yy°°°°°°°°°°°°°°°'),
 ('JiJRS',
  '°°°°°°°°°°°°°°°°°°°°JJ°°°°°i°°°°I°°°°R°°°°°°°°°SS°°°°°°°°°°°°°°°°°°°°°°°°°°')]
'Epoch 3, train_loss=0.9895215791941424, valid_loss=0.9687481134102263'
[('LEX9l',
  '°°°°°°°°°°°°°°°°°°L°°°°°°°°°B°°°°°°°°°°°°X°°°°°°°°9°°°°°°°°°°°°°°°°°°°°°°°°'),
 ('XHmZg',
  '°°°°°°°°°°°°°°°°°°°X°°°°H°°°°°°°r°°°°°°°°°°Z°°°°°°°°g°°°°°°°°°°°°°°°°°°°°°°'),
 ('UUR3z',
  '°°°°°°°°°°°°°°°°°U°°°°JJ°°u°°°°°°°°°°°°°°3°°°°°°°z°°°°°°°°°°°°°°°°°°°°°°°°°'),
 ('zP5cj',
  '°°°°°°°°°°°°°°°°°°°°°°°°°F°°°°°°°°°°°°°°°°°c°°°°°°°°°jj°°°°°°°°°°°°°°°°°°°°'),
 ('7S1jJ',
  '°°°°°°°°°°°°°°°°°°°°77°°°S°°°°°°°°°°°°°°°°°°°°J°°°°°°°°°°°°°°°°°°°°°°°°°°°°')]
'Epoch 4, train_loss=0.9692042054169351, valid_loss=0.9758814918583837'
[('YFUjm',
  '°°°°°°°°°°°°°°°°°Y°°°°°°°°°E°°°°°°°°U°°°°°°°°°°°°j°°°n°°°n°°°°°°°°°°°°°°°°°'),
 ('NGGrZ',
  '°°°°°°°°°°°°°°N°°°°°°°°°°°C°°°°°°°°°°°C°°°°°°°°°°°n°°°°°Z°°°°°°°°°°°°°°°°°°'),
 ('eGdvq',
  '°°°°°°°°°°°°°°°°°°°°°O°°°°°°°°°°d°°°°°°°°°°°°°°v°°°°q°°°°°°°°°°°°°°°°°°°°°°'),
 ('bZOig',
  '°°°°°°°°°°°°°°°°°°b°°°°°°°°°Z°°°°°°°°C°°°°°°°°°°i°gg°°°°°°°°°°°°°°°°°°°°°°°'),
 ('vhSwT',
  '°°°°°°°°°°°v°°°°°°°°°h°°°°°°°°S°°°°°°°°°°°°°°°w°°°°°°°°°°°°°°°T°°°°°°°°°°°°')]
'Epoch 5, train_loss=0.9568481734381251, valid_loss=0.9748001012308845'
[('98RRa',
  '°°°°°°°°°°°°°°9°°°°°°°°8°°°°°°°°°r°K°°°°°R°°°°°°°°A°°°°°°°°°°°°°°°°°°°°°°°°'),
 ('m3b5p',
  '°°°°°°°°°°°°°n°°°°°°°°°°°33°°°°°°t°°°°°°°°5°°°°°p°°°°°°°°°°°°°°°°°°°°°°°°°°'),
 ('4hNga',
  '°°°°°°°°°°°°°°°44°°°°°°°°h°°°°°°°N°°°°°°°°g°°°°°°°d°°°°°°°°°°°°°°°°°°°°°°°°'),
 ('OdbSW',
  '°°°°°°°C°°°°°°°°°°°°°°°D°°°°°°°°°°°E°°°°°°°°S°°°°°°°°°°°W°°°°°°°°°°°°°°°°°°'),
 ('n1XY6',
  '°°°°°°°°°°°°°°°°r°°°°°°°°°°°1°°°°°°°X°°°°°°°°°°Y°°°°°6°°°°°°°°°°°°°°°°°°°°°')]
'Epoch 6, train_loss=0.8889801010650185, valid_loss=0.9447755893756603'
[('chRBU',
  '°°°°°°°°°°°Q°°°°°°°°°°°h°°°°°°°°°°f°°°°°°°°°°B°°°°°°°°°°°U°°°°°°°°J°°°°°°°°'),
 ('5uP1q',
  '°°°°°°°°°°°°5°°°°°°°°°u°°°°°°F°°°°°°°°°°°1°°°°C°°°°°°°°°°°°°°°°°°°°°°°°°°°°'),
 ('Sxefi',
  '°°°°°°°°°°°°°°°°°°°°°°S°°°°°°°°°xx°°°°e°°°°°°°f°°°°°°i°°°°°°°°°°°°°°°°°°°°°'),
 ('6O26j',
  '°°°°°°°°°°°°°°°°°6°°°°°°°O°°°°°°°°°2°°°°°6°°°°°°°°jj°°°°°°°°°°°°°°°°°°°°°°°'),
 ('T7ECY',
  '°°°°°°°°°°°°°T°°°°°°°°°°°77°°°°°°E°°°°°°°°°Q°°°°°°°°°°°Y°°°°°°°°°°°°°°°°°°°')]
'Epoch 7, train_loss=0.8732311287536092, valid_loss=0.9401185960605227'
[('esFqx',
  '°°°°°°°°°°°°°°°°e°°°°°°°s°°°°°°°°E°°°°°°°d°°°°°°°°°°°°x°°°°°°°°°°°°°°°°°°°°'),
 ('vlpNn',
  '°°°°°°°°°°°°°°°°°°°°°v°°°°°°l°°°p°°°°°°°°N°°°°°°°°°m°°°°°°°°°°°°°°°°°°°°°°°'),
 ('m3b5p',
  '°°°°°°°°°°°°°n°°°°°°°°°°°33°°°°°°t°°°°°°°°5°°°°°p°°°°°°°°°°°°°°°°°°°°°°°°°°'),
 ('Rbftc',
  '°°°°°°°°°°°°°°°F°°°°°°°°bb°°°°°°°°°°f°°°°°t°°°°°°C°°°°°°°°°°°°°°°°°°°°°°°°°'),
 ('uaxvK',
  '°°°°°°°°°°°°°°°°°u°°°°°°°a°°°°°°°°°°°x°°°°°°°v°°°°°°°°K°°°°°°°°°°°°°°°°°°°°')]
'Epoch 8, train_loss=0.863452782753987, valid_loss=0.9492481130978156'
[('n1XY6',
  '°°°°°°°°°°°°°°°°r°°°°°°°°°°°1°°°°°°°X°°°°°°°°°°Y°°°°°6°°°°°°°°°°°°°°°°°°°°°'),
 ('jll5E',
  '°°°°°°°°°°°°°°°°°°°°°°°°°°°°°°°°°°°°°°°5°°°°°°°°E°°°°°°°°°°°°°°°°°°°°°°°°°°'),
 ('lDwaE',
  '°°°°°°°°°°°°°°°°l°°°°°B°°°°°°°°°°ww°°°°°°°°°a°°°°°°°°B°°°°°°°°°°°°°°°°°°°°°'),
 ('QFe9f',
  '°°°°°°°°°°°°°°°°°C°°°°°°°°°F°°°°°°e°°°°°9°°°°°°°°°°°f°°°°°°°°°°°°°°°°°°°°°°'),
 ('m7kGz',
  '°°°°°°°°°°°°°°r°°°°°°°°°°°°77°°°°°°K°°°°°C°°°°°°°°°°°°°z°°°°°°°°°°°°°°°°°°°')]
'Epoch 9, train_loss=0.8520462216324358, valid_loss=0.9573046957624369'
[('hVWYY',
  '°°°°°°°°°°H°°°°°M°°°°°°°°°°°°°°°°°w°°°°V°°°°°°°°°°°Y°°°°°°°°°°YY°°°°°°°°°°°'),
 ('CfUwj',
  '°°°°°°°°°°°°°°°C°°°°°°°°°°°f°°°°U°°°°°°°°°°°°°°w°°°°V°°°°°°j°°°°°°°°°°°°°°°'),
 ('4bguB',
  '°°°°°°°°°°°°°44°°°°°°°°°E°°°°°°°°G°°°°°°°°°°U°°°°°°°°B°°°°°°°°°°°°°°°°°°°°°'),
 ('RbX2Z',
  '°°°°°°°°°°°°°°°°°R°°°°°°°°°B°°°°°°°°°°X°°°°°322°°°°°°°Z°°°°°°°°°°°°°°°°°°°°'),
 ('8n5pn',
  '°°°°°°°°°°°°°°8°°°°°°°n°°°°°°5°°°°°°°p°°°°°°°n°°°°°°°°°°°°°°°°°°°°°°°°°°°°°')]
'Epoch 10, train_loss=0.8236204075335721, valid_loss=0.9387196635377818'
[('HRHgt',
  '°°°°°°°°°°°°°F°°°°°°°F°°°°°°°°°h°°°°°°°g°°°°°°J°°°°°tt°°°°°°°°°°°°°°°°°°°°°'),
 ('uFsrb',
  '°°°°°°°°°°°°°°°°°°U°°°°°°R°°°°°s°°°°°°°°°r°°°°°°BB°°°°°°°°°°°°°°°°°°°°°°°°°'),
 ('vIReA',
  '°°°°°°°°°°°°°°°°°°°°v°°°°°°°°°F°°°°°°°°e°°°°°°°A°°°°°°°°°°°°°°°°°°°°°°°°°°°'),
 ('jg9wC',
  '°°°°°°°°°°°°°°°°j°°°°°g°°°°°°Ss°°°°°°°°w°°°°°°°°°°°d°°°°°°°°°°°°°°°°°°°°°°°'),
 ('YVpY6',
  '°°°°°°°°°°°°°°°°°°Y°°°°°°°°°°°V°°°°°°°pp°°°°°°°°°Y°°°°°°6°°°°°°°°°°°°°°°°°°')]
'Epoch 11, train_loss=0.8164873122020936, valid_loss=0.9481675143899588'
[('f75cx',
  '°°°°°°°°°°°°°°f°°°°°°77°°°°°5°°°°°x°°°°°°°°°°x°°°°°°°°°°°°°°°°°°°°°°°°°°°°°'),
 ('3xE5y',
  '°°°°°°°°°°°°°°°°°33°°°°°°°°x°°°E°°°°°°°55°°°°°°°°yy°°°°°°°°°°°°°°°°°°°°°°°°'),
 ('VDb3p',
  '°°°°°°°°°°°°°°°°°°°°°vV°°°°°D°°°°°°°°°°°b°°°°°°33°°°°°p°°°°°°°°°°°°°°°°°°°°'),
 ('fhAfE',
  '°°°°°°°°°°°°°°°°°°f°°°°°°h°°°°°°°A°°°°°°°°°°°°f°°°°°°F°°°°°°°°°°°°°°°°°°°°°'),
 ('shKRd',
  '°°°°°°°°°°°°°°°°s°°°°°°°°h°°°°°°°°K°°°°°°P°°°°°°°°c°°°°°°°°°°°°°°°°°°°°°°°°')]
'Epoch 12, train_loss=0.807609044072808, valid_loss=0.9561932584335064'
[('uaxvK',
  '°°°°°°°°°°°°°°°°°u°°°°°°°a°°°°°°°°°°°x°°°°°°°°°°°°°°°°K°°°°°°°°°°°°°°°°°°°°'),
 ('aqOkY',
  '°°°°°°°°°°°°A°°°°°°°°°°°°°°°°°°°°°c°°°°°°°°°°°°°°K°°°°°°°°Y°°°°°°°°°°°°°°°°'),
 ('C24Hu',
  '°°°°°°°°°°°°°°°°O°°°°°°°°°°2°°°°°°4°°°°°°H°°°°°°°u°°°°°°°°°°°°°°°°°°°°°°°°°'),
 ('LiMxJ',
  '°°°°°°°°°°°°°°°°°L°°°°°°°°°°i°°M°°°°°°l°°°°x°°°°°°°°°J°°°°°°°°°°°°°°°°°°°°°'),
 ('sb2PB',
  '°°°°°°°°°°°°°°s°°°°°°°°°L°°°°°°°°°°2°°°°°°°°P°°°°°°°°B°°°°°°°°°°°°°°°°°°°°°')]
'Epoch 13, train_loss=0.8001156711982469, valid_loss=0.947021301039334'
[('WDuqY',
  '°°°°°°°°°°°°°°W°°°°°°°°°°°°°°°D°°°°°°°°°°°u°°°°°°dO°°°°°°°°°YY°°°°°°°°°°°°°'),
 ('Kkbqk',
  '°°°°°°°°°°°°°°°°°K°°°°°°°°°°°k°°°°°°°b°°°°°°°q°°°°°°°°°°kk°°°°°°°°°°°°°°°°°'),
 ('q4Qfp',
  '°°°°°°°°°°°°°d°°°°°°°44°°°°°°°°°°°°Q°°°°°°°°°°°°°°f°°°°°p°°°°°°°°°°°°°°°°°°'),
 ('zTP3a',
  '°°°°°°°°°°°°°°°°zz°°°°°°T°°°°°°P°°°°°°3°°°°°°°a°°°°°°°°°°°°°°°°°°°°°°°°°°°°'),
 ('VTvTl',
  '°°°°°°°°°°°°°°°°°°°°°V°°°°°°°°°°°B°°°°°°°°°°v°°°°°°°°°°D°°°°°°1°°°°°°°°°°°°')]
'Epoch 14, train_loss=0.7852219496329871, valid_loss=0.9427863042930077'
[('nnf8b',
  '°°°°°°°°°°°°°n°°°°°°°n°°°°°°°°f°°°°°88°°°°°°°b°°°°°°°°°°°°°°°°°°°°°°°°°°°°°'),
 ('FeMbp',
  '°°°°°°°°°°°°°°°°°F°°°°°°°e°°°°°°M°°°°°°°°°b°°°°°°b°°°°°°°°°°°°°°°°°°°°°°°°°'),
 ('2EK6p',
  '°°°°°°°°°°°°°°°2°°°°°°°B°°°°°°°°°°°°°KK°°°°6°°°°°°°°pp°°°°°°°°°°°°°°°°°°°°°'),
 ('jnKW3',
  '°°°°°°°°°°°°°°°°°°°°j°n°°°°°°°°K°°°°°°°w°°°°°°°°°33°°°°°°°°°°°°°°°°°°°°°°°°'),
 ('p5nce',
  '°°°°°°°°°°°°°pp°°°°°°°5°°°°°°n°°°°°°°c°°°°°°°e°°°°°°°°°°°°°°°°°°°°°°°°°°°°°')]
'Epoch 15, train_loss=0.77514949057521, valid_loss=0.9489480435848237'
[('428b6',
  '°°°°°°°°°°°°°°°°°°°°°°2°°°°°88°°°°°°°b°°°°°°°6°°°°°°°°°°°°°°°°°°°°°°°°°°°°°'),
 ('yYbWa',
  '°°°°°°°°°°°°°°°°°Y°°°°°°°°°Y°°°°°°°B°°°°°°°°°°w°°°°V°°°V°M°°°°°°°°°°°°°°°°°'),
 ('XRbvS',
  '°°°°°°°°°°°°°°°°°°°Xx°°°°°P°°°°°°°°°°°I°°°°°°°°°v°°°°°Ss°°°°°°°°°°°°°°°°°°°'),
 ('gXpKO',
  '°°°°°°°°°°°°°g°°°°°°°°°°°°°°X°x°°°°p°°°°°°j°°K°°°°°QO°°°°°°°°°°°°°°°°°°°°°°'),
 ('x8p65',
  '°°°°°°°°°°°°°°°°°°x°°°°88°°°°°°°pp°°°°°°°C°°°°°°°°°°55°°°°°°°°°°°°°°°°°°°°°')]
'Epoch 16, train_loss=0.7762921994153082, valid_loss=0.946981346401675'
[('Faxl4',
  '°°°°°°°°°°°°°°°°°°°F°°°°°°°°a°°°°°°°°°°°xx°°°M°°°4°°°°°°°°°°°°°°°°°°°°°°°°°'),
 ('5SHrT',
  '°°°°°°°°°°°°°55°°°°°°°°°S°°°°°°°°H°°°°°°°°°°°°°°°°°°°°T°°°°°°°°°°°°°°°°°°°°'),
 ('3dgmf',
  '°°°°°°°°°°°°°3°°°°°°d°°°°°°°°g°°°°°°°°n°°°°m°°°°°°°f°°°°°°°°°°°°°°°°°°°°°°°'),
 ('ZkvKA',
  '°°°°°°°°°°°°°°°°Z°°°°°°°°°°°°k°°°°°°°°v°°°°°°°K°°°°°°°A°°°°°°°°°°°°°°°°°°°°'),
 ('Rbftc',
  '°°°°°°°°°°°°°°°F°°°°°°°°bb°°°°°°°°°°f°°°°°t°°°°°°C°°°°°°°°°°°°°°°°°°°°°°°°°')]
'Epoch 17, train_loss=0.7720535150477993, valid_loss=0.9534584468808668'
[('p5nce',
  '°°°°°°°°°°°°°pp°°°°°°°5°°°°°°n°°°°°°°c°°°°°°°e°°°°°°°°°°°°°°°°°°°°°°°°°°°°°'),
 ('MW8nL',
  '°°°°°°°°°°°°N°°°°°°°°°°°°w°°°°°°°°°°°8°°°°°°°°°°N°°°°°°°°°D°°°°°°°°°°°°°°°°'),
 ('4A57X',
  '°°°°°°°°°°°°4°°°°°°t°°A°°°°°°°°°°°°5°°°°°°°°°°°°77°°°°°°°°°°°°X°°°°°°°°°°°°'),
 ('MRPpW',
  '°°°°°°°°°N°°°°°°°°°°°F°°°°°°°°°°F°°°°°°°°pp°°°°°°°°°°W°°°°°°°°°°°°°°°°°°°°°'),
 ('jfXQP',
  '°°°°°°°°°°°°°°°°jj°°°°f°°°°°°°°°°°°X°°°°°°°G°°°°°°°°°°°P°°°°°°°°°°°°°°°°°°°')]
'Epoch 18, train_loss=0.7643575031189779, valid_loss=0.9505641082237507'
[('4A57X',
  '°°°°°°°°°°°°4°°°°°°t°°A°°°°°°°°°°°°5°°°°°°°°°°°°77°°°°°°°°°°°°X°°°°°°°°°°°°'),
 ('pJxhU',
  '°°°°°°°°°°°°°°°pp°°°°°°°°°J°°°°°°°°x°°°°h°°°°°°°°°°U°°°°°°°°°°°°°°°°°°°°°°°'),
 ('f7Skb',
  '°°°°°°°°°°°°°°°°°°°f°°°°°77°°°°°S°°°°°°°°°k°°°°°°°bB°°°°°°°°°°°°°°°°°°°°°°°'),
 ('dXHUp',
  '°°°°°°°°°°°°°°°°°d°°°°°°°°°XX°°°°°°°°°°°°U°°°°°J°°°°°°°°°°°°°°°°°°°°°°°°°°°'),
 ('iGzp4',
  '°°°°°°°°°°°°°°°°°°1°°°°°°°°°°°°°°°°Z°°°°°n°°°°°4°°°°°°°°°°°°°°°°°°°°°°°°°°°')]
'Epoch 19, train_loss=0.7627568769344747, valid_loss=0.9522930291192285'
[('8FVGi',
  '°°°°°°°°°°°°°°°°°88°°°°°F°°°°°°°°°°V°°°°°°G°°°°°°°°°°°°°I°°°°°°°°°°°°°°°°°°'),
 ('MkSE4',
  '°°°°°°°°°°°°°°°°°°°°°°°K°°°°°S°°°°°°°B°°°°°°°°44°°°°°°°°°°°°°°°°°°°°°°°°°°°'),
 ('HFObp',
  '°°°°°°°°°°°°°°°°H°°°°°°°F°°°°°°°O°°°°°°°°°b°°°°°°p°°°°°°°°°°°°°°°°°°°°°°°°°'),
 ('NyZjz',
  '°°°°°°°°°°°°°°MM°°°°°°°°°°y°°°°°Z°°°°°°°°°j°°°°z°°°°°°°°°°°°°°°°°°°°°°°°°°°'),
 ('69pP5',
  '°°°°°°°°°°°°°6°°°°°°°°°°°°°°°°°H°°°°°°°°°°B°°°°°°°°°°5°°°°°°°°°°°°°°°°°°°°°')]
'Epoch 20, train_loss=0.7613516826245744, valid_loss=0.9546009349411931'
[('qbqlW',
  '°°°°°°°°°°°°°°°c°°°°°°°°°bb°°°°°°c°°°°°°°°°M°°°°°°W°°°°°V°°°°°°°°°°°°°°°°°°'),
 ('pOIb5',
  '°°°°°°°°°°°°°°°°°°°°p°°°°°O°°°°°°°°°°b°°°°°°5°°°°°°°°°°°°°°°°°°°°°°°°°°°°°°'),
 ('C5Xsv',
  '°°°°°°°°°°°°°°°°°O°°°°°°°°°°°°°°°°°°XX°°°°°s°°°°°°°°°°°°°°°°°°°°°°°°°°°°°°°'),
 ('BxKFj',
  '°°°°°°°°°°°°°°°°B°°°°°°°°°°x°°°°°°K°°°°°°°R°°°°°°°°°°°j°°°°°°°°°°°°°°°°°°°°'),
 ('kBtzk',
  '°°°°°°°°°°°°°°°°°°°°°k°°°B°°°°°°°°°°°t°°°°z°°°°°°°°°x°°°°°°°°°°°°°°°°°°°°°°')]
'Epoch 21, train_loss=0.7594744650581033, valid_loss=0.9512742114478144'
[('beIdl',
  '°°°°°°°°°°°°°°b°°°°°°°6°°°°°°°°°°°°°I°°°°d°°°°°°°°°°l°°°°°°°°°°°°°°°°°°°°°°'),
 ('2NnVW',
  '°°°°°°°°°°°°°°°°2°°°°°°°°M°°°°°°°°r°°°°°°°°°V°°°°°°°W°°°°°°°°°°°°°°°°°°°°°°'),
 ('e46yw',
  '°°°°°°°°°°°°°e°°°°°°4°°°°°°°°6°°°°°°°°°yy°°°°°°°°°°°°°°°°°°°°°°°°°°°°°°°°°°'),
 ('WjS9Y',
  '°°°°°°°°°°°°°°°°°°°°°°°°°°W°°°jj°°S°°°°°°°9S°°°°°°°°°°°Y°°°°°°°°°°°°°°°°°°°'),
 ('KADQt',
  '°°°°°°°°°°°°°°°°°K°°°°°AA°°°°°°°°°°T°°°°°°°°°Q°°°°°°°°°°°°°°t°°°°°°°°°°°°°°')]
'Epoch 22, train_loss=0.7561383826890602, valid_loss=0.9533738775499936'
[('GxEPh',
  '°°°°°°°°°°°G°°°°°°°°°°°°°°°°°°x°°°°°E°°°°°°°°°°F°°°°°°°°h°°°°°°°°°°°°°°°°°°'),
 ('zPZbU',
  '°°°°°°°°°°°°°zz°°°°°°°°°F°°°°°°°°°°ZZ°°°°°°°°b°°°°°°°°°U°°°°°°°°°°°°°°°°°°°'),
 ('C24Hu',
  '°°°°°°°°°°°°°°°°O°°°°°°°°°°2°°°°°°4°°°°°°H°°°°°°°u°°°°°°°°°°°°°°°°°°°°°°°°°'),
 ('h34dX',
  '°°°°°°°°°°°°°°h°°°°°°°3°°°°°°44°°°°°°°°°d°°°°°°°°°°°X°°°°°°°°°°°°°°°°°°°°°°'),
 ('GctVM',
  '°°°°°°°°°°°°°Q°°°°°°°°°Q°°°°°°°°°°t°°°°°°°°V°°°°°M°°°°°°°°°°°°°°°°°°°°°°°°°')]
'Epoch 23, train_loss=0.7561681173248174, valid_loss=0.9516118203771525'
[('4vJ9U',
  '°°°°°°°°°°°°°°°z°°°°°°°°°°°v°°°°°°°°°°°J°°°9°°°°°°°U°°°°°J°°°°°°°°°°°°°°°°°'),
 ('Gy8nJ',
  '°°°°°°°°°°°°°°°G°°°°°°°°°°°°Y°°°°°°°88°°°°°°°N°°°°°°°°°°°°°JJ°°°°°°°°°°°°°°'),
 ('G2jtQ',
  '°°°°°°°°°°°°°°°O°°°°°°°°44°°°°°°°°°°j°°°°t°°°°°O°°°°°°°°°°°°°°°°°°°°°°°°°°°'),
 ('xmVaf',
  '°°°°°°°°°°°°°°°°°°xx°°°°°r°°°°°°°°°°°°°°°°°°°°°aa°°°°°°°°f°°°°°°°°°°°°°°°°°'),
 ('Dm4nY',
  '°°°°°°°°°°°°°°D°°°°°°°h°°°°°°°°°°44°°°°°°°°r°°°°°°°°YY°°°°°°°°°°°°°°°°°°°°°')]
'Epoch 24, train_loss=0.755059487164847, valid_loss=0.9520343188581796'
[('Meuyi',
  '°°°°°°°°°°°°°°M°°°°°°°°°°°°°e°°°°°°°°°°u°°°°°°°°°°°°°°yy°°°°°°°°°°°°°°°°°°°'),
 ('stuR5',
  '°°°°°°°°°°°°°°°°°°°°°s°°°°°t°°°°u°°°°°°F°°°°°°°°5°°°°°°°°°°°°°°°°°°°°°°°°°°'),
 ('DYdf8',
  '°°°°°°°°°°°°°°D°°°°°°°°°°°°°°°°°°Y°°°°°°°c°°°°°°°°°°°f°°°°°°88°°°°°°°°°°°°°'),
 ('7w1Te',
  '°°°°°°°°°°°°°°°7°°°°°°w°°°°°°°°°°°°l°°°°°°I°°°°°°°°e°°°°°°°°°°°°°°°°°°°°°°°'),
 ('duu2x',
  '°°°°°°°°°°d°°°°°°°°°°°°°uu°°°°°°°°°°°u°°°°°°°°°22°°°°°°°°°°°x°°°°°°°°°°°°°°')]
'Epoch 25, train_loss=0.7542126450590066, valid_loss=0.9546299404111401'
[('HRHgt',
  '°°°°°°°°°°°°°F°°°°°°°F°°°°°°°°°h°°°°°°°g°°°°°°J°°°°°tt°°°°°°°°°°°°°°°°°°°°°'),
 ('fLOu7',
  '°°°°°°°°°°°°°°°°°°f°°°°°°L°°°°°°Q°°°°°°°°u°°°°°°°77°°°°°°°°°°°°°°°°°°°°°°°°'),
 ('SIVpL',
  '°°°°°°°°°°°°°°°°S°°°°°°°°I°°°°°°°V°°°°°°°p°°°°°°°°°°°L°°°°°°°°°°°°°°°°°°°°°'),
 ('2F8VS',
  '°°°°°°°°°°°°°°°°°2°°°°°F°°°°°°°8°°°°°°°°°°°V°°°SS°°°°°°°°°°°°°°°°°°°°°°°°°°'),
 ('BRF6e',
  '°°°°°°°°°°°°°°°B°°°°°°°°°F°°°°°°°°°P°°°°°°°°6°°°°°°°°°e°°°°°°°°°°°°°°°°°°°°')]
'Epoch 26, train_loss=0.7520990638960675, valid_loss=0.9542826420274274'
[('KADQt',
  '°°°°°°°°°°°°°°°°°K°°°°°AA°°°°°°°°°°T°°°°°°°°°Q°°°°°°°°°°°°°°t°°°°°°°°°°°°°°'),
 ('DgAFM',
  '°°°°°°°°°°°°D°°°°°°°°°g°°°°°°°A°°°°°°°°°°°°°H°°°°°°°°°°°°°°°°°°°°1°°°°°°°°°'),
 ('6SLdH',
  '°°°°°°°°°°6°°°°°°°°°S°°°°°°°°°°°°°°L°°°°°°°d°°°°°°°°°°°H°°°°°°°°°°°°°°°°°°°'),
 ('R5eVC',
  '°°°°°°°°°°°°°P°°°°°°°°55°°°°°°e°°°°°°°°°°°V°°°°°°°O°°°°°°°°°°°°°°°°°°°°°°°°'),
 ('xPU1k',
  '°°°°°°°°°°°°°°°°x°°°°°°F°°°°°°°°U°°°°°°°j°°°°L°°°°°°k°°°°°°°°°°°°°°°°°°°°°°')]
'Epoch 27, train_loss=0.7498597921043038, valid_loss=0.9548988198411876'
[('RW2va',
  '°°°°°°°°°°°°°R°°°°°°°°°°°°°°°°°°°°°°°°°°2°°°°°°°°°°°v°°°°°a°°°°°°°°°°°°°°°°'),
 ('5yQAs',
  '°°°°°°°°°°°°°°°°°°°°Z°°°°°°°°yy°°°°O°°°°°°°°A°°°°°°°°ss°°°°°°°°°°°°°°°°°°°°'),
 ('4K1JC',
  '°°°°°°°°°°°°°°°°°°44°°°°°°°°°K°°°°°°°°1°°°J°°°°°O°°°°°°°°°°°°°°°°°°°°°°°°°°'),
 ('qpSvA',
  '°°°°°°°°°°°°°°d°°°°°°°°°°p°°°°°°°°°S°°°°°°°°°°vv°°°°°A°°°°°°°°°°°°°°°°°°°°°'),
 ('Sxefi',
  '°°°°°°°°°°°°°°°°°°°°°°S°°°°°°°°°°x°°°°e°°°°°°°f°°°°°°i°°°°°°°°°°°°°°°°°°°°°')]
'Epoch 28, train_loss=0.7498762854626072, valid_loss=0.955762428250806'
[('GWbt1',
  '°°°°°°°°°°°°°G°°°°°°°°°°°°°w°°°°°°°°°°°E°°°°°°°°°°°°°°T°°°°°°°°°°°°°°°°°°°°'),
 ('UZbIa',
  '°°°°°°°°°°°°°°°°°°°°U°°°°°°°Z°°°°°°b°°°°°°°°°a°°°°°°°°°°°°°°°°°°°°°°°°°°°°°'),
 ('c6we6',
  '°°°°°°°°°°°°°c°°°°°°6°°°°°°°w°°°°°°°°e°°°°°°°6°°°°°°°°°°°°°°°°°°°°°°°°°°°°°'),
 ('4hNga',
  '°°°°°°°°°°°°°°°44°°°°°°°°h°°°°°°°N°°°°°°°°g°°°°°°°q°°°°°°°°°°°°°°°°°°°°°°°°'),
 ('LiMxJ',
  '°°°°°°°°°°°°°°°°°L°°°°°°°°°ii°°M°°°°°°l°°°°x°°°°°°°°JJ°°°°°°°°°°°°°°°°°°°°°')]
'Epoch 29, train_loss=0.7509852943508577, valid_loss=0.9578517564411821'
[('FZUG4',
  '°°°°°°°°°°°°°U°°°°°°°°°°ZZ°°°°°°°°°U°°°°°°°°°c°°°°°°°°°4°°°°°°°°°°°°°°°°°°°'),
 ('WIhSe',
  '°°°°°°°°°°°°°°°°°°°°°°°°°°°°°°°°°H°°°°°°°°°°°°°°°°e°°°°°°°°°°°°°°°°°°°°°°°°'),
 ('yQByM',
  '°°°°°°°°°°°°°y°°°°°Q°°°°°°°°°°°°E°°°°°°°°°°°y°°°°°°N°°°°°°V°°°°°°°°°°°°°°°°'),
 ('exycn',
  '°°°°°°°°°°°°°e°°°°°°°°°°x°°°°°°°yy°°°°°c°°°°°°°n°°°°°°°°°°°°°°°°°°°°°°°°°°°'),
 ('OLZjq',
  '°°°°°°°°°°°°C°°°°°°°°°°°°°°I°°°°°°°°°°Z°°°°°°°°°°j°°°d°°°°°°°°°°°°°°°°°°°°°')]
'Epoch 30, train_loss=0.7497127108011848, valid_loss=0.9565054811280349'
[('f75cx',
  '°°°°°°°°°°°°°°f°°°°°°77°°°°°5°°°°°x°°°°°°°°°°x°°°°°°°°°°°°°°°°°°°°°°°°°°°°°'),
 ('dJbFq',
  '°°°°°°°°°°°°°°°°°q°°°°°°°°J°°°°°bb°°°°°°°°F°°°°°°°°d°°°°°°°°°°°°°°°°°°°°°°°'),
 ('YYGNO',
  '°°°°°°°°°°°°Y°°°°°°°°°°Y°°°°°O°°°°°°°°°°°°°N°°°°°°°°°°°°°°G°°°°°°°°°°°°°°°°'),
 ('uFgxg',
  '°°°°°°°°°°°°°°°°°°u°°°°°°°F°°°°°°°°g°°°°°°°°°x°°°g°°°°°°°°°°°°°°°°°°°°°°°°°'),
 ('pHh29',
  '°°°°°°°°°°°°°°°°°°p°°°°°°°°H°°°°°°°°°°°°°°°°2°°°°°°°9°°°°°°°°°°°°°°°°°°°°°°')]
'Epoch 31, train_loss=0.7475964553734554, valid_loss=0.9572686635214707'
[('IxAWH',
  '°°°°°°°°°°°°°°°°°°°°°°°x°°°°A°°°°°°°°°°°W°°°°°°°°°H°°°°°°°°°°°°°°°°°°°°°°°°'),
 ('gegw4',
  '°°°°°°°°°°°°°g°°°°°°°°e°°°°°°gg°°°°°°°°w°°°°°°°4°°°°°°°°°°°°°°°°°°°°°°°°°°°'),
 ('MW8nL',
  '°°°°°°°°°°°°N°°°°°°°°°°°°w°°°°°°°°°°°8°°°°°°°°°°N°°°°°°°°°D°°°°°°°°°°°°°°°°'),
 ('cRypd',
  '°°°°°°°°°°°°°°°°°°d°°°°°°°°p°°°°°°°°°°y°°°°°p°°°°°°°c°°°°°°°°°°°°°°°°°°°°°°'),
 ('WsFBI',
  '°°°°°°°°°°°°°°°°°°°°°°°°°°°°°°°°°ss°°°°°h°°°°°°°E°°°°°°°°°I°°°°°°°°°°°°°°°°')]
'Epoch 32, train_loss=0.7515377278090993, valid_loss=0.9571696988467513'
[('WleBA',
  '°°°°°°°°°°°°°°W°°°°°°°°°°°L°°°°°°°Ed°°°°°°B°°°°°°°°°°AA°°°°°°°°°°°°°°°°°°°°'),
 ('3IFpz',
  '°°°°°°°°°°°°°°°°33°°°°°°°°°°°°I°°°F°°°°°°°°°P°°°°°°°Z°°°°°°°°°°°°°°°°°°°°°°'),
 ('7hl5O',
  '°°°°°°°°°°°°°°°°°°7°°°°°°h°°°°°°°l°°°°°5°°°°°°O°°°°°°°°°°°°°°°°°°°°°°°°°°°°'),
 ('2hP1h',
  '°°°°°°°°°°°°°°2°°°°°°°°°h°°°°°°°°°°°°F°°°°°°°°°°1°°°h°°°°°°°°°°°°°°°°°°°°°°'),
 ('Az9Dy',
  '°°°°°°°°°°°°°°°°A°°°°°°°°°z°°°°°9°°°°°°D°°°°°°°°°°yy°°°°°°°°°°°°°°°°°°°°°°°')]
'Epoch 33, train_loss=0.7492316730538575, valid_loss=0.9535091307656518'
[('4jR79',
  '°°°°°°°°°°°°44°°°°°°°°°°°°°°j°°R°°°°°°°°°°°7°°°°°9°°°°°°°°°°°°°°°°°°°°°°°°°'),
 ('frZiB',
  '°°°°°°°°°°°°°°°°°°°°°°°°°f°°°n°°°°Z°°°°°°°i°E°°°°°°°°°°°°°°°°°°°°°°°°°°°°°°'),
 ('8y63f',
  '°°°°°°°°°°°°°8°°°°°°°°°°y°°°°°°6°°°°°°33°°°°°°°°f°°°°°°°°°°°°°°°°°°°°°°°°°°'),
 ('i1Rzh',
  '°°°°°°°°°°°°°°°°°°ii°°°°°°°1°°°R°°°°°°°°°zz°°°°h°°°°°°°°°°°°°°°°°°°°°°°°°°°'),
 ('ygKwW',
  '°°°°°°°°°°°y°°°°°°°g°°°°°°°°°°°°°°°°°°°°°°°°°°°°°°°°°°°°°°°°°°°°°°°°°°°°°°°')]
'Epoch 34, train_loss=0.7498828912001729, valid_loss=0.9563165315266313'
[('QhuBM',
  '°°°°°°°°°°°°°O°°°°°°°°°°°°h°°°°°°°°u°°°°°°°B°°°°°°°°°N°°°°°°°°°°°°°°°°°°°°°'),
 ('HL6hE',
  '°°°°°°°°°°°°°H°°°°°°°°L°°°°°°°°6°°°°°°°°°°°°°°°°°E°°°°°°°°°°°°°°°°°°°°°°°°°'),
 ('wMQsZ',
  '°°°°°°°°°°°°°V°°°°°°v°°°°M°°°°°v°°°1°°G°°°°°°°°s°°°°°Z°°°°°°°°°°°°°°°°°°°°°'),
 ('zP5cj',
  '°°°°°°°°°°°°°°°°°°°°°°°°°F°°°°°°°°3°°°°°°°°c°°°°°°°°°jj°°°°°°°°°°°°°°°°°°°°'),
 ('qwhxp',
  '°°°°°°°°°°°°°°°°°d°°°°°°°°°°w°°°°°°°°°°h°°°°°°°°°x°°°°p°°°°°°°°°°°°°°°°°°°°')]
'Epoch 35, train_loss=0.7484676976830272, valid_loss=0.9566990755755326'
[('ZbnVB',
  '°°°°°°°°°°°°°°°°°Z°°°°°°°b°°°°°°°°m°°°°°°°°°°°°V°°°°°B°°°°°°°°°°°°°°°°°°°°°'),
 ('I55bb',
  '°°°°°°°°°°°°°°°°°I°°°55°°°°jJ55°°°°°°°°°E°°°°°°°°°°B°°°°°°°°°°°°°°°°°°°°°°°'),
 ('8n5p3',
  '°°°°°°°°°°°°°8°°°°°°°n°°°°°°°55°°°°°p°°°°°°°3°°°°°°°°°°°°°°°°°°°°°°°°°°°°°°'),
 ('7ENbH',
  '°°°°°°°°°°°°°°°°A7°°°°°°B°°°°°°°°N°°°°°°°°b°°°°°°°°°°°°°°°°°°°°°°°°°°°°°°°°'),
 ('AcHja',
  '°°°°°°°°°°°°°°°°°°°°°A°°°°°°°°q°°°°°°H°°°°°°°°°°q°°°°°°°°°°°°°°°°°°°°°°°°°°')]
'Epoch 36, train_loss=0.7484529916604605, valid_loss=0.953816800076386'
[('nTYnf',
  '°°°°°°°°°°°°°°°m°°°°°°°°°°T°°°°°°°°Y°°°°°°°°°°°°m°°°f°°°°°°°°°°°°°°°°°°°°°°'),
 ('9QgYN',
  '°°°°°°°°°°°°9°°°°°°°°Q°°°°°°°°°°g°°°°°°°°°°°°Yy°°°°°°N°°°°°°°°°°°°°°°°°°°°°'),
 ('rJhJl',
  '°°°°°°°°°°°°°°°°°°°°°°3°°°J°°h°°°°°°°°°°J°°°°L°°°°°°°°°°°°°°°°°°°°°°°°°°°°°'),
 ('JyDPs',
  '°°°°°°°°°°°°°°°°°J°°°°°°°°y°°°°°°I°°°°°°°°°°°°P°°°°°°°°s°°°°°°°°°°°°°°°°°°°'),
 ('AfqUx',
  '°°°°°°°°°°°°°°°AA°°°°°°°°°°F°°°°d°°°°°°°°U°°°°°°J°°°°°°°°x°°°°°°°°°°°°°°°°°')]
'Epoch 37, train_loss=0.7482217077297864, valid_loss=0.9538640663541597'
[('B37lm',
  '°°°°°°°°°°°°°°°°°°°B°°°°°°°33°°°°°°°°77°°°°l°n°°°°°°°°°°°°°°°°°°°°°°°°°°°°°'),
 ('mdWDZ',
  '°°°°°°°°°N°°°°°°°°°°°D°°°°°°°°°°°°°°w°°°°°A°°°°°°D°°°°°°°°°Z°°°°°°°°°°°°°°°'),
 ('bSNfe',
  '°°°°°°°°°°°°°°°b°°°°°°°s°°°°°°°°N°°°°°°°°°°°e°°°°°°°E°°°°°°°°°°°°°°°°°°°°°°'),
 ('9yLtg',
  '°°°°°°°°°°°°°°°°°99°°°°°°°°°y°°°°L°°°°°°°t°°°°g°°°°°°°°°°°°°°°°°°°°°°°°°°°°'),
 ('8GRww',
  '°°°°°°°°°°88°°°°°°C°°°°°°°°°°R°°°°°°°°°°w°°°°V°°°°°°°°°°w°°°°V°°°°°°°°°°°°°')]
'Epoch 38, train_loss=0.7502354497810357, valid_loss=0.9564450590774931'
[('5yQAs',
  '°°°°°°°°°°°°°°°°°°°°Z°°°°°°°°yy°°°°O°°°°°°°°A°°°°°°°°ss°°°°°°°°°°°°°°°°°°°°'),
 ('FSejJ',
  '°°°°°°°°°°°°°°°°°°°F°°°°°°°°°°°°°°°°D°°°°°°°°°°°°°°°°°°°°°°°°°°°°°°°°°°°°°°'),
 ('5ZTs8',
  '°°°°°°°°°°°°°°5°°°°°°°z°°°°°°°°°°°°T°°°°S°°°°°°°°°°°°88°°°°°°°°°°°°°°°°°°°°'),
 ('Hcag1',
  '°°°°°°°°°°°°°°°°°°°°H°°°°°°°°°q°°°°°d°°°°°°°g°°°°°°°T°°°°°°°°°°°°°°°°°°°°°°'),
 ('XbLxE',
  '°°°°°°°°°°°°°°°°°°X°°°°°°°°b°°°°°°°°°°L°°°°°°°°°°°x°°°°°°E°°°°°°°°°°°°°°°°°')]
'Epoch 39, train_loss=0.7516875411907586, valid_loss=0.9556916382806054'
[('PGz1T',
  '°°°°°°°°°°°°°°°°P°°°°°°C°°°°°°°°°°z°°°°°°°°D°°°°°°°T°°°°°°°°°°°°°°°°°°°°°°°'),
 ('x8p65',
  '°°°°°°°°°°°°°°°°°°x°°°°88°°°°°°°pp°°°°°°°C°°°°°°°°°°55°°°°°°°°°°°°°°°°°°°°°'),
 ('88y52',
  '°°°°°°°°°°°°°8°°°°°°°88°°°°°°°°°yy°°°°°5°°°°°°2°°°°°°°°°°°°°°°°°°°°°°°°°°°°'),
 ('3A8EC',
  '°°°°°°°°°°°33°°°°°°°°°°°°°°°°°°°°°°°°°°°3°°°E°°°°°°°°°C°°°°°°°°°°°°°°°°°°°°'),
 ('fcW6d',
  '°°°°°°°°°°°°°°°°f°°°°°°c°°°°°°°°°°W°°°°°V°°°°°°C6°°°°°d°°°°°°°°°°°°°°°°°°°°')]
'Epoch 40, train_loss=0.748689262612575, valid_loss=0.9571396015841386'
[('urC6Y',
  '°°°°°°°°°°°°°°°u°°°°°°°°°°°r°°°°6°°°°°°°°°°°66°°°°°°°°°Y°°°°°°°°°°°°°°°°°°°'),
 ('liMDv',
  '°°°°°°°°°°°°L°°°°°°°°°°°D°°°°°N°°°°°°°°°°°°D°°°°°°°°°°°°°°°°°°°°°°°°°°°°°°°'),
 ('bFMUI',
  '°°°°°°°°°°°°°°°°°°b°°°°°F°°°°°°°°M°°°°°°°°°°U°°°°°J°l°°°°°°°°°°°°°°°°°°°°°°'),
 ('TEDpk',
  '°°°°°°°°°°°°°°°°°°T°°°°°°°°°E°°°°°°°°E°°°°°°°°°°pp°°°°°°°°°k°°°°°°°°°°°°°°°'),
 ('uFgxg',
  '°°°°°°°°°°°°°°°°°°u°°°°°°°F°°°°°°°°g°°°°°°°°°x°°°g°°°°°°°°°°°°°°°°°°°°°°°°°')]
'Epoch 41, train_loss=0.7482056122485589, valid_loss=0.9546730974624897'
[('duERC',
  '°°°°°°°°°°°°D°°°°°°°°°°U°°°°°°°°E°°°°°°°°r°°°°°°°°g°°°°°°°°°°°°°°°°°°°°°°°°'),
 ('PQHe4',
  '°°°°°°°°°°°°°D°°°°°°°°°Q°°°°°°°°°°°°°°H°°°°°°°°°°e°°°°°°44°°°1°°°°°°°°°°°°°'),
 ('gjEfy',
  '°°°°°°°°°°°°°°°°°°°°g°°°°°°°°jj°°°°°B°°°°°°°°°f°°°°°°°yy°°°°°°°°°°°°°°°°°°°'),
 ('jnKW3',
  '°°°°°°°°°°°°°°°°°°°°j°n°°°°°°°°K°°°°°°°w°°°°°°°°°33°°°°°°°°°°°°°°°°°°°°°°°°'),
 ('e5F48',
  '°°°°°°°°°°°°°°°°°°B°°°°°°5°°°°°°°P°°°°°°4°°°°°°°8°°°°°°°°°°°°°°°°°°°°°°°°°°')]
'Epoch 42, train_loss=0.7496993756854479, valid_loss=0.9530477688230318'
[('3Vq4C',
  '°°°°°°°°°°°°°°°°°3°°°°°°°°°°V°°°°°d°°°°°°4°°°°°°°Q°°°°°°°°°°°°°°°°°°°°°°°°°'),
 ('IF1mV',
  '°°°°°°°°°°°°°°°°°°°°°H°°°°°°°°°m°°m°°°°°°°°°°°°°°°°°V°°°°°°°°°°°°°°°°°°°°°°'),
 ('2NnVW',
  '°°°°°°°°°°°°°°°°2°°°°°°°°M°°°°°°°°r°°°°°°°°°V°°°°°°°W°°°°°°°°°°°°°°°°°°°°°°'),
 ('dxxDP',
  '°°°°°°°°°°°°°°°°°e°°°°°°°°°°°°°°°°°°°°°°°°°B°°°°°°°°°°E°°°°°°°°°°°°°°°°°°°°'),
 ('2lznb',
  '°°°°°°°°°°°°°°°°°°°°°°°2°°°°°°°°°z°°°°°°°°°°°°b°°°°°°°°°°°°°°°°°°°°°°°°°°°°')]
'Epoch 43, train_loss=0.7479188139844565, valid_loss=0.9539698995392898'
[('y3OWh',
  '°°°°°°°°°°°°°°°°°y°°°°°°°3°°°°°°°O°°°°°°°°°°°W°°°°°°°°°°°h°°°°°°°°°°°°°°°°°'),
 ('yQByM',
  '°°°°°°°°°°°°°y°°°°°Q°°°°°°°°°°°°E°°°°°°°°°°°y°°°°°°N°°°°°°V°°°°°°°°°°°°°°°°'),
 ('7FdWi',
  '°°°°°°°°°°°°°°°°°7°°°°°°°°°°°°c°°°°°°°°°°°°°°°°°°°°v°°°°°°°°i°°°°°°°°°°°°°°'),
 ('HFObp',
  '°°°°°°°°°°°°°°°°H°°°°°°°F°°°°°°°O°°°°°°°°°b°°°°°°p°°°°°°°°°°°°°°°°°°°°°°°°°'),
 ('UEd8j',
  '°°°°°°°°°°°°°°°°°°°U°°°°°°°°B°°°°°°ec°°°°°°°°8S°°°°°°°°j°°°°°°°°°°°°°°°°°°°')]
'Epoch 44, train_loss=0.7475623589910234, valid_loss=0.9556914134272214'
[('Xq8nf',
  '°°°°°°°°°°°°°°°°°°X°°°°°°°c°°°°°°°°°°°88°°°°°°°NM°°°°°F°°°°°°°°°°°°°°°°°°°°'),
 ('hqQVt',
  '°°°°°°°°°°°°h°°°°°°°°°°°d°°°°°°°°9°°°°°°°°°°°°°°°°°°V°°°°°°°t°°°°°°°°°°°°°°'),
 ('yRM2R',
  '°°°°°°°°°°°°°°°°°°°°°°°°R°°°°°°°°°M°°°°°°°°°°°°2°°°°°°°R°°°°°°°°°°°°°°°°°°°'),
 ('liMDv',
  '°°°°°°°°°°°°L°°°°°°°°°°°D°°°°°N°°°°°°°°°°°°D°°°°°°°°°°°°°°°°°°°°°°°°°°°°°°°'),
 ('6SLdH',
  '°°°°°°°°°°6°°°°°°°°°S°°°°°°°°°°°°°°L°°°°°°°d°°°°°°°°°°°H°°°°°°°°°°°°°°°°°°°')]
'Epoch 45, train_loss=0.7473078874070398, valid_loss=0.9555443993930159'
[('IRwSy',
  '°°°°°°°°°°°°°°°°°°I°°°°°P°°°°°°°°w°°°°°°°°S°°°°°°°°°yy°°°°°°°°°°°°°°°°°°°°°'),
 ('Ocr3s',
  '°°°°°°°°°°°°°°°°°°°O°°°°°°°°°e°°°°°°°r°°°°3°°°°°ss°°°°°°°°°°°°°°°°°°°°°°°°°'),
 ('yzPbX',
  '°°°°°°°°°°°°°°°°Y°°°°°°°°z°°°°°°°°RF°°°°°°E°°°°°°°°°°°°°X°°°°°°°°°°°°°°°°°°'),
 ('WdE5T',
  '°°°°°°°°°°°°°°°W°°°°°°V°°°°°°d°°°°°l°°°°E°°°°°°°°°5°°°°°°°°°°T°°°°°°°°°°°°°'),
 ('DSzIG',
  '°°°°°°°°°°°°°°°°D°°°°°°°SS°°°°°°°°°z°°°°°°°°O°°°°°°°°°°°°°°°°°°°°°°°°°°°°°°')]
'Epoch 46, train_loss=0.7465288140832551, valid_loss=0.9582007438972079'
[('8XUhZ',
  '°°°°°°°°°°°88°°°°°°°°°X°°°°°°°°U°°°°°°°°°°°°°°K°°°°°°°°°°Z°°°°°°°°°°°°°°°°°'),
 ('pHh29',
  '°°°°°°°°°°°°°°°°°°p°°°°°°°°H°°°°°°°°°°°°°°°°2°°°°°°°9°°°°°°°°°°°°°°°°°°°°°°'),
 ('WHxZh',
  '°°°°°°°°°°°°°°°°W°°°°°°°°°°°H°°°°°°°°°°°°x°°°°°Z°°°°°°°H°°°°°°°°°°°°°°°°°°°'),
 ('cRypd',
  '°°°°°°°°°°°°°°°°°°d°°°°°°°°p°°°°°°°°°°y°°°°°p°°°°°°°c°°°°°°°°°°°°°°°°°°°°°°'),
 ('ZGtug',
  '°°°°°°°°°°°°°°°°°Z°°°°°°°Q°°°°°°°°°°°°tt°°°°u°°°°°°°°g°°°°°°°°°°°°°°°°°°°°°')]
'Epoch 47, train_loss=0.7471023867328656, valid_loss=0.9541449485153988'
[('IRwSy',
  '°°°°°°°°°°°°°°°°°°I°°°°°P°°°°°°°°w°°°°°°°°S°°°°°°°°°yy°°°°°°°°°°°°°°°°°°°°°'),
 ('jUsz8',
  '°°°°°°°°°°°°°°°°°°J°°U°°°°°°J°s°°°°°°°°°Z°°°°°°°°°88°°°°°°°°°°°°°°°°°°°°°°°'),
 ('Gy8nJ',
  '°°°°°°°°°°°°°°°G°°°°°°°°°°°°Y°°°°°°°88°°°°°°°N°°°°°°°°°°°°°JJ°°°°°°°°°°°°°°'),
 ('PGz1T',
  '°°°°°°°°°°°°°°°°P°°°°°°C°°°°°°°°°°z°°°°°°°°D°°°°°°°T°°°°°°°°°°°°°°°°°°°°°°°'),
 ('T7ECY',
  '°°°°°°°°°°°°°T°°°°°°°°°°°77°°°°°°B°°°°°°°°°Q°°°°°°°°°°°Y°°°°°°°°°°°°°°°°°°°')]
'Epoch 48, train_loss=0.7492095291706373, valid_loss=0.9553209177378951'
